{"/Users/radu/Programming/eox/cypress-realworld-app/src/index.tsx": {"path":"/Users/radu/Programming/eox/cypress-realworld-app/src/index.tsx","statementMap":{"0":{"start":{"line":9,"column":14},"end":{"line":47,"column":null}},"1":{"start":{"line":49,"column":13},"end":{"line":49,"column":null}},"2":{"start":{"line":51,"column":0},"end":{"line":59,"column":null}}},"fnMap":{},"branchMap":{},"s":{"0":103,"1":103,"2":103},"f":{},"b":{}}
,"/Users/radu/Programming/eox/cypress-realworld-app/src/components/AlertBar.tsx": {"path":"/Users/radu/Programming/eox/cypress-realworld-app/src/components/AlertBar.tsx","statementMap":{"0":{"start":{"line":1,"column":25},"end":{"line":1,"column":null}},"1":{"start":{"line":24,"column":34},"end":{"line":43,"column":2}},"2":{"start":{"line":24,"column":59},"end":{"line":24,"column":null}},"3":{"start":{"line":25,"column":26},"end":{"line":25,"column":null}},"4":{"start":{"line":27,"column":2},"end":{"line":41,"column":null}},"5":{"start":{"line":43,"column":2},"end":{"line":25,"column":35}},"6":{"start":{"line":24,"column":31},"end":{"line":25,"column":35}},"7":{"start":{"line":25,"column":34},"end":{"line":24,"column":31}},"8":{"start":{"line":45,"column":24},"end":{"line":45,"column":null}}},"fnMap":{"0":{"name":"(anonymous_0)","decl":{"start":{"line":1,"column":25},"end":{"line":1,"column":null}},"loc":{"start":{"line":1,"column":25},"end":{"line":1,"column":null}}},"1":{"name":"(anonymous_1)","decl":{"start":{"line":24,"column":34},"end":{"line":24,"column":35}},"loc":{"start":{"line":24,"column":59},"end":{"line":43,"column":2}}},"2":{"name":"(anonymous_2)","decl":{"start":{"line":24,"column":31},"end":{"line":24,"column":34}},"loc":{"start":{"line":24,"column":31},"end":{"line":25,"column":35}}}},"branchMap":{"0":{"loc":{"start":{"line":1,"column":25},"end":{"line":1,"column":null}},"type":"binary-expr","locations":[{"start":{"line":1,"column":25},"end":{"line":1,"column":null}},{"start":{"line":1,"column":25},"end":{"line":1,"column":null}}]},"1":{"loc":{"start":{"line":1,"column":25},"end":{"line":1,"column":null}},"type":"if","locations":[{"start":{"line":1,"column":25},"end":{"line":1,"column":null}}]}},"s":{"0":927,"1":103,"2":649,"3":649,"4":649,"5":103,"6":103,"7":103,"8":103},"f":{"0":103,"1":649,"2":103},"b":{"0":[206,103],"1":[103]}}
,"/Users/radu/Programming/eox/cypress-realworld-app/src/components/BankAccountForm.tsx": {"path":"/Users/radu/Programming/eox/cypress-realworld-app/src/components/BankAccountForm.tsx","statementMap":{"0":{"start":{"line":1,"column":25},"end":{"line":1,"column":null}},"1":{"start":{"line":9,"column":25},"end":{"line":18,"column":null}},"2":{"start":{"line":20,"column":15},"end":{"line":20,"column":null}},"3":{"start":{"line":22,"column":16},"end":{"line":26,"column":null}},"4":{"start":{"line":28,"column":21},"end":{"line":44,"column":4}},"5":{"start":{"line":28,"column":52},"end":{"line":44,"column":2}},"6":{"start":{"line":44,"column":4},"end":{"line":28,"column":21}},"7":{"start":{"line":52,"column":56},"end":{"line":158,"column":2}},"8":{"start":{"line":56,"column":6},"end":{"line":56,"column":null}},"9":{"start":{"line":57,"column":18},"end":{"line":57,"column":null}},"10":{"start":{"line":59,"column":44},"end":{"line":64,"column":null}},"11":{"start":{"line":66,"column":2},"end":{"line":156,"column":null}},"12":{"start":{"line":71,"column":8},"end":{"line":71,"column":null}},"13":{"start":{"line":73,"column":8},"end":{"line":73,"column":null}},"14":{"start":{"line":75,"column":8},"end":{"line":77,"column":null}},"15":{"start":{"line":76,"column":10},"end":{"line":76,"column":null}},"16":{"start":{"line":81,"column":8},"end":{"line":154,"column":null}},"17":{"start":{"line":84,"column":14},"end":{"line":95,"column":null}},"18":{"start":{"line":101,"column":14},"end":{"line":112,"column":null}},"19":{"start":{"line":118,"column":14},"end":{"line":129,"column":null}},"20":{"start":{"line":158,"column":2},"end":{"line":57,"column":29}},"21":{"start":{"line":52,"column":53},"end":{"line":57,"column":29}},"22":{"start":{"line":57,"column":28},"end":{"line":52,"column":53}},"23":{"start":{"line":160,"column":31},"end":{"line":160,"column":null}}},"fnMap":{"0":{"name":"(anonymous_0)","decl":{"start":{"line":1,"column":25},"end":{"line":1,"column":null}},"loc":{"start":{"line":1,"column":25},"end":{"line":1,"column":null}}},"1":{"name":"(anonymous_1)","decl":{"start":{"line":28,"column":36},"end":{"line":28,"column":37}},"loc":{"start":{"line":28,"column":52},"end":{"line":44,"column":2}}},"2":{"name":"(anonymous_2)","decl":{"start":{"line":52,"column":56},"end":{"line":52,"column":57}},"loc":{"start":{"line":56,"column":6},"end":{"line":158,"column":2}}},"3":{"name":"(anonymous_3)","decl":{"start":{"line":70,"column":16},"end":{"line":70,"column":17}},"loc":{"start":{"line":70,"column":47},"end":{"line":78,"column":null}}},"4":{"name":"(anonymous_4)","decl":{"start":{"line":80,"column":7},"end":{"line":80,"column":8}},"loc":{"start":{"line":81,"column":8},"end":{"line":154,"column":null}}},"5":{"name":"(anonymous_5)","decl":{"start":{"line":83,"column":13},"end":{"line":83,"column":14}},"loc":{"start":{"line":84,"column":14},"end":{"line":95,"column":null}}},"6":{"name":"(anonymous_6)","decl":{"start":{"line":100,"column":13},"end":{"line":100,"column":14}},"loc":{"start":{"line":101,"column":14},"end":{"line":112,"column":null}}},"7":{"name":"(anonymous_7)","decl":{"start":{"line":117,"column":13},"end":{"line":117,"column":14}},"loc":{"start":{"line":118,"column":14},"end":{"line":129,"column":null}}},"8":{"name":"(anonymous_8)","decl":{"start":{"line":52,"column":53},"end":{"line":52,"column":56}},"loc":{"start":{"line":52,"column":53},"end":{"line":57,"column":29}}}},"branchMap":{"0":{"loc":{"start":{"line":1,"column":25},"end":{"line":1,"column":null}},"type":"binary-expr","locations":[{"start":{"line":1,"column":25},"end":{"line":1,"column":null}},{"start":{"line":1,"column":25},"end":{"line":1,"column":null}}]},"1":{"loc":{"start":{"line":1,"column":25},"end":{"line":1,"column":null}},"type":"if","locations":[{"start":{"line":1,"column":25},"end":{"line":1,"column":null}}]},"2":{"loc":{"start":{"line":75,"column":8},"end":{"line":77,"column":null}},"type":"if","locations":[{"start":{"line":75,"column":8},"end":{"line":77,"column":null}}]},"3":{"loc":{"start":{"line":93,"column":16},"end":{"line":93,"column":null}},"type":"binary-expr","locations":[{"start":{"line":93,"column":24},"end":{"line":93,"column":35}},{"start":{"line":93,"column":35},"end":{"line":93,"column":62}},{"start":{"line":93,"column":62},"end":{"line":93,"column":null}}]},"4":{"loc":{"start":{"line":94,"column":28},"end":{"line":94,"column":null}},"type":"cond-expr","locations":[{"start":{"line":94,"column":64},"end":{"line":94,"column":72}},{"start":{"line":94,"column":72},"end":{"line":94,"column":null}}]},"5":{"loc":{"start":{"line":94,"column":28},"end":{"line":94,"column":64}},"type":"binary-expr","locations":[{"start":{"line":94,"column":28},"end":{"line":94,"column":39}},{"start":{"line":94,"column":39},"end":{"line":94,"column":64}}]},"6":{"loc":{"start":{"line":110,"column":16},"end":{"line":110,"column":null}},"type":"binary-expr","locations":[{"start":{"line":110,"column":24},"end":{"line":110,"column":35}},{"start":{"line":110,"column":35},"end":{"line":110,"column":62}},{"start":{"line":110,"column":62},"end":{"line":110,"column":null}}]},"7":{"loc":{"start":{"line":111,"column":28},"end":{"line":111,"column":null}},"type":"cond-expr","locations":[{"start":{"line":111,"column":64},"end":{"line":111,"column":72}},{"start":{"line":111,"column":72},"end":{"line":111,"column":null}}]},"8":{"loc":{"start":{"line":111,"column":28},"end":{"line":111,"column":64}},"type":"binary-expr","locations":[{"start":{"line":111,"column":28},"end":{"line":111,"column":39}},{"start":{"line":111,"column":39},"end":{"line":111,"column":64}}]},"9":{"loc":{"start":{"line":127,"column":16},"end":{"line":127,"column":null}},"type":"binary-expr","locations":[{"start":{"line":127,"column":24},"end":{"line":127,"column":35}},{"start":{"line":127,"column":35},"end":{"line":127,"column":62}},{"start":{"line":127,"column":62},"end":{"line":127,"column":null}}]},"10":{"loc":{"start":{"line":128,"column":28},"end":{"line":128,"column":null}},"type":"cond-expr","locations":[{"start":{"line":128,"column":64},"end":{"line":128,"column":72}},{"start":{"line":128,"column":72},"end":{"line":128,"column":null}}]},"11":{"loc":{"start":{"line":128,"column":28},"end":{"line":128,"column":64}},"type":"binary-expr","locations":[{"start":{"line":128,"column":28},"end":{"line":128,"column":39}},{"start":{"line":128,"column":39},"end":{"line":128,"column":64}}]},"12":{"loc":{"start":{"line":148,"column":26},"end":{"line":148,"column":51}},"type":"binary-expr","locations":[{"start":{"line":148,"column":26},"end":{"line":148,"column":38}},{"start":{"line":148,"column":38},"end":{"line":148,"column":51}}]}},"s":{"0":1030,"1":103,"2":103,"3":103,"4":103,"5":5,"6":103,"7":103,"8":5,"9":5,"10":5,"11":5,"12":2,"13":2,"14":2,"15":1,"16":295,"17":295,"18":295,"19":295,"20":103,"21":3,"22":103,"23":206},"f":{"0":206,"1":5,"2":5,"3":2,"4":295,"5":295,"6":295,"7":295,"8":3},"b":{"0":[206,103],"1":[103],"2":[1],"3":[295,64,289],"4":[289,6],"5":[295,64],"6":[295,132,199],"7":[199,96],"8":[295,132],"9":[295,172,159],"10":[159,136],"11":[295,172],"12":[295,12]}}
,"/Users/radu/Programming/eox/cypress-realworld-app/src/components/BankAccountItem.tsx": {"path":"/Users/radu/Programming/eox/cypress-realworld-app/src/components/BankAccountItem.tsx","statementMap":{"0":{"start":{"line":1,"column":25},"end":{"line":1,"column":null}},"1":{"start":{"line":11,"column":64},"end":{"line":41,"column":2}},"2":{"start":{"line":15,"column":2},"end":{"line":39,"column":null}},"3":{"start":{"line":31,"column":16},"end":{"line":31,"column":null}},"4":{"start":{"line":41,"column":2},"end":{"line":11,"column":64}},"5":{"start":{"line":43,"column":35},"end":{"line":43,"column":null}}},"fnMap":{"0":{"name":"(anonymous_0)","decl":{"start":{"line":1,"column":25},"end":{"line":1,"column":null}},"loc":{"start":{"line":1,"column":25},"end":{"line":1,"column":null}}},"1":{"name":"(anonymous_1)","decl":{"start":{"line":11,"column":64},"end":{"line":11,"column":65}},"loc":{"start":{"line":14,"column":6},"end":{"line":41,"column":2}}},"2":{"name":"(anonymous_2)","decl":{"start":{"line":30,"column":23},"end":{"line":30,"column":29}},"loc":{"start":{"line":30,"column":29},"end":{"line":32,"column":16}}}},"branchMap":{"0":{"loc":{"start":{"line":1,"column":25},"end":{"line":1,"column":null}},"type":"binary-expr","locations":[{"start":{"line":1,"column":25},"end":{"line":1,"column":null}},{"start":{"line":1,"column":25},"end":{"line":1,"column":null}}]},"1":{"loc":{"start":{"line":1,"column":25},"end":{"line":1,"column":null}},"type":"if","locations":[{"start":{"line":1,"column":25},"end":{"line":1,"column":null}}]},"2":{"loc":{"start":{"line":20,"column":36},"end":{"line":20,"column":null}},"type":"cond-expr","locations":[{"start":{"line":20,"column":60},"end":{"line":20,"column":74}},{"start":{"line":20,"column":74},"end":{"line":20,"column":null}}]},"3":{"loc":{"start":{"line":23,"column":9},"end":{"line":36,"column":null}},"type":"binary-expr","locations":[{"start":{"line":23,"column":9},"end":{"line":23,"column":null}},{"start":{"line":24,"column":10},"end":{"line":36,"column":null}}]}},"s":{"0":824,"1":103,"2":11,"3":1,"4":103,"5":103},"f":{"0":103,"1":11,"2":1},"b":{"0":[206,103],"1":[103],"2":[1,10],"3":[11,10]}}
,"/Users/radu/Programming/eox/cypress-realworld-app/src/components/BankAccountList.tsx": {"path":"/Users/radu/Programming/eox/cypress-realworld-app/src/components/BankAccountList.tsx","statementMap":{"0":{"start":{"line":1,"column":25},"end":{"line":1,"column":null}},"1":{"start":{"line":13,"column":56},"end":{"line":31,"column":2}},"2":{"start":{"line":14,"column":2},"end":{"line":29,"column":null}},"3":{"start":{"line":19,"column":12},"end":{"line":22,"column":null}},"4":{"start":{"line":31,"column":2},"end":{"line":13,"column":56}},"5":{"start":{"line":33,"column":31},"end":{"line":33,"column":null}}},"fnMap":{"0":{"name":"(anonymous_0)","decl":{"start":{"line":1,"column":25},"end":{"line":1,"column":null}},"loc":{"start":{"line":1,"column":25},"end":{"line":1,"column":null}}},"1":{"name":"(anonymous_1)","decl":{"start":{"line":13,"column":56},"end":{"line":13,"column":57}},"loc":{"start":{"line":13,"column":97},"end":{"line":31,"column":2}}},"2":{"name":"(anonymous_2)","decl":{"start":{"line":18,"column":28},"end":{"line":18,"column":29}},"loc":{"start":{"line":19,"column":12},"end":{"line":22,"column":null}}}},"branchMap":{"0":{"loc":{"start":{"line":1,"column":25},"end":{"line":1,"column":null}},"type":"binary-expr","locations":[{"start":{"line":1,"column":25},"end":{"line":1,"column":null}},{"start":{"line":1,"column":25},"end":{"line":1,"column":null}}]},"1":{"loc":{"start":{"line":1,"column":25},"end":{"line":1,"column":null}},"type":"if","locations":[{"start":{"line":1,"column":25},"end":{"line":1,"column":null}}]},"2":{"loc":{"start":{"line":16,"column":7},"end":{"line":27,"column":null}},"type":"cond-expr","locations":[{"start":{"line":17,"column":8},"end":{"line":25,"column":null}},{"start":{"line":27,"column":8},"end":{"line":27,"column":null}}]}},"s":{"0":824,"1":103,"2":20,"3":11,"4":103,"5":103},"f":{"0":103,"1":20,"2":11},"b":{"0":[206,103],"1":[103],"2":[10,10]}}
,"/Users/radu/Programming/eox/cypress-realworld-app/src/components/CommentForm.tsx": {"path":"/Users/radu/Programming/eox/cypress-realworld-app/src/components/CommentForm.tsx","statementMap":{"0":{"start":{"line":1,"column":25},"end":{"line":1,"column":null}},"1":{"start":{"line":7,"column":25},"end":{"line":9,"column":null}},"2":{"start":{"line":11,"column":15},"end":{"line":11,"column":null}},"3":{"start":{"line":13,"column":16},"end":{"line":16,"column":null}},"4":{"start":{"line":18,"column":13},"end":{"line":30,"column":4}},"5":{"start":{"line":18,"column":43},"end":{"line":30,"column":2}},"6":{"start":{"line":30,"column":4},"end":{"line":18,"column":13}},"7":{"start":{"line":37,"column":48},"end":{"line":73,"column":2}},"8":{"start":{"line":38,"column":24},"end":{"line":38,"column":null}},"9":{"start":{"line":40,"column":2},"end":{"line":71,"column":null}},"10":{"start":{"line":46,"column":10},"end":{"line":46,"column":null}},"11":{"start":{"line":47,"column":10},"end":{"line":47,"column":null}},"12":{"start":{"line":51,"column":10},"end":{"line":68,"column":null}},"13":{"start":{"line":54,"column":16},"end":{"line":64,"column":null}},"14":{"start":{"line":73,"column":2},"end":{"line":37,"column":48}},"15":{"start":{"line":75,"column":27},"end":{"line":75,"column":null}}},"fnMap":{"0":{"name":"(anonymous_0)","decl":{"start":{"line":1,"column":25},"end":{"line":1,"column":null}},"loc":{"start":{"line":1,"column":25},"end":{"line":1,"column":null}}},"1":{"name":"(anonymous_1)","decl":{"start":{"line":18,"column":27},"end":{"line":18,"column":28}},"loc":{"start":{"line":18,"column":43},"end":{"line":30,"column":2}}},"2":{"name":"(anonymous_2)","decl":{"start":{"line":37,"column":48},"end":{"line":37,"column":49}},"loc":{"start":{"line":37,"column":91},"end":{"line":73,"column":2}}},"3":{"name":"(anonymous_3)","decl":{"start":{"line":45,"column":18},"end":{"line":45,"column":19}},"loc":{"start":{"line":45,"column":49},"end":{"line":48,"column":null}}},"4":{"name":"(anonymous_4)","decl":{"start":{"line":50,"column":9},"end":{"line":50,"column":null}},"loc":{"start":{"line":51,"column":10},"end":{"line":68,"column":null}}},"5":{"name":"(anonymous_5)","decl":{"start":{"line":53,"column":15},"end":{"line":53,"column":16}},"loc":{"start":{"line":54,"column":16},"end":{"line":64,"column":null}}}},"branchMap":{"0":{"loc":{"start":{"line":1,"column":25},"end":{"line":1,"column":null}},"type":"binary-expr","locations":[{"start":{"line":1,"column":25},"end":{"line":1,"column":null}},{"start":{"line":1,"column":25},"end":{"line":1,"column":null}}]},"1":{"loc":{"start":{"line":1,"column":25},"end":{"line":1,"column":null}},"type":"if","locations":[{"start":{"line":1,"column":25},"end":{"line":1,"column":null}}]},"2":{"loc":{"start":{"line":62,"column":25},"end":{"line":62,"column":null}},"type":"binary-expr","locations":[{"start":{"line":62,"column":25},"end":{"line":62,"column":41}},{"start":{"line":62,"column":41},"end":{"line":62,"column":null}}]},"3":{"loc":{"start":{"line":63,"column":30},"end":{"line":63,"column":null}},"type":"cond-expr","locations":[{"start":{"line":63,"column":45},"end":{"line":63,"column":58}},{"start":{"line":63,"column":58},"end":{"line":63,"column":null}}]}},"s":{"0":927,"1":103,"2":103,"3":103,"4":103,"5":38,"6":103,"7":103,"8":38,"9":38,"10":4,"11":4,"12":126,"13":126,"14":103,"15":206},"f":{"0":206,"1":38,"2":38,"3":4,"4":126,"5":126},"b":{"0":[206,103],"1":[103],"2":[126,4],"3":[4,122]}}
,"/Users/radu/Programming/eox/cypress-realworld-app/src/components/CommentList.tsx": {"path":"/Users/radu/Programming/eox/cypress-realworld-app/src/components/CommentList.tsx","statementMap":{"0":{"start":{"line":1,"column":25},"end":{"line":1,"column":null}},"1":{"start":{"line":11,"column":50},"end":{"line":18,"column":2}},"2":{"start":{"line":12,"column":2},"end":{"line":16,"column":null}},"3":{"start":{"line":15,"column":43},"end":{"line":15,"column":97}},"4":{"start":{"line":18,"column":2},"end":{"line":11,"column":50}},"5":{"start":{"line":20,"column":28},"end":{"line":20,"column":null}}},"fnMap":{"0":{"name":"(anonymous_0)","decl":{"start":{"line":1,"column":25},"end":{"line":1,"column":null}},"loc":{"start":{"line":1,"column":25},"end":{"line":1,"column":null}}},"1":{"name":"(anonymous_1)","decl":{"start":{"line":11,"column":50},"end":{"line":11,"column":51}},"loc":{"start":{"line":11,"column":68},"end":{"line":18,"column":2}}},"2":{"name":"(anonymous_2)","decl":{"start":{"line":15,"column":21},"end":{"line":15,"column":22}},"loc":{"start":{"line":15,"column":43},"end":{"line":15,"column":97}}}},"branchMap":{"0":{"loc":{"start":{"line":1,"column":25},"end":{"line":1,"column":null}},"type":"binary-expr","locations":[{"start":{"line":1,"column":25},"end":{"line":1,"column":null}},{"start":{"line":1,"column":25},"end":{"line":1,"column":null}}]},"1":{"loc":{"start":{"line":1,"column":25},"end":{"line":1,"column":null}},"type":"if","locations":[{"start":{"line":1,"column":25},"end":{"line":1,"column":null}}]},"2":{"loc":{"start":{"line":14,"column":7},"end":{"line":15,"column":null}},"type":"binary-expr","locations":[{"start":{"line":14,"column":7},"end":{"line":14,"column":null}},{"start":{"line":15,"column":8},"end":{"line":15,"column":null}}]}},"s":{"0":824,"1":103,"2":4,"3":5,"4":103,"5":103},"f":{"0":103,"1":4,"2":5},"b":{"0":[206,103],"1":[103],"2":[4,4]}}
,"/Users/radu/Programming/eox/cypress-realworld-app/src/components/CommentListItem.tsx": {"path":"/Users/radu/Programming/eox/cypress-realworld-app/src/components/CommentListItem.tsx","statementMap":{"0":{"start":{"line":1,"column":25},"end":{"line":1,"column":null}},"1":{"start":{"line":10,"column":56},"end":{"line":16,"column":2}},"2":{"start":{"line":11,"column":2},"end":{"line":14,"column":null}},"3":{"start":{"line":16,"column":2},"end":{"line":10,"column":56}},"4":{"start":{"line":18,"column":31},"end":{"line":18,"column":null}}},"fnMap":{"0":{"name":"(anonymous_0)","decl":{"start":{"line":1,"column":25},"end":{"line":1,"column":null}},"loc":{"start":{"line":1,"column":25},"end":{"line":1,"column":null}}},"1":{"name":"(anonymous_1)","decl":{"start":{"line":10,"column":56},"end":{"line":10,"column":57}},"loc":{"start":{"line":10,"column":73},"end":{"line":16,"column":2}}}},"branchMap":{"0":{"loc":{"start":{"line":1,"column":25},"end":{"line":1,"column":null}},"type":"binary-expr","locations":[{"start":{"line":1,"column":25},"end":{"line":1,"column":null}},{"start":{"line":1,"column":25},"end":{"line":1,"column":null}}]},"1":{"loc":{"start":{"line":1,"column":25},"end":{"line":1,"column":null}},"type":"if","locations":[{"start":{"line":1,"column":25},"end":{"line":1,"column":null}}]}},"s":{"0":824,"1":103,"2":5,"3":103,"4":103},"f":{"0":103,"1":5},"b":{"0":[206,103],"1":[103]}}
,"/Users/radu/Programming/eox/cypress-realworld-app/src/components/EmptyList.tsx": {"path":"/Users/radu/Programming/eox/cypress-realworld-app/src/components/EmptyList.tsx","statementMap":{"0":{"start":{"line":1,"column":25},"end":{"line":1,"column":null}},"1":{"start":{"line":4,"column":17},"end":{"line":4,"column":null}},"2":{"start":{"line":6,"column":76},"end":{"line":47,"column":2}},"3":{"start":{"line":10,"column":2},"end":{"line":45,"column":null}},"4":{"start":{"line":47,"column":2},"end":{"line":6,"column":76}},"5":{"start":{"line":49,"column":25},"end":{"line":49,"column":null}}},"fnMap":{"0":{"name":"(anonymous_0)","decl":{"start":{"line":1,"column":25},"end":{"line":1,"column":null}},"loc":{"start":{"line":1,"column":25},"end":{"line":1,"column":null}}},"1":{"name":"(anonymous_1)","decl":{"start":{"line":6,"column":76},"end":{"line":6,"column":77}},"loc":{"start":{"line":9,"column":6},"end":{"line":47,"column":2}}}},"branchMap":{"0":{"loc":{"start":{"line":1,"column":25},"end":{"line":1,"column":null}},"type":"binary-expr","locations":[{"start":{"line":1,"column":25},"end":{"line":1,"column":null}},{"start":{"line":1,"column":25},"end":{"line":1,"column":null}}]},"1":{"loc":{"start":{"line":1,"column":25},"end":{"line":1,"column":null}},"type":"if","locations":[{"start":{"line":1,"column":25},"end":{"line":1,"column":null}}]}},"s":{"0":824,"1":103,"2":103,"3":140,"4":103,"5":103},"f":{"0":103,"1":140},"b":{"0":[206,103],"1":[103]}}
,"/Users/radu/Programming/eox/cypress-realworld-app/src/components/Footer.tsx": {"path":"/Users/radu/Programming/eox/cypress-realworld-app/src/components/Footer.tsx","statementMap":{"0":{"start":{"line":1,"column":25},"end":{"line":1,"column":null}},"1":{"start":{"line":7,"column":2},"end":{"line":28,"column":null}},"2":{"start":{"line":30,"column":1},"end":{"line":6,"column":30}},"3":{"start":{"line":6,"column":30},"end":{"line":6,"column":33}}},"fnMap":{"0":{"name":"(anonymous_0)","decl":{"start":{"line":1,"column":25},"end":{"line":1,"column":null}},"loc":{"start":{"line":1,"column":25},"end":{"line":1,"column":null}}},"1":{"name":"Footer","decl":{"start":{"line":6,"column":24},"end":{"line":6,"column":30}},"loc":{"start":{"line":6,"column":33},"end":{"line":30,"column":1}}}},"branchMap":{"0":{"loc":{"start":{"line":1,"column":25},"end":{"line":1,"column":null}},"type":"binary-expr","locations":[{"start":{"line":1,"column":25},"end":{"line":1,"column":null}},{"start":{"line":1,"column":25},"end":{"line":1,"column":null}}]},"1":{"loc":{"start":{"line":1,"column":25},"end":{"line":1,"column":null}},"type":"if","locations":[{"start":{"line":1,"column":25},"end":{"line":1,"column":null}}]}},"s":{"0":824,"1":572,"2":103,"3":103},"f":{"0":103,"1":572},"b":{"0":[206,103],"1":[103]}}
,"/Users/radu/Programming/eox/cypress-realworld-app/src/components/MainLayout.tsx": {"path":"/Users/radu/Programming/eox/cypress-realworld-app/src/components/MainLayout.tsx","statementMap":{"0":{"start":{"line":1,"column":40},"end":{"line":1,"column":null}},"1":{"start":{"line":20,"column":15},"end":{"line":20,"column":null}},"2":{"start":{"line":22,"column":16},"end":{"line":27,"column":null}},"3":{"start":{"line":29,"column":13},"end":{"line":58,"column":4}},"4":{"start":{"line":29,"column":43},"end":{"line":58,"column":2}},"5":{"start":{"line":58,"column":4},"end":{"line":29,"column":13}},"6":{"start":{"line":72,"column":36},"end":{"line":126,"column":2}},"7":{"start":{"line":72,"column":89},"end":{"line":72,"column":null}},"8":{"start":{"line":73,"column":16},"end":{"line":73,"column":null}},"9":{"start":{"line":74,"column":36},"end":{"line":74,"column":null}},"10":{"start":{"line":76,"column":31},"end":{"line":76,"column":null}},"11":{"start":{"line":77,"column":23},"end":{"line":77,"column":null}},"12":{"start":{"line":79,"column":28},"end":{"line":79,"column":null}},"13":{"start":{"line":80,"column":27},"end":{"line":80,"column":null}},"14":{"start":{"line":81,"column":30},"end":{"line":83,"column":null}},"15":{"start":{"line":82,"column":4},"end":{"line":82,"column":null}},"16":{"start":{"line":84,"column":29},"end":{"line":86,"column":null}},"17":{"start":{"line":85,"column":4},"end":{"line":85,"column":null}},"18":{"start":{"line":88,"column":28},"end":{"line":88,"column":null}},"19":{"start":{"line":88,"column":46},"end":{"line":88,"column":null}},"20":{"start":{"line":89,"column":28},"end":{"line":89,"column":null}},"21":{"start":{"line":89,"column":34},"end":{"line":89,"column":null}},"22":{"start":{"line":91,"column":2},"end":{"line":96,"column":null}},"23":{"start":{"line":92,"column":4},"end":{"line":94,"column":null}},"24":{"start":{"line":93,"column":6},"end":{"line":93,"column":null}},"25":{"start":{"line":98,"column":2},"end":{"line":124,"column":null}},"26":{"start":{"line":126,"column":2},"end":{"line":77,"column":37}},"27":{"start":{"line":72,"column":33},"end":{"line":77,"column":37}},"28":{"start":{"line":77,"column":36},"end":{"line":72,"column":33}},"29":{"start":{"line":128,"column":26},"end":{"line":128,"column":null}}},"fnMap":{"0":{"name":"(anonymous_0)","decl":{"start":{"line":1,"column":40},"end":{"line":1,"column":null}},"loc":{"start":{"line":1,"column":40},"end":{"line":1,"column":null}}},"1":{"name":"(anonymous_1)","decl":{"start":{"line":29,"column":27},"end":{"line":29,"column":28}},"loc":{"start":{"line":29,"column":43},"end":{"line":58,"column":2}}},"2":{"name":"(anonymous_2)","decl":{"start":{"line":72,"column":36},"end":{"line":72,"column":37}},"loc":{"start":{"line":72,"column":89},"end":{"line":126,"column":2}}},"3":{"name":"(anonymous_3)","decl":{"start":{"line":81,"column":30},"end":{"line":81,"column":36}},"loc":{"start":{"line":81,"column":36},"end":{"line":83,"column":null}}},"4":{"name":"(anonymous_4)","decl":{"start":{"line":84,"column":29},"end":{"line":84,"column":35}},"loc":{"start":{"line":84,"column":35},"end":{"line":86,"column":null}}},"5":{"name":"(anonymous_5)","decl":{"start":{"line":88,"column":28},"end":{"line":88,"column":29}},"loc":{"start":{"line":88,"column":46},"end":{"line":88,"column":null}}},"6":{"name":"(anonymous_6)","decl":{"start":{"line":89,"column":28},"end":{"line":89,"column":34}},"loc":{"start":{"line":89,"column":34},"end":{"line":89,"column":null}}},"7":{"name":"(anonymous_7)","decl":{"start":{"line":91,"column":12},"end":{"line":91,"column":18}},"loc":{"start":{"line":91,"column":18},"end":{"line":96,"column":5}}},"8":{"name":"(anonymous_8)","decl":{"start":{"line":72,"column":33},"end":{"line":72,"column":36}},"loc":{"start":{"line":72,"column":33},"end":{"line":77,"column":37}}}},"branchMap":{"0":{"loc":{"start":{"line":1,"column":40},"end":{"line":1,"column":null}},"type":"binary-expr","locations":[{"start":{"line":1,"column":40},"end":{"line":1,"column":null}},{"start":{"line":1,"column":40},"end":{"line":1,"column":null}}]},"1":{"loc":{"start":{"line":1,"column":40},"end":{"line":1,"column":null}},"type":"if","locations":[{"start":{"line":1,"column":40},"end":{"line":1,"column":null}}]},"2":{"loc":{"start":{"line":92,"column":4},"end":{"line":94,"column":null}},"type":"if","locations":[{"start":{"line":92,"column":4},"end":{"line":94,"column":null}}]},"3":{"loc":{"start":{"line":92,"column":8},"end":{"line":92,"column":52}},"type":"binary-expr","locations":[{"start":{"line":92,"column":8},"end":{"line":92,"column":30}},{"start":{"line":92,"column":30},"end":{"line":92,"column":52}}]},"4":{"loc":{"start":{"line":101,"column":22},"end":{"line":101,"column":null}},"type":"cond-expr","locations":[{"start":{"line":101,"column":37},"end":{"line":101,"column":58}},{"start":{"line":101,"column":58},"end":{"line":101,"column":null}}]},"5":{"loc":{"start":{"line":102,"column":20},"end":{"line":102,"column":null}},"type":"cond-expr","locations":[{"start":{"line":102,"column":35},"end":{"line":102,"column":54}},{"start":{"line":102,"column":54},"end":{"line":102,"column":null}}]},"6":{"loc":{"start":{"line":106,"column":22},"end":{"line":106,"column":null}},"type":"cond-expr","locations":[{"start":{"line":106,"column":37},"end":{"line":106,"column":58}},{"start":{"line":106,"column":58},"end":{"line":106,"column":null}}]},"7":{"loc":{"start":{"line":107,"column":20},"end":{"line":107,"column":null}},"type":"cond-expr","locations":[{"start":{"line":107,"column":35},"end":{"line":107,"column":54}},{"start":{"line":107,"column":54},"end":{"line":107,"column":null}}]}},"s":{"0":1030,"1":103,"2":103,"3":103,"4":435,"5":103,"6":103,"7":435,"8":435,"9":435,"10":435,"11":435,"12":435,"13":435,"14":435,"15":1,"16":435,"17":0,"18":435,"19":1,"20":435,"21":0,"22":435,"23":99,"24":1,"25":435,"26":103,"27":98,"28":103,"29":206},"f":{"0":206,"1":435,"2":435,"3":1,"4":0,"5":1,"6":0,"7":99,"8":98},"b":{"0":[206,103],"1":[103],"2":[1],"3":[99,1],"4":[0,435],"5":[0,435],"6":[0,435],"7":[0,435]}}
,"/Users/radu/Programming/eox/cypress-realworld-app/src/components/NavBar.tsx": {"path":"/Users/radu/Programming/eox/cypress-realworld-app/src/components/NavBar.tsx","statementMap":{"0":{"start":{"line":1,"column":25},"end":{"line":1,"column":null}},"1":{"start":{"line":35,"column":20},"end":{"line":35,"column":null}},"2":{"start":{"line":37,"column":15},"end":{"line":37,"column":null}},"3":{"start":{"line":39,"column":16},"end":{"line":48,"column":null}},"4":{"start":{"line":50,"column":21},"end":{"line":103,"column":4}},"5":{"start":{"line":50,"column":52},"end":{"line":103,"column":2}},"6":{"start":{"line":103,"column":4},"end":{"line":50,"column":21}},"7":{"start":{"line":117,"column":38},"end":{"line":194,"column":2}},"8":{"start":{"line":117,"column":94},"end":{"line":117,"column":null}},"9":{"start":{"line":118,"column":16},"end":{"line":118,"column":null}},"10":{"start":{"line":120,"column":16},"end":{"line":120,"column":null}},"11":{"start":{"line":121,"column":31},"end":{"line":121,"column":null}},"12":{"start":{"line":123,"column":27},"end":{"line":123,"column":null}},"13":{"start":{"line":124,"column":23},"end":{"line":124,"column":null}},"14":{"start":{"line":126,"column":2},"end":{"line":192,"column":null}},"15":{"start":{"line":137,"column":25},"end":{"line":137,"column":null}},"16":{"start":{"line":194,"column":2},"end":{"line":124,"column":37}},"17":{"start":{"line":117,"column":35},"end":{"line":124,"column":37}},"18":{"start":{"line":124,"column":36},"end":{"line":117,"column":35}},"19":{"start":{"line":196,"column":22},"end":{"line":196,"column":null}}},"fnMap":{"0":{"name":"(anonymous_0)","decl":{"start":{"line":1,"column":25},"end":{"line":1,"column":null}},"loc":{"start":{"line":1,"column":25},"end":{"line":1,"column":null}}},"1":{"name":"(anonymous_1)","decl":{"start":{"line":50,"column":36},"end":{"line":50,"column":37}},"loc":{"start":{"line":50,"column":52},"end":{"line":103,"column":2}}},"2":{"name":"(anonymous_2)","decl":{"start":{"line":117,"column":38},"end":{"line":117,"column":39}},"loc":{"start":{"line":117,"column":94},"end":{"line":194,"column":2}}},"3":{"name":"(anonymous_3)","decl":{"start":{"line":137,"column":19},"end":{"line":137,"column":25}},"loc":{"start":{"line":137,"column":25},"end":{"line":137,"column":null}}},"4":{"name":"(anonymous_4)","decl":{"start":{"line":117,"column":35},"end":{"line":117,"column":38}},"loc":{"start":{"line":117,"column":35},"end":{"line":124,"column":37}}}},"branchMap":{"0":{"loc":{"start":{"line":1,"column":25},"end":{"line":1,"column":null}},"type":"binary-expr","locations":[{"start":{"line":1,"column":25},"end":{"line":1,"column":null}},{"start":{"line":1,"column":25},"end":{"line":1,"column":null}}]},"1":{"loc":{"start":{"line":1,"column":25},"end":{"line":1,"column":null}},"type":"if","locations":[{"start":{"line":1,"column":25},"end":{"line":1,"column":null}}]},"2":{"loc":{"start":{"line":129,"column":38},"end":{"line":129,"column":71}},"type":"binary-expr","locations":[{"start":{"line":129,"column":38},"end":{"line":129,"column":52}},{"start":{"line":129,"column":52},"end":{"line":129,"column":71}}]},"3":{"loc":{"start":{"line":156,"column":13},"end":{"line":159,"column":null}},"type":"cond-expr","locations":[{"start":{"line":157,"column":14},"end":{"line":157,"column":null}},{"start":{"line":159,"column":14},"end":{"line":159,"column":null}}]},"4":{"loc":{"start":{"line":181,"column":26},"end":{"line":181,"column":null}},"type":"cond-expr","locations":[{"start":{"line":181,"column":45},"end":{"line":181,"column":71}},{"start":{"line":181,"column":71},"end":{"line":181,"column":null}}]},"5":{"loc":{"start":{"line":188,"column":6},"end":{"line":190,"column":null}},"type":"binary-expr","locations":[{"start":{"line":189,"column":8},"end":{"line":189,"column":34}},{"start":{"line":189,"column":34},"end":{"line":189,"column":null}},{"start":{"line":190,"column":8},"end":{"line":190,"column":null}}]}},"s":{"0":1030,"1":103,"2":103,"3":103,"4":103,"5":596,"6":103,"7":103,"8":596,"9":596,"10":596,"11":596,"12":596,"13":596,"14":596,"15":1,"16":103,"17":98,"18":103,"19":206},"f":{"0":206,"1":596,"2":596,"3":1,"4":98},"b":{"0":[206,103],"1":[103],"2":[596,595],"3":[0,596],"4":[592,4],"5":[596,325,305]}}
,"/Users/radu/Programming/eox/cypress-realworld-app/src/components/NavDrawer.tsx": {"path":"/Users/radu/Programming/eox/cypress-realworld-app/src/components/NavDrawer.tsx","statementMap":{"0":{"start":{"line":1,"column":25},"end":{"line":1,"column":null}},"1":{"start":{"line":32,"column":15},"end":{"line":32,"column":null}},"2":{"start":{"line":34,"column":16},"end":{"line":46,"column":null}},"3":{"start":{"line":48,"column":21},"end":{"line":111,"column":4}},"4":{"start":{"line":48,"column":52},"end":{"line":111,"column":2}},"5":{"start":{"line":111,"column":4},"end":{"line":48,"column":21}},"6":{"start":{"line":113,"column":20},"end":{"line":113,"column":null}},"7":{"start":{"line":115,"column":29},"end":{"line":172,"column":null}},"8":{"start":{"line":119,"column":2},"end":{"line":172,"column":null}},"9":{"start":{"line":123,"column":21},"end":{"line":123,"column":null}},"10":{"start":{"line":136,"column":21},"end":{"line":136,"column":null}},"11":{"start":{"line":149,"column":21},"end":{"line":149,"column":null}},"12":{"start":{"line":162,"column":21},"end":{"line":162,"column":null}},"13":{"start":{"line":175,"column":34},"end":{"line":183,"column":null}},"14":{"start":{"line":176,"column":2},"end":{"line":183,"column":null}},"15":{"start":{"line":177,"column":36},"end":{"line":177,"column":54}},"16":{"start":{"line":193,"column":35},"end":{"line":297,"column":2}},"17":{"start":{"line":198,"column":6},"end":{"line":198,"column":null}},"18":{"start":{"line":199,"column":16},"end":{"line":199,"column":null}},"19":{"start":{"line":200,"column":32},"end":{"line":200,"column":null}},"20":{"start":{"line":201,"column":30},"end":{"line":201,"column":null}},"21":{"start":{"line":203,"column":22},"end":{"line":203,"column":null}},"22":{"start":{"line":204,"column":18},"end":{"line":204,"column":null}},"23":{"start":{"line":204,"column":24},"end":{"line":204,"column":null}},"24":{"start":{"line":206,"column":2},"end":{"line":295,"column":null}},"25":{"start":{"line":215,"column":31},"end":{"line":215,"column":null}},"26":{"start":{"line":297,"column":2},"end":{"line":201,"column":44}},"27":{"start":{"line":193,"column":32},"end":{"line":201,"column":44}},"28":{"start":{"line":201,"column":43},"end":{"line":193,"column":32}},"29":{"start":{"line":299,"column":25},"end":{"line":299,"column":null}}},"fnMap":{"0":{"name":"(anonymous_0)","decl":{"start":{"line":1,"column":25},"end":{"line":1,"column":null}},"loc":{"start":{"line":1,"column":25},"end":{"line":1,"column":null}}},"1":{"name":"(anonymous_1)","decl":{"start":{"line":48,"column":36},"end":{"line":48,"column":37}},"loc":{"start":{"line":48,"column":52},"end":{"line":111,"column":2}}},"2":{"name":"(anonymous_2)","decl":{"start":{"line":115,"column":29},"end":{"line":115,"column":null}},"loc":{"start":{"line":119,"column":2},"end":{"line":172,"column":null}}},"3":{"name":"(anonymous_3)","decl":{"start":{"line":123,"column":15},"end":{"line":123,"column":21}},"loc":{"start":{"line":123,"column":21},"end":{"line":123,"column":null}}},"4":{"name":"(anonymous_4)","decl":{"start":{"line":136,"column":15},"end":{"line":136,"column":21}},"loc":{"start":{"line":136,"column":21},"end":{"line":136,"column":null}}},"5":{"name":"(anonymous_5)","decl":{"start":{"line":149,"column":15},"end":{"line":149,"column":21}},"loc":{"start":{"line":149,"column":21},"end":{"line":149,"column":null}}},"6":{"name":"(anonymous_6)","decl":{"start":{"line":162,"column":15},"end":{"line":162,"column":21}},"loc":{"start":{"line":162,"column":21},"end":{"line":162,"column":null}}},"7":{"name":"(anonymous_7)","decl":{"start":{"line":175,"column":34},"end":{"line":175,"column":35}},"loc":{"start":{"line":176,"column":2},"end":{"line":183,"column":null}}},"8":{"name":"(anonymous_8)","decl":{"start":{"line":177,"column":30},"end":{"line":177,"column":36}},"loc":{"start":{"line":177,"column":36},"end":{"line":177,"column":54}}},"9":{"name":"(anonymous_9)","decl":{"start":{"line":193,"column":35},"end":{"line":193,"column":36}},"loc":{"start":{"line":198,"column":6},"end":{"line":297,"column":2}}},"10":{"name":"(anonymous_10)","decl":{"start":{"line":204,"column":18},"end":{"line":204,"column":24}},"loc":{"start":{"line":204,"column":24},"end":{"line":204,"column":null}}},"11":{"name":"(anonymous_11)","decl":{"start":{"line":215,"column":25},"end":{"line":215,"column":31}},"loc":{"start":{"line":215,"column":31},"end":{"line":215,"column":null}}},"12":{"name":"(anonymous_12)","decl":{"start":{"line":193,"column":32},"end":{"line":193,"column":35}},"loc":{"start":{"line":193,"column":32},"end":{"line":201,"column":44}}}},"branchMap":{"0":{"loc":{"start":{"line":1,"column":25},"end":{"line":1,"column":null}},"type":"binary-expr","locations":[{"start":{"line":1,"column":25},"end":{"line":1,"column":null}},{"start":{"line":1,"column":25},"end":{"line":1,"column":null}}]},"1":{"loc":{"start":{"line":1,"column":25},"end":{"line":1,"column":null}},"type":"if","locations":[{"start":{"line":1,"column":25},"end":{"line":1,"column":null}}]},"2":{"loc":{"start":{"line":123,"column":21},"end":{"line":123,"column":null}},"type":"binary-expr","locations":[{"start":{"line":123,"column":21},"end":{"line":123,"column":44}},{"start":{"line":123,"column":44},"end":{"line":123,"column":null}}]},"3":{"loc":{"start":{"line":136,"column":21},"end":{"line":136,"column":null}},"type":"binary-expr","locations":[{"start":{"line":136,"column":21},"end":{"line":136,"column":44}},{"start":{"line":136,"column":44},"end":{"line":136,"column":null}}]},"4":{"loc":{"start":{"line":149,"column":21},"end":{"line":149,"column":null}},"type":"binary-expr","locations":[{"start":{"line":149,"column":21},"end":{"line":149,"column":44}},{"start":{"line":149,"column":44},"end":{"line":149,"column":null}}]},"5":{"loc":{"start":{"line":162,"column":21},"end":{"line":162,"column":null}},"type":"binary-expr","locations":[{"start":{"line":162,"column":21},"end":{"line":162,"column":44}},{"start":{"line":162,"column":44},"end":{"line":162,"column":null}}]},"6":{"loc":{"start":{"line":209,"column":15},"end":{"line":209,"column":null}},"type":"cond-expr","locations":[{"start":{"line":209,"column":37},"end":{"line":209,"column":51}},{"start":{"line":209,"column":51},"end":{"line":209,"column":null}}]},"7":{"loc":{"start":{"line":211,"column":41},"end":{"line":211,"column":80}},"type":"binary-expr","locations":[{"start":{"line":211,"column":41},"end":{"line":211,"column":56}},{"start":{"line":211,"column":56},"end":{"line":211,"column":80}}]},"8":{"loc":{"start":{"line":224,"column":19},"end":{"line":224,"column":null}},"type":"cond-expr","locations":[{"start":{"line":224,"column":32},"end":{"line":224,"column":54}},{"start":{"line":224,"column":54},"end":{"line":224,"column":null}}]},"9":{"loc":{"start":{"line":227,"column":11},"end":{"line":231,"column":null}},"type":"binary-expr","locations":[{"start":{"line":227,"column":11},"end":{"line":227,"column":null}},{"start":{"line":228,"column":12},"end":{"line":231,"column":null}}]},"10":{"loc":{"start":{"line":236,"column":11},"end":{"line":253,"column":null}},"type":"binary-expr","locations":[{"start":{"line":236,"column":11},"end":{"line":236,"column":null}},{"start":{"line":237,"column":12},"end":{"line":253,"column":null}}]},"11":{"loc":{"start":{"line":263,"column":19},"end":{"line":263,"column":null}},"type":"cond-expr","locations":[{"start":{"line":263,"column":32},"end":{"line":263,"column":54}},{"start":{"line":263,"column":54},"end":{"line":263,"column":null}}]},"12":{"loc":{"start":{"line":266,"column":11},"end":{"line":279,"column":null}},"type":"binary-expr","locations":[{"start":{"line":266,"column":11},"end":{"line":266,"column":null}},{"start":{"line":267,"column":12},"end":{"line":279,"column":null}}]},"13":{"loc":{"start":{"line":274,"column":17},"end":{"line":274,"column":null}},"type":"cond-expr","locations":[{"start":{"line":274,"column":39},"end":{"line":274,"column":75}},{"start":{"line":274,"column":75},"end":{"line":274,"column":null}}]}},"s":{"0":1030,"1":103,"2":103,"3":103,"4":435,"5":103,"6":103,"7":103,"8":435,"9":0,"10":3,"11":1,"12":1,"13":103,"14":435,"15":2,"16":103,"17":435,"18":435,"19":435,"20":435,"21":435,"22":435,"23":2,"24":435,"25":0,"26":103,"27":98,"28":103,"29":206},"f":{"0":206,"1":435,"2":435,"3":0,"4":3,"5":1,"6":1,"7":435,"8":2,"9":435,"10":2,"11":0,"12":98},"b":{"0":[206,103],"1":[103],"2":[0,0],"3":[3,0],"4":[1,0],"5":[1,0],"6":[0,435],"7":[435,1],"8":[434,1],"9":[435,435],"10":[435,435],"11":[434,1],"12":[435,435],"13":[428,7]}}
,"/Users/radu/Programming/eox/cypress-realworld-app/src/components/NotificationList.tsx": {"path":"/Users/radu/Programming/eox/cypress-realworld-app/src/components/NotificationList.tsx","statementMap":{"0":{"start":{"line":1,"column":25},"end":{"line":1,"column":null}},"1":{"start":{"line":14,"column":60},"end":{"line":37,"column":2}},"2":{"start":{"line":18,"column":2},"end":{"line":35,"column":null}},"3":{"start":{"line":23,"column":12},"end":{"line":26,"column":null}},"4":{"start":{"line":37,"column":2},"end":{"line":14,"column":60}},"5":{"start":{"line":39,"column":33},"end":{"line":39,"column":null}}},"fnMap":{"0":{"name":"(anonymous_0)","decl":{"start":{"line":1,"column":25},"end":{"line":1,"column":null}},"loc":{"start":{"line":1,"column":25},"end":{"line":1,"column":null}}},"1":{"name":"(anonymous_1)","decl":{"start":{"line":14,"column":60},"end":{"line":14,"column":61}},"loc":{"start":{"line":17,"column":6},"end":{"line":37,"column":2}}},"2":{"name":"(anonymous_2)","decl":{"start":{"line":22,"column":29},"end":{"line":22,"column":30}},"loc":{"start":{"line":23,"column":12},"end":{"line":26,"column":null}}}},"branchMap":{"0":{"loc":{"start":{"line":1,"column":25},"end":{"line":1,"column":null}},"type":"binary-expr","locations":[{"start":{"line":1,"column":25},"end":{"line":1,"column":null}},{"start":{"line":1,"column":25},"end":{"line":1,"column":null}}]},"1":{"loc":{"start":{"line":1,"column":25},"end":{"line":1,"column":null}},"type":"if","locations":[{"start":{"line":1,"column":25},"end":{"line":1,"column":null}}]},"2":{"loc":{"start":{"line":20,"column":7},"end":{"line":33,"column":null}},"type":"cond-expr","locations":[{"start":{"line":21,"column":8},"end":{"line":29,"column":null}},{"start":{"line":31,"column":8},"end":{"line":33,"column":null}}]}},"s":{"0":824,"1":103,"2":24,"3":189,"4":103,"5":103},"f":{"0":103,"1":24,"2":189},"b":{"0":[206,103],"1":[103],"2":[21,3]}}
,"/Users/radu/Programming/eox/cypress-realworld-app/src/components/NotificationListItem.tsx": {"path":"/Users/radu/Programming/eox/cypress-realworld-app/src/components/NotificationListItem.tsx","statementMap":{"0":{"start":{"line":1,"column":25},"end":{"line":1,"column":null}},"1":{"start":{"line":35,"column":15},"end":{"line":35,"column":null}},"2":{"start":{"line":37,"column":16},"end":{"line":43,"column":null}},"3":{"start":{"line":45,"column":23},"end":{"line":61,"column":3}},"4":{"start":{"line":61,"column":3},"end":{"line":45,"column":23}},"5":{"start":{"line":63,"column":66},"end":{"line":119,"column":2}},"6":{"start":{"line":66,"column":6},"end":{"line":66,"column":null}},"7":{"start":{"line":67,"column":16},"end":{"line":67,"column":null}},"8":{"start":{"line":68,"column":21},"end":{"line":68,"column":null}},"9":{"start":{"line":69,"column":21},"end":{"line":69,"column":null}},"10":{"start":{"line":70,"column":23},"end":{"line":70,"column":null}},"11":{"start":{"line":72,"column":2},"end":{"line":75,"column":null}},"12":{"start":{"line":73,"column":4},"end":{"line":73,"column":null}},"13":{"start":{"line":74,"column":4},"end":{"line":74,"column":null}},"14":{"start":{"line":77,"column":2},"end":{"line":80,"column":null}},"15":{"start":{"line":78,"column":4},"end":{"line":78,"column":null}},"16":{"start":{"line":79,"column":4},"end":{"line":79,"column":null}},"17":{"start":{"line":82,"column":2},"end":{"line":90,"column":null}},"18":{"start":{"line":83,"column":4},"end":{"line":89,"column":null}},"19":{"start":{"line":84,"column":6},"end":{"line":84,"column":null}},"20":{"start":{"line":85,"column":6},"end":{"line":85,"column":null}},"21":{"start":{"line":86,"column":4},"end":{"line":89,"column":null}},"22":{"start":{"line":87,"column":6},"end":{"line":87,"column":null}},"23":{"start":{"line":88,"column":6},"end":{"line":88,"column":null}},"24":{"start":{"line":92,"column":2},"end":{"line":117,"column":null}},"25":{"start":{"line":100,"column":25},"end":{"line":100,"column":null}},"26":{"start":{"line":111,"column":25},"end":{"line":111,"column":null}},"27":{"start":{"line":119,"column":2},"end":{"line":70,"column":37}},"28":{"start":{"line":63,"column":63},"end":{"line":70,"column":37}},"29":{"start":{"line":70,"column":36},"end":{"line":63,"column":63}},"30":{"start":{"line":121,"column":36},"end":{"line":121,"column":null}}},"fnMap":{"0":{"name":"(anonymous_0)","decl":{"start":{"line":1,"column":25},"end":{"line":1,"column":null}},"loc":{"start":{"line":1,"column":25},"end":{"line":1,"column":null}}},"1":{"name":"(anonymous_1)","decl":{"start":{"line":63,"column":66},"end":{"line":63,"column":67}},"loc":{"start":{"line":66,"column":6},"end":{"line":119,"column":2}}},"2":{"name":"(anonymous_2)","decl":{"start":{"line":100,"column":19},"end":{"line":100,"column":25}},"loc":{"start":{"line":100,"column":25},"end":{"line":100,"column":null}}},"3":{"name":"(anonymous_3)","decl":{"start":{"line":111,"column":19},"end":{"line":111,"column":25}},"loc":{"start":{"line":111,"column":25},"end":{"line":111,"column":null}}},"4":{"name":"(anonymous_4)","decl":{"start":{"line":63,"column":63},"end":{"line":63,"column":66}},"loc":{"start":{"line":63,"column":63},"end":{"line":70,"column":37}}}},"branchMap":{"0":{"loc":{"start":{"line":1,"column":25},"end":{"line":1,"column":null}},"type":"binary-expr","locations":[{"start":{"line":1,"column":25},"end":{"line":1,"column":null}},{"start":{"line":1,"column":25},"end":{"line":1,"column":null}}]},"1":{"loc":{"start":{"line":1,"column":25},"end":{"line":1,"column":null}},"type":"if","locations":[{"start":{"line":1,"column":25},"end":{"line":1,"column":null}}]},"2":{"loc":{"start":{"line":72,"column":2},"end":{"line":75,"column":null}},"type":"if","locations":[{"start":{"line":72,"column":2},"end":{"line":75,"column":null}}]},"3":{"loc":{"start":{"line":77,"column":2},"end":{"line":80,"column":null}},"type":"if","locations":[{"start":{"line":77,"column":2},"end":{"line":80,"column":null}}]},"4":{"loc":{"start":{"line":82,"column":2},"end":{"line":90,"column":null}},"type":"if","locations":[{"start":{"line":82,"column":2},"end":{"line":90,"column":null}}]},"5":{"loc":{"start":{"line":83,"column":4},"end":{"line":89,"column":null}},"type":"if","locations":[{"start":{"line":83,"column":4},"end":{"line":89,"column":null}},{"start":{"line":86,"column":4},"end":{"line":89,"column":null}}]},"6":{"loc":{"start":{"line":86,"column":4},"end":{"line":89,"column":null}},"type":"if","locations":[{"start":{"line":86,"column":4},"end":{"line":89,"column":null}}]},"7":{"loc":{"start":{"line":96,"column":7},"end":{"line":105,"column":null}},"type":"binary-expr","locations":[{"start":{"line":96,"column":7},"end":{"line":96,"column":null}},{"start":{"line":97,"column":8},"end":{"line":105,"column":null}}]},"8":{"loc":{"start":{"line":107,"column":7},"end":{"line":115,"column":null}},"type":"binary-expr","locations":[{"start":{"line":107,"column":7},"end":{"line":107,"column":null}},{"start":{"line":108,"column":8},"end":{"line":115,"column":null}}]}},"s":{"0":1030,"1":103,"2":103,"3":103,"4":103,"5":103,"6":189,"7":189,"8":189,"9":189,"10":189,"11":189,"12":30,"13":30,"14":189,"15":27,"16":27,"17":189,"18":132,"19":66,"20":66,"21":66,"22":66,"23":66,"24":189,"25":0,"26":0,"27":103,"28":7,"29":103,"30":206},"f":{"0":206,"1":189,"2":0,"3":0,"4":7},"b":{"0":[206,103],"1":[103],"2":[30],"3":[27],"4":[132],"5":[66,66],"6":[66],"7":[189,0],"8":[189,189]}}
,"/Users/radu/Programming/eox/cypress-realworld-app/src/components/PrivateRoute.tsx": {"path":"/Users/radu/Programming/eox/cypress-realworld-app/src/components/PrivateRoute.tsx","statementMap":{"0":{"start":{"line":1,"column":25},"end":{"line":1,"column":null}},"1":{"start":{"line":9,"column":2},"end":{"line":24,"column":null}},"2":{"start":{"line":13,"column":8},"end":{"line":21,"column":null}},"3":{"start":{"line":27,"column":1},"end":{"line":8,"column":22}},"4":{"start":{"line":29,"column":28},"end":{"line":29,"column":null}}},"fnMap":{"0":{"name":"(anonymous_0)","decl":{"start":{"line":1,"column":25},"end":{"line":1,"column":null}},"loc":{"start":{"line":1,"column":25},"end":{"line":1,"column":null}}},"1":{"name":"PrivateRoute","decl":{"start":{"line":8,"column":9},"end":{"line":8,"column":22}},"loc":{"start":{"line":8,"column":77},"end":{"line":27,"column":1}}},"2":{"name":"(anonymous_2)","decl":{"start":{"line":12,"column":14},"end":{"line":12,"column":15}},"loc":{"start":{"line":13,"column":8},"end":{"line":21,"column":null}}}},"branchMap":{"0":{"loc":{"start":{"line":1,"column":25},"end":{"line":1,"column":null}},"type":"binary-expr","locations":[{"start":{"line":1,"column":25},"end":{"line":1,"column":null}},{"start":{"line":1,"column":25},"end":{"line":1,"column":null}}]},"1":{"loc":{"start":{"line":1,"column":25},"end":{"line":1,"column":null}},"type":"if","locations":[{"start":{"line":1,"column":25},"end":{"line":1,"column":null}}]},"2":{"loc":{"start":{"line":13,"column":8},"end":{"line":21,"column":null}},"type":"cond-expr","locations":[{"start":{"line":14,"column":10},"end":{"line":14,"column":null}}]}},"s":{"0":824,"1":425,"2":425,"3":103,"4":103},"f":{"0":103,"1":425,"2":425},"b":{"0":[206,103],"1":[103],"2":[425]}}
,"/Users/radu/Programming/eox/cypress-realworld-app/src/components/SignInForm.tsx": {"path":"/Users/radu/Programming/eox/cypress-realworld-app/src/components/SignInForm.tsx","statementMap":{"0":{"start":{"line":1,"column":25},"end":{"line":1,"column":null}},"1":{"start":{"line":26,"column":25},"end":{"line":31,"column":null}},"2":{"start":{"line":33,"column":15},"end":{"line":33,"column":null}},"3":{"start":{"line":35,"column":16},"end":{"line":41,"column":null}},"4":{"start":{"line":43,"column":24},"end":{"line":67,"column":null}},"5":{"start":{"line":43,"column":58},"end":{"line":67,"column":2}},"6":{"start":{"line":73,"column":36},"end":{"line":182,"column":2}},"7":{"start":{"line":73,"column":57},"end":{"line":73,"column":null}},"8":{"start":{"line":74,"column":32},"end":{"line":74,"column":null}},"9":{"start":{"line":75,"column":39},"end":{"line":79,"column":null}},"10":{"start":{"line":81,"column":24},"end":{"line":81,"column":null}},"11":{"start":{"line":81,"column":52},"end":{"line":81,"column":null}},"12":{"start":{"line":83,"column":2},"end":{"line":180,"column":null}},"13":{"start":{"line":102,"column":12},"end":{"line":102,"column":null}},"14":{"start":{"line":104,"column":12},"end":{"line":104,"column":null}},"15":{"start":{"line":108,"column":12},"end":{"line":173,"column":null}},"16":{"start":{"line":111,"column":18},"end":{"line":122,"column":null}},"17":{"start":{"line":128,"column":18},"end":{"line":138,"column":null}},"18":{"start":{"line":146,"column":22},"end":{"line":146,"column":null}},"19":{"start":{"line":182,"column":2},"end":{"line":74,"column":41}},"20":{"start":{"line":73,"column":33},"end":{"line":74,"column":41}},"21":{"start":{"line":74,"column":40},"end":{"line":73,"column":33}},"22":{"start":{"line":184,"column":26},"end":{"line":184,"column":null}}},"fnMap":{"0":{"name":"(anonymous_0)","decl":{"start":{"line":1,"column":25},"end":{"line":1,"column":null}},"loc":{"start":{"line":1,"column":25},"end":{"line":1,"column":null}}},"1":{"name":"(anonymous_1)","decl":{"start":{"line":43,"column":42},"end":{"line":43,"column":43}},"loc":{"start":{"line":43,"column":58},"end":{"line":67,"column":2}}},"2":{"name":"(anonymous_2)","decl":{"start":{"line":73,"column":36},"end":{"line":73,"column":37}},"loc":{"start":{"line":73,"column":57},"end":{"line":182,"column":2}}},"3":{"name":"(anonymous_3)","decl":{"start":{"line":81,"column":24},"end":{"line":81,"column":25}},"loc":{"start":{"line":81,"column":52},"end":{"line":81,"column":null}}},"4":{"name":"(anonymous_4)","decl":{"start":{"line":101,"column":20},"end":{"line":101,"column":27}},"loc":{"start":{"line":101,"column":57},"end":{"line":105,"column":null}}},"5":{"name":"(anonymous_5)","decl":{"start":{"line":107,"column":11},"end":{"line":107,"column":12}},"loc":{"start":{"line":108,"column":12},"end":{"line":173,"column":null}}},"6":{"name":"(anonymous_6)","decl":{"start":{"line":110,"column":17},"end":{"line":110,"column":18}},"loc":{"start":{"line":111,"column":18},"end":{"line":122,"column":null}}},"7":{"name":"(anonymous_7)","decl":{"start":{"line":127,"column":17},"end":{"line":127,"column":18}},"loc":{"start":{"line":128,"column":18},"end":{"line":138,"column":null}}},"8":{"name":"(anonymous_8)","decl":{"start":{"line":145,"column":21},"end":{"line":145,"column":22}},"loc":{"start":{"line":145,"column":48},"end":{"line":147,"column":null}}},"9":{"name":"(anonymous_9)","decl":{"start":{"line":73,"column":33},"end":{"line":73,"column":36}},"loc":{"start":{"line":73,"column":33},"end":{"line":74,"column":41}}}},"branchMap":{"0":{"loc":{"start":{"line":1,"column":25},"end":{"line":1,"column":null}},"type":"binary-expr","locations":[{"start":{"line":1,"column":25},"end":{"line":1,"column":null}},{"start":{"line":1,"column":25},"end":{"line":1,"column":null}}]},"1":{"loc":{"start":{"line":1,"column":25},"end":{"line":1,"column":null}},"type":"if","locations":[{"start":{"line":1,"column":25},"end":{"line":1,"column":null}}]},"2":{"loc":{"start":{"line":87,"column":9},"end":{"line":90,"column":null}},"type":"binary-expr","locations":[{"start":{"line":87,"column":9},"end":{"line":87,"column":null}},{"start":{"line":88,"column":10},"end":{"line":90,"column":null}}]},"3":{"loc":{"start":{"line":120,"column":20},"end":{"line":120,"column":null}},"type":"binary-expr","locations":[{"start":{"line":120,"column":28},"end":{"line":120,"column":39}},{"start":{"line":120,"column":39},"end":{"line":120,"column":66}},{"start":{"line":120,"column":66},"end":{"line":120,"column":null}}]},"4":{"loc":{"start":{"line":121,"column":32},"end":{"line":121,"column":null}},"type":"cond-expr","locations":[{"start":{"line":121,"column":68},"end":{"line":121,"column":76}},{"start":{"line":121,"column":76},"end":{"line":121,"column":null}}]},"5":{"loc":{"start":{"line":121,"column":32},"end":{"line":121,"column":68}},"type":"binary-expr","locations":[{"start":{"line":121,"column":32},"end":{"line":121,"column":43}},{"start":{"line":121,"column":43},"end":{"line":121,"column":68}}]},"6":{"loc":{"start":{"line":136,"column":27},"end":{"line":136,"column":null}},"type":"binary-expr","locations":[{"start":{"line":136,"column":27},"end":{"line":136,"column":38}},{"start":{"line":136,"column":38},"end":{"line":136,"column":64}},{"start":{"line":136,"column":64},"end":{"line":136,"column":null}}]},"7":{"loc":{"start":{"line":137,"column":32},"end":{"line":137,"column":null}},"type":"cond-expr","locations":[{"start":{"line":137,"column":79},"end":{"line":137,"column":87}},{"start":{"line":137,"column":87},"end":{"line":137,"column":null}}]},"8":{"loc":{"start":{"line":137,"column":32},"end":{"line":137,"column":79}},"type":"binary-expr","locations":[{"start":{"line":137,"column":32},"end":{"line":137,"column":43}},{"start":{"line":137,"column":43},"end":{"line":137,"column":69}},{"start":{"line":137,"column":69},"end":{"line":137,"column":79}}]},"9":{"loc":{"start":{"line":159,"column":26},"end":{"line":159,"column":51}},"type":"binary-expr","locations":[{"start":{"line":159,"column":26},"end":{"line":159,"column":38}},{"start":{"line":159,"column":38},"end":{"line":159,"column":51}}]}},"s":{"0":927,"1":103,"2":103,"3":103,"4":103,"5":30,"6":103,"7":30,"8":30,"9":30,"10":30,"11":7,"12":30,"13":7,"14":7,"15":307,"16":307,"17":307,"18":307,"19":103,"20":19,"21":103,"22":103},"f":{"0":103,"1":30,"2":30,"3":7,"4":7,"5":307,"6":307,"7":307,"8":307,"9":19},"b":{"0":[206,103],"1":[103],"2":[30,14],"3":[307,164,275],"4":[275,32],"5":[307,164],"6":[307,17,17],"7":[17,290],"8":[307,17,17],"9":[307,108]}}
,"/Users/radu/Programming/eox/cypress-realworld-app/src/components/SignUpForm.tsx": {"path":"/Users/radu/Programming/eox/cypress-realworld-app/src/components/SignUpForm.tsx","statementMap":{"0":{"start":{"line":1,"column":25},"end":{"line":1,"column":null}},"1":{"start":{"line":15,"column":15},"end":{"line":15,"column":null}},"2":{"start":{"line":17,"column":16},"end":{"line":22,"column":null}},"3":{"start":{"line":24,"column":24},"end":{"line":44,"column":null}},"4":{"start":{"line":24,"column":58},"end":{"line":44,"column":2}},"5":{"start":{"line":46,"column":25},"end":{"line":56,"column":null}},"6":{"start":{"line":62,"column":36},"end":{"line":206,"column":2}},"7":{"start":{"line":62,"column":57},"end":{"line":62,"column":null}},"8":{"start":{"line":63,"column":23},"end":{"line":63,"column":null}},"9":{"start":{"line":64,"column":69},"end":{"line":70,"column":null}},"10":{"start":{"line":72,"column":24},"end":{"line":72,"column":null}},"11":{"start":{"line":72,"column":52},"end":{"line":72,"column":null}},"12":{"start":{"line":74,"column":2},"end":{"line":204,"column":null}},"13":{"start":{"line":88,"column":12},"end":{"line":88,"column":null}},"14":{"start":{"line":90,"column":12},"end":{"line":90,"column":null}},"15":{"start":{"line":94,"column":12},"end":{"line":197,"column":null}},"16":{"start":{"line":97,"column":18},"end":{"line":109,"column":null}},"17":{"start":{"line":115,"column":18},"end":{"line":126,"column":null}},"18":{"start":{"line":132,"column":18},"end":{"line":143,"column":null}},"19":{"start":{"line":149,"column":18},"end":{"line":160,"column":null}},"20":{"start":{"line":166,"column":18},"end":{"line":177,"column":null}},"21":{"start":{"line":206,"column":2},"end":{"line":63,"column":32}},"22":{"start":{"line":62,"column":33},"end":{"line":63,"column":32}},"23":{"start":{"line":63,"column":31},"end":{"line":62,"column":33}},"24":{"start":{"line":208,"column":26},"end":{"line":208,"column":null}}},"fnMap":{"0":{"name":"(anonymous_0)","decl":{"start":{"line":1,"column":25},"end":{"line":1,"column":null}},"loc":{"start":{"line":1,"column":25},"end":{"line":1,"column":null}}},"1":{"name":"(anonymous_1)","decl":{"start":{"line":24,"column":42},"end":{"line":24,"column":43}},"loc":{"start":{"line":24,"column":58},"end":{"line":44,"column":2}}},"2":{"name":"(anonymous_2)","decl":{"start":{"line":62,"column":36},"end":{"line":62,"column":37}},"loc":{"start":{"line":62,"column":57},"end":{"line":206,"column":2}}},"3":{"name":"(anonymous_3)","decl":{"start":{"line":72,"column":24},"end":{"line":72,"column":25}},"loc":{"start":{"line":72,"column":52},"end":{"line":72,"column":null}}},"4":{"name":"(anonymous_4)","decl":{"start":{"line":87,"column":20},"end":{"line":87,"column":27}},"loc":{"start":{"line":87,"column":72},"end":{"line":91,"column":null}}},"5":{"name":"(anonymous_5)","decl":{"start":{"line":93,"column":11},"end":{"line":93,"column":12}},"loc":{"start":{"line":94,"column":12},"end":{"line":197,"column":null}}},"6":{"name":"(anonymous_6)","decl":{"start":{"line":96,"column":17},"end":{"line":96,"column":18}},"loc":{"start":{"line":97,"column":18},"end":{"line":109,"column":null}}},"7":{"name":"(anonymous_7)","decl":{"start":{"line":114,"column":17},"end":{"line":114,"column":18}},"loc":{"start":{"line":115,"column":18},"end":{"line":126,"column":null}}},"8":{"name":"(anonymous_8)","decl":{"start":{"line":131,"column":17},"end":{"line":131,"column":18}},"loc":{"start":{"line":132,"column":18},"end":{"line":143,"column":null}}},"9":{"name":"(anonymous_9)","decl":{"start":{"line":148,"column":17},"end":{"line":148,"column":18}},"loc":{"start":{"line":149,"column":18},"end":{"line":160,"column":null}}},"10":{"name":"(anonymous_10)","decl":{"start":{"line":165,"column":17},"end":{"line":165,"column":18}},"loc":{"start":{"line":166,"column":18},"end":{"line":177,"column":null}}},"11":{"name":"(anonymous_11)","decl":{"start":{"line":62,"column":33},"end":{"line":62,"column":36}},"loc":{"start":{"line":62,"column":33},"end":{"line":63,"column":32}}}},"branchMap":{"0":{"loc":{"start":{"line":1,"column":25},"end":{"line":1,"column":null}},"type":"binary-expr","locations":[{"start":{"line":1,"column":25},"end":{"line":1,"column":null}},{"start":{"line":1,"column":25},"end":{"line":1,"column":null}}]},"1":{"loc":{"start":{"line":1,"column":25},"end":{"line":1,"column":null}},"type":"if","locations":[{"start":{"line":1,"column":25},"end":{"line":1,"column":null}}]},"2":{"loc":{"start":{"line":107,"column":20},"end":{"line":107,"column":null}},"type":"binary-expr","locations":[{"start":{"line":107,"column":28},"end":{"line":107,"column":39}},{"start":{"line":107,"column":39},"end":{"line":107,"column":66}},{"start":{"line":107,"column":66},"end":{"line":107,"column":null}}]},"3":{"loc":{"start":{"line":108,"column":32},"end":{"line":108,"column":null}},"type":"cond-expr","locations":[{"start":{"line":108,"column":68},"end":{"line":108,"column":76}},{"start":{"line":108,"column":76},"end":{"line":108,"column":null}}]},"4":{"loc":{"start":{"line":108,"column":32},"end":{"line":108,"column":68}},"type":"binary-expr","locations":[{"start":{"line":108,"column":32},"end":{"line":108,"column":43}},{"start":{"line":108,"column":43},"end":{"line":108,"column":68}}]},"5":{"loc":{"start":{"line":124,"column":20},"end":{"line":124,"column":null}},"type":"binary-expr","locations":[{"start":{"line":124,"column":28},"end":{"line":124,"column":39}},{"start":{"line":124,"column":39},"end":{"line":124,"column":66}},{"start":{"line":124,"column":66},"end":{"line":124,"column":null}}]},"6":{"loc":{"start":{"line":125,"column":32},"end":{"line":125,"column":null}},"type":"cond-expr","locations":[{"start":{"line":125,"column":68},"end":{"line":125,"column":76}},{"start":{"line":125,"column":76},"end":{"line":125,"column":null}}]},"7":{"loc":{"start":{"line":125,"column":32},"end":{"line":125,"column":68}},"type":"binary-expr","locations":[{"start":{"line":125,"column":32},"end":{"line":125,"column":43}},{"start":{"line":125,"column":43},"end":{"line":125,"column":68}}]},"8":{"loc":{"start":{"line":141,"column":20},"end":{"line":141,"column":null}},"type":"binary-expr","locations":[{"start":{"line":141,"column":28},"end":{"line":141,"column":39}},{"start":{"line":141,"column":39},"end":{"line":141,"column":66}},{"start":{"line":141,"column":66},"end":{"line":141,"column":null}}]},"9":{"loc":{"start":{"line":142,"column":32},"end":{"line":142,"column":null}},"type":"cond-expr","locations":[{"start":{"line":142,"column":68},"end":{"line":142,"column":76}},{"start":{"line":142,"column":76},"end":{"line":142,"column":null}}]},"10":{"loc":{"start":{"line":142,"column":32},"end":{"line":142,"column":68}},"type":"binary-expr","locations":[{"start":{"line":142,"column":32},"end":{"line":142,"column":43}},{"start":{"line":142,"column":43},"end":{"line":142,"column":68}}]},"11":{"loc":{"start":{"line":158,"column":20},"end":{"line":158,"column":null}},"type":"binary-expr","locations":[{"start":{"line":158,"column":28},"end":{"line":158,"column":39}},{"start":{"line":158,"column":39},"end":{"line":158,"column":66}},{"start":{"line":158,"column":66},"end":{"line":158,"column":null}}]},"12":{"loc":{"start":{"line":159,"column":32},"end":{"line":159,"column":null}},"type":"cond-expr","locations":[{"start":{"line":159,"column":68},"end":{"line":159,"column":76}},{"start":{"line":159,"column":76},"end":{"line":159,"column":null}}]},"13":{"loc":{"start":{"line":159,"column":32},"end":{"line":159,"column":68}},"type":"binary-expr","locations":[{"start":{"line":159,"column":32},"end":{"line":159,"column":43}},{"start":{"line":159,"column":43},"end":{"line":159,"column":68}}]},"14":{"loc":{"start":{"line":175,"column":20},"end":{"line":175,"column":null}},"type":"binary-expr","locations":[{"start":{"line":175,"column":28},"end":{"line":175,"column":39}},{"start":{"line":175,"column":39},"end":{"line":175,"column":66}},{"start":{"line":175,"column":66},"end":{"line":175,"column":null}}]},"15":{"loc":{"start":{"line":176,"column":32},"end":{"line":176,"column":null}},"type":"cond-expr","locations":[{"start":{"line":176,"column":68},"end":{"line":176,"column":76}},{"start":{"line":176,"column":76},"end":{"line":176,"column":null}}]},"16":{"loc":{"start":{"line":176,"column":32},"end":{"line":176,"column":68}},"type":"binary-expr","locations":[{"start":{"line":176,"column":32},"end":{"line":176,"column":43}},{"start":{"line":176,"column":43},"end":{"line":176,"column":68}}]},"17":{"loc":{"start":{"line":188,"column":26},"end":{"line":188,"column":51}},"type":"binary-expr","locations":[{"start":{"line":188,"column":26},"end":{"line":188,"column":38}},{"start":{"line":188,"column":38},"end":{"line":188,"column":51}}]}},"s":{"0":927,"1":103,"2":103,"3":103,"4":4,"5":103,"6":103,"7":4,"8":4,"9":4,"10":4,"11":1,"12":4,"13":1,"14":1,"15":171,"16":171,"17":171,"18":171,"19":171,"20":171,"21":103,"22":2,"23":103,"24":103},"f":{"0":103,"1":4,"2":4,"3":1,"4":1,"5":171,"6":171,"7":171,"8":171,"9":171,"10":171,"11":2},"b":{"0":[206,103],"1":[103],"2":[171,22,165],"3":[165,6],"4":[171,22],"5":[171,44,143],"6":[143,28],"7":[171,44],"8":[171,82,121],"9":[121,50],"10":[171,82],"11":[171,116,83],"12":[83,88],"13":[171,116],"14":[171,168,51],"15":[51,120],"16":[171,168],"17":[171,8]}}
,"/Users/radu/Programming/eox/cypress-realworld-app/src/components/SkeletonList.tsx": {"path":"/Users/radu/Programming/eox/cypress-realworld-app/src/components/SkeletonList.tsx","statementMap":{"0":{"start":{"line":1,"column":25},"end":{"line":1,"column":null}},"1":{"start":{"line":4,"column":15},"end":{"line":4,"column":null}},"2":{"start":{"line":6,"column":16},"end":{"line":8,"column":null}},"3":{"start":{"line":10,"column":13},"end":{"line":17,"column":4}},"4":{"start":{"line":10,"column":43},"end":{"line":17,"column":2}},"5":{"start":{"line":17,"column":4},"end":{"line":10,"column":13}},"6":{"start":{"line":19,"column":21},"end":{"line":68,"column":2}},"7":{"start":{"line":20,"column":2},"end":{"line":66,"column":null}},"8":{"start":{"line":68,"column":2},"end":{"line":19,"column":21}},"9":{"start":{"line":70,"column":28},"end":{"line":70,"column":null}}},"fnMap":{"0":{"name":"(anonymous_0)","decl":{"start":{"line":1,"column":25},"end":{"line":1,"column":null}},"loc":{"start":{"line":1,"column":25},"end":{"line":1,"column":null}}},"1":{"name":"(anonymous_1)","decl":{"start":{"line":10,"column":27},"end":{"line":10,"column":28}},"loc":{"start":{"line":10,"column":43},"end":{"line":17,"column":2}}},"2":{"name":"(anonymous_2)","decl":{"start":{"line":19,"column":21},"end":{"line":19,"column":27}},"loc":{"start":{"line":19,"column":27},"end":{"line":68,"column":2}}}},"branchMap":{"0":{"loc":{"start":{"line":1,"column":25},"end":{"line":1,"column":null}},"type":"binary-expr","locations":[{"start":{"line":1,"column":25},"end":{"line":1,"column":null}},{"start":{"line":1,"column":25},"end":{"line":1,"column":null}}]},"1":{"loc":{"start":{"line":1,"column":25},"end":{"line":1,"column":null}},"type":"if","locations":[{"start":{"line":1,"column":25},"end":{"line":1,"column":null}}]}},"s":{"0":927,"1":103,"2":103,"3":103,"4":209,"5":103,"6":103,"7":209,"8":103,"9":206},"f":{"0":206,"1":209,"2":209},"b":{"0":[206,103],"1":[103]}}
,"/Users/radu/Programming/eox/cypress-realworld-app/src/components/SvgCypressLogo.tsx": {"path":"/Users/radu/Programming/eox/cypress-realworld-app/src/components/SvgCypressLogo.tsx","statementMap":{"0":{"start":{"line":1,"column":30},"end":{"line":1,"column":null}},"1":{"start":{"line":4,"column":2},"end":{"line":78,"column":null}},"2":{"start":{"line":80,"column":1},"end":{"line":3,"column":24}},"3":{"start":{"line":82,"column":30},"end":{"line":82,"column":null}}},"fnMap":{"0":{"name":"(anonymous_0)","decl":{"start":{"line":1,"column":30},"end":{"line":1,"column":null}},"loc":{"start":{"line":1,"column":30},"end":{"line":1,"column":null}}},"1":{"name":"SvgCypressLogo","decl":{"start":{"line":3,"column":9},"end":{"line":3,"column":24}},"loc":{"start":{"line":3,"column":36},"end":{"line":80,"column":1}}}},"branchMap":{"0":{"loc":{"start":{"line":1,"column":30},"end":{"line":1,"column":null}},"type":"binary-expr","locations":[{"start":{"line":1,"column":30},"end":{"line":1,"column":null}},{"start":{"line":1,"column":30},"end":{"line":1,"column":null}}]},"1":{"loc":{"start":{"line":1,"column":30},"end":{"line":1,"column":null}},"type":"if","locations":[{"start":{"line":1,"column":30},"end":{"line":1,"column":null}}]}},"s":{"0":824,"1":572,"2":103,"3":103},"f":{"0":103,"1":572},"b":{"0":[206,103],"1":[103]}}
,"/Users/radu/Programming/eox/cypress-realworld-app/src/components/SvgRwaIconLogo.tsx": {"path":"/Users/radu/Programming/eox/cypress-realworld-app/src/components/SvgRwaIconLogo.tsx","statementMap":{"0":{"start":{"line":1,"column":30},"end":{"line":1,"column":null}},"1":{"start":{"line":4,"column":2},"end":{"line":17,"column":null}},"2":{"start":{"line":19,"column":1},"end":{"line":3,"column":24}},"3":{"start":{"line":21,"column":30},"end":{"line":21,"column":null}}},"fnMap":{"0":{"name":"(anonymous_0)","decl":{"start":{"line":1,"column":30},"end":{"line":1,"column":null}},"loc":{"start":{"line":1,"column":30},"end":{"line":1,"column":null}}},"1":{"name":"SvgRwaIconLogo","decl":{"start":{"line":3,"column":9},"end":{"line":3,"column":24}},"loc":{"start":{"line":3,"column":36},"end":{"line":19,"column":1}}}},"branchMap":{"0":{"loc":{"start":{"line":1,"column":30},"end":{"line":1,"column":null}},"type":"binary-expr","locations":[{"start":{"line":1,"column":30},"end":{"line":1,"column":null}},{"start":{"line":1,"column":30},"end":{"line":1,"column":null}}]},"1":{"loc":{"start":{"line":1,"column":30},"end":{"line":1,"column":null}},"type":"if","locations":[{"start":{"line":1,"column":30},"end":{"line":1,"column":null}}]}},"s":{"0":824,"1":0,"2":103,"3":103},"f":{"0":103,"1":0},"b":{"0":[206,103],"1":[103]}}
,"/Users/radu/Programming/eox/cypress-realworld-app/src/components/SvgRwaLogo.tsx": {"path":"/Users/radu/Programming/eox/cypress-realworld-app/src/components/SvgRwaLogo.tsx","statementMap":{"0":{"start":{"line":1,"column":30},"end":{"line":1,"column":null}},"1":{"start":{"line":4,"column":2},"end":{"line":19,"column":null}},"2":{"start":{"line":21,"column":1},"end":{"line":3,"column":20}},"3":{"start":{"line":23,"column":26},"end":{"line":23,"column":null}}},"fnMap":{"0":{"name":"(anonymous_0)","decl":{"start":{"line":1,"column":30},"end":{"line":1,"column":null}},"loc":{"start":{"line":1,"column":30},"end":{"line":1,"column":null}}},"1":{"name":"SvgRwaLogo","decl":{"start":{"line":3,"column":9},"end":{"line":3,"column":20}},"loc":{"start":{"line":3,"column":32},"end":{"line":21,"column":1}}}},"branchMap":{"0":{"loc":{"start":{"line":1,"column":30},"end":{"line":1,"column":null}},"type":"binary-expr","locations":[{"start":{"line":1,"column":30},"end":{"line":1,"column":null}},{"start":{"line":1,"column":30},"end":{"line":1,"column":null}}]},"1":{"loc":{"start":{"line":1,"column":30},"end":{"line":1,"column":null}},"type":"if","locations":[{"start":{"line":1,"column":30},"end":{"line":1,"column":null}}]}},"s":{"0":824,"1":630,"2":103,"3":103},"f":{"0":103,"1":630},"b":{"0":[206,103],"1":[103]}}
,"/Users/radu/Programming/eox/cypress-realworld-app/src/components/SvgUndrawNavigatorA479.tsx": {"path":"/Users/radu/Programming/eox/cypress-realworld-app/src/components/SvgUndrawNavigatorA479.tsx","statementMap":{"0":{"start":{"line":1,"column":30},"end":{"line":1,"column":null}},"1":{"start":{"line":4,"column":2},"end":{"line":110,"column":null}},"2":{"start":{"line":112,"column":1},"end":{"line":3,"column":32}},"3":{"start":{"line":114,"column":38},"end":{"line":114,"column":null}}},"fnMap":{"0":{"name":"(anonymous_0)","decl":{"start":{"line":1,"column":30},"end":{"line":1,"column":null}},"loc":{"start":{"line":1,"column":30},"end":{"line":1,"column":null}}},"1":{"name":"SvgUndrawNavigatorA479","decl":{"start":{"line":3,"column":9},"end":{"line":3,"column":32}},"loc":{"start":{"line":3,"column":44},"end":{"line":112,"column":1}}}},"branchMap":{"0":{"loc":{"start":{"line":1,"column":30},"end":{"line":1,"column":null}},"type":"binary-expr","locations":[{"start":{"line":1,"column":30},"end":{"line":1,"column":null}},{"start":{"line":1,"column":30},"end":{"line":1,"column":null}}]},"1":{"loc":{"start":{"line":1,"column":30},"end":{"line":1,"column":null}},"type":"if","locations":[{"start":{"line":1,"column":30},"end":{"line":1,"column":null}}]}},"s":{"0":824,"1":3,"2":103,"3":103},"f":{"0":103,"1":3},"b":{"0":[206,103],"1":[103]}}
,"/Users/radu/Programming/eox/cypress-realworld-app/src/components/SvgUndrawPersonalFinanceTqcd.tsx": {"path":"/Users/radu/Programming/eox/cypress-realworld-app/src/components/SvgUndrawPersonalFinanceTqcd.tsx","statementMap":{"0":{"start":{"line":1,"column":30},"end":{"line":1,"column":null}},"1":{"start":{"line":4,"column":2},"end":{"line":80,"column":null}},"2":{"start":{"line":82,"column":1},"end":{"line":3,"column":38}},"3":{"start":{"line":84,"column":44},"end":{"line":84,"column":null}}},"fnMap":{"0":{"name":"(anonymous_0)","decl":{"start":{"line":1,"column":30},"end":{"line":1,"column":null}},"loc":{"start":{"line":1,"column":30},"end":{"line":1,"column":null}}},"1":{"name":"SvgUndrawPersonalFinanceTqcd","decl":{"start":{"line":3,"column":9},"end":{"line":3,"column":38}},"loc":{"start":{"line":3,"column":50},"end":{"line":82,"column":1}}}},"branchMap":{"0":{"loc":{"start":{"line":1,"column":30},"end":{"line":1,"column":null}},"type":"binary-expr","locations":[{"start":{"line":1,"column":30},"end":{"line":1,"column":null}},{"start":{"line":1,"column":30},"end":{"line":1,"column":null}}]},"1":{"loc":{"start":{"line":1,"column":30},"end":{"line":1,"column":null}},"type":"if","locations":[{"start":{"line":1,"column":30},"end":{"line":1,"column":null}}]}},"s":{"0":824,"1":3,"2":103,"3":103},"f":{"0":103,"1":3},"b":{"0":[206,103],"1":[103]}}
,"/Users/radu/Programming/eox/cypress-realworld-app/src/components/SvgUndrawPersonalSettingsKihd.tsx": {"path":"/Users/radu/Programming/eox/cypress-realworld-app/src/components/SvgUndrawPersonalSettingsKihd.tsx","statementMap":{"0":{"start":{"line":1,"column":30},"end":{"line":1,"column":null}},"1":{"start":{"line":4,"column":2},"end":{"line":231,"column":null}},"2":{"start":{"line":233,"column":1},"end":{"line":3,"column":39}},"3":{"start":{"line":235,"column":45},"end":{"line":235,"column":null}}},"fnMap":{"0":{"name":"(anonymous_0)","decl":{"start":{"line":1,"column":30},"end":{"line":1,"column":null}},"loc":{"start":{"line":1,"column":30},"end":{"line":1,"column":null}}},"1":{"name":"SvgUndrawPersonalSettingsKihd","decl":{"start":{"line":3,"column":9},"end":{"line":3,"column":39}},"loc":{"start":{"line":3,"column":51},"end":{"line":233,"column":1}}}},"branchMap":{"0":{"loc":{"start":{"line":1,"column":30},"end":{"line":1,"column":null}},"type":"binary-expr","locations":[{"start":{"line":1,"column":30},"end":{"line":1,"column":null}},{"start":{"line":1,"column":30},"end":{"line":1,"column":null}}]},"1":{"loc":{"start":{"line":1,"column":30},"end":{"line":1,"column":null}},"type":"if","locations":[{"start":{"line":1,"column":30},"end":{"line":1,"column":null}}]}},"s":{"0":824,"1":8,"2":103,"3":103},"f":{"0":103,"1":8},"b":{"0":[206,103],"1":[103]}}
,"/Users/radu/Programming/eox/cypress-realworld-app/src/components/SvgUndrawReminders697P.tsx": {"path":"/Users/radu/Programming/eox/cypress-realworld-app/src/components/SvgUndrawReminders697P.tsx","statementMap":{"0":{"start":{"line":1,"column":30},"end":{"line":1,"column":null}},"1":{"start":{"line":4,"column":2},"end":{"line":124,"column":null}},"2":{"start":{"line":126,"column":1},"end":{"line":3,"column":32}},"3":{"start":{"line":128,"column":38},"end":{"line":128,"column":null}}},"fnMap":{"0":{"name":"(anonymous_0)","decl":{"start":{"line":1,"column":30},"end":{"line":1,"column":null}},"loc":{"start":{"line":1,"column":30},"end":{"line":1,"column":null}}},"1":{"name":"SvgUndrawReminders697P","decl":{"start":{"line":3,"column":9},"end":{"line":3,"column":32}},"loc":{"start":{"line":3,"column":44},"end":{"line":126,"column":1}}}},"branchMap":{"0":{"loc":{"start":{"line":1,"column":30},"end":{"line":1,"column":null}},"type":"binary-expr","locations":[{"start":{"line":1,"column":30},"end":{"line":1,"column":null}},{"start":{"line":1,"column":30},"end":{"line":1,"column":null}}]},"1":{"loc":{"start":{"line":1,"column":30},"end":{"line":1,"column":null}},"type":"if","locations":[{"start":{"line":1,"column":30},"end":{"line":1,"column":null}}]}},"s":{"0":824,"1":3,"2":103,"3":103},"f":{"0":103,"1":3},"b":{"0":[206,103],"1":[103]}}
,"/Users/radu/Programming/eox/cypress-realworld-app/src/components/SvgUndrawTransferMoneyRywa.tsx": {"path":"/Users/radu/Programming/eox/cypress-realworld-app/src/components/SvgUndrawTransferMoneyRywa.tsx","statementMap":{"0":{"start":{"line":1,"column":30},"end":{"line":1,"column":null}},"1":{"start":{"line":4,"column":2},"end":{"line":277,"column":null}},"2":{"start":{"line":279,"column":1},"end":{"line":3,"column":36}},"3":{"start":{"line":281,"column":42},"end":{"line":281,"column":null}}},"fnMap":{"0":{"name":"(anonymous_0)","decl":{"start":{"line":1,"column":30},"end":{"line":1,"column":null}},"loc":{"start":{"line":1,"column":30},"end":{"line":1,"column":null}}},"1":{"name":"SvgUndrawTransferMoneyRywa","decl":{"start":{"line":3,"column":9},"end":{"line":3,"column":36}},"loc":{"start":{"line":3,"column":48},"end":{"line":279,"column":1}}}},"branchMap":{"0":{"loc":{"start":{"line":1,"column":30},"end":{"line":1,"column":null}},"type":"binary-expr","locations":[{"start":{"line":1,"column":30},"end":{"line":1,"column":null}},{"start":{"line":1,"column":30},"end":{"line":1,"column":null}}]},"1":{"loc":{"start":{"line":1,"column":30},"end":{"line":1,"column":null}},"type":"if","locations":[{"start":{"line":1,"column":30},"end":{"line":1,"column":null}}]}},"s":{"0":824,"1":127,"2":103,"3":103},"f":{"0":103,"1":127},"b":{"0":[206,103],"1":[103]}}
[...]
,"/Users/radu/Programming/eox/cypress-realworld-app/src/utils/asyncUtils.ts": {"path":"/Users/radu/Programming/eox/cypress-realworld-app/src/utils/asyncUtils.ts","statementMap":{"0":{"start":{"line":3,"column":19},"end":{"line":5,"column":null}},"1":{"start":{"line":7,"column":0},"end":{"line":20,"column":null}},"2":{"start":{"line":9,"column":2},"end":{"line":18,"column":null}},"3":{"start":{"line":15,"column":24},"end":{"line":15,"column":null}},"4":{"start":{"line":17,"column":4},"end":{"line":17,"column":null}},"5":{"start":{"line":19,"column":2},"end":{"line":19,"column":null}}},"fnMap":{"0":{"name":"(anonymous_0)","decl":{"start":{"line":7,"column":36},"end":{"line":7,"column":37}},"loc":{"start":{"line":7,"column":48},"end":{"line":20,"column":1}}}},"branchMap":{"0":{"loc":{"start":{"line":9,"column":2},"end":{"line":18,"column":null}},"type":"if","locations":[{"start":{"line":9,"column":2},"end":{"line":18,"column":null}}]},"1":{"loc":{"start":{"line":10,"column":4},"end":{"line":13,"column":null}},"type":"binary-expr","locations":[{"start":{"line":10,"column":4},"end":{"line":10,"column":null}},{"start":{"line":11,"column":4},"end":{"line":11,"column":null}},{"start":{"line":12,"column":4},"end":{"line":12,"column":null}},{"start":{"line":13,"column":4},"end":{"line":13,"column":null}}]}},"s":{"0":103,"1":103,"2":512,"3":0,"4":0,"5":512},"f":{"0":512},"b":{"0":[0],"1":[512,512,512,512]}}
,"/Users/radu/Programming/eox/cypress-realworld-app/src/utils/historyUtils.ts": {"path":"/Users/radu/Programming/eox/cypress-realworld-app/src/utils/historyUtils.ts","statementMap":{"0":{"start":{"line":3,"column":23},"end":{"line":3,"column":null}}},"fnMap":{},"branchMap":{},"s":{"0":103},"f":{},"b":{}}
,"/Users/radu/Programming/eox/cypress-realworld-app/src/utils/portUtils.ts": {"path":"/Users/radu/Programming/eox/cypress-realworld-app/src/utils/portUtils.ts","statementMap":{"0":{"start":{"line":4,"column":28},"end":{"line":4,"column":null}},"1":{"start":{"line":5,"column":27},"end":{"line":5,"column":null}},"2":{"start":{"line":7,"column":30},"end":{"line":25,"column":null}},"3":{"start":{"line":8,"column":2},"end":{"line":24,"column":null}},"4":{"start":{"line":10,"column":6},"end":{"line":13,"column":null}},"5":{"start":{"line":11,"column":8},"end":{"line":11,"column":null}},"6":{"start":{"line":12,"column":8},"end":{"line":12,"column":null}},"7":{"start":{"line":15,"column":6},"end":{"line":19,"column":null}},"8":{"start":{"line":20,"column":6},"end":{"line":20,"column":null}},"9":{"start":{"line":23,"column":6},"end":{"line":23,"column":null}}},"fnMap":{"0":{"name":"(anonymous_0)","decl":{"start":{"line":7,"column":30},"end":{"line":7,"column":42}},"loc":{"start":{"line":7,"column":42},"end":{"line":25,"column":null}}},"1":{"name":"(anonymous_1)","decl":{"start":{"line":9,"column":10},"end":{"line":9,"column":11}},"loc":{"start":{"line":9,"column":21},"end":{"line":21,"column":5}}},"2":{"name":"(anonymous_2)","decl":{"start":{"line":22,"column":11},"end":{"line":22,"column":12}},"loc":{"start":{"line":22,"column":20},"end":{"line":24,"column":5}}}},"branchMap":{"0":{"loc":{"start":{"line":10,"column":6},"end":{"line":13,"column":null}},"type":"if","locations":[{"start":{"line":10,"column":6},"end":{"line":13,"column":null}}]}},"s":{"0":103,"1":103,"2":103,"3":0,"4":0,"5":0,"6":0,"7":0,"8":0,"9":0},"f":{"0":0,"1":0,"2":0},"b":{"0":[0]}}
,"/Users/radu/Programming/eox/cypress-realworld-app/src/utils/transactionUtils.ts": {"path":"/Users/radu/Programming/eox/cypress-realworld-app/src/utils/transactionUtils.ts","statementMap":{"0":{"start":{"line":33,"column":36},"end":{"line":34,"column":null}},"1":{"start":{"line":34,"column":2},"end":{"line":34,"column":null}},"2":{"start":{"line":37,"column":43},"end":{"line":38,"column":null}},"3":{"start":{"line":38,"column":2},"end":{"line":38,"column":null}},"4":{"start":{"line":41,"column":44},"end":{"line":42,"column":null}},"5":{"start":{"line":42,"column":2},"end":{"line":42,"column":null}},"6":{"start":{"line":45,"column":44},"end":{"line":46,"column":null}},"7":{"start":{"line":46,"column":2},"end":{"line":46,"column":null}},"8":{"start":{"line":48,"column":25},"end":{"line":48,"column":null}},"9":{"start":{"line":51,"column":29},"end":{"line":52,"column":null}},"10":{"start":{"line":52,"column":2},"end":{"line":52,"column":null}},"11":{"start":{"line":55,"column":28},"end":{"line":55,"column":null}},"12":{"start":{"line":55,"column":48},"end":{"line":55,"column":null}},"13":{"start":{"line":58,"column":34},"end":{"line":58,"column":null}},"14":{"start":{"line":58,"column":54},"end":{"line":58,"column":null}},"15":{"start":{"line":60,"column":32},"end":{"line":64,"column":null}},"16":{"start":{"line":61,"column":2},"end":{"line":63,"column":null}},"17":{"start":{"line":66,"column":30},"end":{"line":68,"column":null}},"18":{"start":{"line":67,"column":2},"end":{"line":67,"column":null}},"19":{"start":{"line":70,"column":31},"end":{"line":71,"column":null}},"20":{"start":{"line":71,"column":2},"end":{"line":71,"column":null}},"21":{"start":{"line":73,"column":33},"end":{"line":75,"column":null}},"22":{"start":{"line":74,"column":2},"end":{"line":74,"column":null}},"23":{"start":{"line":77,"column":39},"end":{"line":78,"column":null}},"24":{"start":{"line":78,"column":2},"end":{"line":78,"column":null}},"25":{"start":{"line":80,"column":34},"end":{"line":81,"column":null}},"26":{"start":{"line":81,"column":2},"end":{"line":81,"column":null}},"27":{"start":{"line":84,"column":37},"end":{"line":85,"column":null}},"28":{"start":{"line":85,"column":2},"end":{"line":85,"column":null}},"29":{"start":{"line":87,"column":30},"end":{"line":88,"column":null}},"30":{"start":{"line":88,"column":2},"end":{"line":88,"column":null}},"31":{"start":{"line":90,"column":37},"end":{"line":92,"column":null}},"32":{"start":{"line":92,"column":42},"end":{"line":92,"column":null}},"33":{"start":{"line":94,"column":34},"end":{"line":96,"column":null}},"34":{"start":{"line":96,"column":39},"end":{"line":96,"column":null}},"35":{"start":{"line":98,"column":37},"end":{"line":99,"column":null}},"36":{"start":{"line":99,"column":2},"end":{"line":99,"column":null}},"37":{"start":{"line":102,"column":46},"end":{"line":103,"column":null}},"38":{"start":{"line":103,"column":2},"end":{"line":103,"column":null}},"39":{"start":{"line":106,"column":45},"end":{"line":107,"column":null}},"40":{"start":{"line":107,"column":2},"end":{"line":107,"column":null}},"41":{"start":{"line":110,"column":43},"end":{"line":117,"column":null}},"42":{"start":{"line":114,"column":2},"end":{"line":117,"column":null}},"43":{"start":{"line":115,"column":19},"end":{"line":115,"column":77}},"44":{"start":{"line":119,"column":34},"end":{"line":120,"column":null}},"45":{"start":{"line":120,"column":2},"end":{"line":120,"column":null}},"46":{"start":{"line":122,"column":34},"end":{"line":123,"column":null}},"47":{"start":{"line":123,"column":2},"end":{"line":123,"column":null}},"48":{"start":{"line":125,"column":35},"end":{"line":126,"column":null}},"49":{"start":{"line":126,"column":2},"end":{"line":126,"column":null}},"50":{"start":{"line":128,"column":36},"end":{"line":130,"column":null}},"51":{"start":{"line":130,"column":5},"end":{"line":130,"column":null}},"52":{"start":{"line":132,"column":36},"end":{"line":133,"column":null}},"53":{"start":{"line":133,"column":2},"end":{"line":133,"column":null}},"54":{"start":{"line":135,"column":37},"end":{"line":136,"column":null}},"55":{"start":{"line":136,"column":2},"end":{"line":136,"column":null}},"56":{"start":{"line":139,"column":40},"end":{"line":141,"column":null}},"57":{"start":{"line":141,"column":5},"end":{"line":141,"column":null}},"58":{"start":{"line":143,"column":41},"end":{"line":144,"column":null}},"59":{"start":{"line":144,"column":2},"end":{"line":144,"column":null}},"60":{"start":{"line":147,"column":41},"end":{"line":148,"column":null}},"61":{"start":{"line":148,"column":2},"end":{"line":148,"column":null}},"62":{"start":{"line":151,"column":43},"end":{"line":152,"column":null}},"63":{"start":{"line":152,"column":2},"end":{"line":152,"column":null}},"64":{"start":{"line":154,"column":43},"end":{"line":155,"column":null}},"65":{"start":{"line":155,"column":2},"end":{"line":155,"column":null}},"66":{"start":{"line":158,"column":34},"end":{"line":158,"column":null}},"67":{"start":{"line":158,"column":54},"end":{"line":158,"column":null}},"68":{"start":{"line":161,"column":36},"end":{"line":162,"column":null}},"69":{"start":{"line":162,"column":2},"end":{"line":162,"column":null}},"70":{"start":{"line":165,"column":41},"end":{"line":167,"column":null}},"71":{"start":{"line":167,"column":2},"end":{"line":167,"column":null}},"72":{"start":{"line":170,"column":39},"end":{"line":172,"column":null}},"73":{"start":{"line":172,"column":2},"end":{"line":172,"column":null}},"74":{"start":{"line":174,"column":33},"end":{"line":182,"column":null}},"75":{"start":{"line":175,"column":8},"end":{"line":175,"column":null}},"76":{"start":{"line":176,"column":21},"end":{"line":176,"column":null}},"77":{"start":{"line":178,"column":2},"end":{"line":181,"column":null}},"78":{"start":{"line":188,"column":29},"end":{"line":188,"column":null}},"79":{"start":{"line":188,"column":45},"end":{"line":188,"column":null}},"80":{"start":{"line":192,"column":27},"end":{"line":192,"column":null}},"81":{"start":{"line":192,"column":43},"end":{"line":192,"column":null}}},"fnMap":{"0":{"name":"(anonymous_0)","decl":{"start":{"line":33,"column":36},"end":{"line":33,"column":37}},"loc":{"start":{"line":34,"column":2},"end":{"line":34,"column":null}}},"1":{"name":"(anonymous_1)","decl":{"start":{"line":37,"column":43},"end":{"line":37,"column":44}},"loc":{"start":{"line":38,"column":2},"end":{"line":38,"column":null}}},"2":{"name":"(anonymous_2)","decl":{"start":{"line":41,"column":44},"end":{"line":41,"column":45}},"loc":{"start":{"line":42,"column":2},"end":{"line":42,"column":null}}},"3":{"name":"(anonymous_3)","decl":{"start":{"line":45,"column":44},"end":{"line":45,"column":45}},"loc":{"start":{"line":46,"column":2},"end":{"line":46,"column":null}}},"4":{"name":"(anonymous_4)","decl":{"start":{"line":51,"column":29},"end":{"line":51,"column":30}},"loc":{"start":{"line":52,"column":2},"end":{"line":52,"column":null}}},"5":{"name":"(anonymous_5)","decl":{"start":{"line":55,"column":28},"end":{"line":55,"column":29}},"loc":{"start":{"line":55,"column":48},"end":{"line":55,"column":null}}},"6":{"name":"(anonymous_6)","decl":{"start":{"line":58,"column":34},"end":{"line":58,"column":35}},"loc":{"start":{"line":58,"column":54},"end":{"line":58,"column":null}}},"7":{"name":"(anonymous_7)","decl":{"start":{"line":60,"column":38},"end":{"line":60,"column":39}},"loc":{"start":{"line":61,"column":2},"end":{"line":63,"column":null}}},"8":{"name":"(anonymous_8)","decl":{"start":{"line":66,"column":36},"end":{"line":66,"column":37}},"loc":{"start":{"line":67,"column":2},"end":{"line":67,"column":null}}},"9":{"name":"(anonymous_9)","decl":{"start":{"line":70,"column":31},"end":{"line":70,"column":32}},"loc":{"start":{"line":71,"column":2},"end":{"line":71,"column":null}}},"10":{"name":"(anonymous_10)","decl":{"start":{"line":73,"column":39},"end":{"line":73,"column":40}},"loc":{"start":{"line":74,"column":2},"end":{"line":74,"column":null}}},"11":{"name":"(anonymous_11)","decl":{"start":{"line":77,"column":39},"end":{"line":77,"column":40}},"loc":{"start":{"line":78,"column":2},"end":{"line":78,"column":null}}},"12":{"name":"(anonymous_12)","decl":{"start":{"line":80,"column":34},"end":{"line":80,"column":35}},"loc":{"start":{"line":81,"column":2},"end":{"line":81,"column":null}}},"13":{"name":"(anonymous_13)","decl":{"start":{"line":84,"column":37},"end":{"line":84,"column":38}},"loc":{"start":{"line":85,"column":2},"end":{"line":85,"column":null}}},"14":{"name":"(anonymous_14)","decl":{"start":{"line":87,"column":30},"end":{"line":87,"column":31}},"loc":{"start":{"line":88,"column":2},"end":{"line":88,"column":null}}},"15":{"name":"(anonymous_15)","decl":{"start":{"line":90,"column":37},"end":{"line":90,"column":null}},"loc":{"start":{"line":92,"column":42},"end":{"line":92,"column":null}}},"16":{"name":"(anonymous_16)","decl":{"start":{"line":94,"column":34},"end":{"line":94,"column":null}},"loc":{"start":{"line":96,"column":39},"end":{"line":96,"column":null}}},"17":{"name":"(anonymous_17)","decl":{"start":{"line":98,"column":37},"end":{"line":98,"column":38}},"loc":{"start":{"line":99,"column":2},"end":{"line":99,"column":null}}},"18":{"name":"(anonymous_18)","decl":{"start":{"line":102,"column":46},"end":{"line":102,"column":47}},"loc":{"start":{"line":103,"column":2},"end":{"line":103,"column":null}}},"19":{"name":"(anonymous_19)","decl":{"start":{"line":106,"column":45},"end":{"line":106,"column":46}},"loc":{"start":{"line":107,"column":2},"end":{"line":107,"column":null}}},"20":{"name":"(anonymous_20)","decl":{"start":{"line":110,"column":43},"end":{"line":110,"column":null}},"loc":{"start":{"line":114,"column":2},"end":{"line":117,"column":null}}},"21":{"name":"(anonymous_21)","decl":{"start":{"line":115,"column":9},"end":{"line":115,"column":10}},"loc":{"start":{"line":115,"column":19},"end":{"line":115,"column":77}}},"22":{"name":"(anonymous_22)","decl":{"start":{"line":119,"column":34},"end":{"line":119,"column":35}},"loc":{"start":{"line":120,"column":2},"end":{"line":120,"column":null}}},"23":{"name":"(anonymous_23)","decl":{"start":{"line":122,"column":34},"end":{"line":122,"column":35}},"loc":{"start":{"line":123,"column":2},"end":{"line":123,"column":null}}},"24":{"name":"(anonymous_24)","decl":{"start":{"line":125,"column":35},"end":{"line":125,"column":36}},"loc":{"start":{"line":126,"column":2},"end":{"line":126,"column":null}}},"25":{"name":"(anonymous_25)","decl":{"start":{"line":128,"column":36},"end":{"line":128,"column":null}},"loc":{"start":{"line":130,"column":5},"end":{"line":130,"column":null}}},"26":{"name":"(anonymous_26)","decl":{"start":{"line":132,"column":36},"end":{"line":132,"column":37}},"loc":{"start":{"line":133,"column":2},"end":{"line":133,"column":null}}},"27":{"name":"(anonymous_27)","decl":{"start":{"line":135,"column":37},"end":{"line":135,"column":38}},"loc":{"start":{"line":136,"column":2},"end":{"line":136,"column":null}}},"28":{"name":"(anonymous_28)","decl":{"start":{"line":139,"column":40},"end":{"line":139,"column":null}},"loc":{"start":{"line":141,"column":5},"end":{"line":141,"column":null}}},"29":{"name":"(anonymous_29)","decl":{"start":{"line":143,"column":41},"end":{"line":143,"column":42}},"loc":{"start":{"line":144,"column":2},"end":{"line":144,"column":null}}},"30":{"name":"(anonymous_30)","decl":{"start":{"line":147,"column":41},"end":{"line":147,"column":42}},"loc":{"start":{"line":148,"column":2},"end":{"line":148,"column":null}}},"31":{"name":"(anonymous_31)","decl":{"start":{"line":151,"column":43},"end":{"line":151,"column":44}},"loc":{"start":{"line":152,"column":2},"end":{"line":152,"column":null}}},"32":{"name":"(anonymous_32)","decl":{"start":{"line":154,"column":43},"end":{"line":154,"column":44}},"loc":{"start":{"line":155,"column":2},"end":{"line":155,"column":null}}},"33":{"name":"(anonymous_33)","decl":{"start":{"line":158,"column":34},"end":{"line":158,"column":35}},"loc":{"start":{"line":158,"column":54},"end":{"line":158,"column":null}}},"34":{"name":"(anonymous_34)","decl":{"start":{"line":161,"column":36},"end":{"line":161,"column":37}},"loc":{"start":{"line":162,"column":2},"end":{"line":162,"column":null}}},"35":{"name":"(anonymous_35)","decl":{"start":{"line":165,"column":41},"end":{"line":165,"column":42}},"loc":{"start":{"line":167,"column":2},"end":{"line":167,"column":null}}},"36":{"name":"(anonymous_36)","decl":{"start":{"line":170,"column":39},"end":{"line":170,"column":40}},"loc":{"start":{"line":172,"column":2},"end":{"line":172,"column":null}}},"37":{"name":"(anonymous_37)","decl":{"start":{"line":174,"column":33},"end":{"line":174,"column":34}},"loc":{"start":{"line":174,"column":78},"end":{"line":182,"column":null}}},"38":{"name":"(anonymous_38)","decl":{"start":{"line":188,"column":29},"end":{"line":188,"column":30}},"loc":{"start":{"line":188,"column":45},"end":{"line":188,"column":null}}},"39":{"name":"(anonymous_39)","decl":{"start":{"line":192,"column":27},"end":{"line":192,"column":28}},"loc":{"start":{"line":192,"column":43},"end":{"line":192,"column":null}}}},"branchMap":{"0":{"loc":{"start":{"line":51,"column":30},"end":{"line":51,"column":50}},"type":"default-arg","locations":[{"start":{"line":51,"column":44},"end":{"line":51,"column":50}}]},"1":{"loc":{"start":{"line":51,"column":50},"end":{"line":51,"column":null}},"type":"default-arg","locations":[{"start":{"line":51,"column":64},"end":{"line":51,"column":null}}]},"2":{"loc":{"start":{"line":120,"column":2},"end":{"line":120,"column":null}},"type":"binary-expr","locations":[{"start":{"line":120,"column":2},"end":{"line":120,"column":34}},{"start":{"line":120,"column":34},"end":{"line":120,"column":null}}]},"3":{"loc":{"start":{"line":130,"column":5},"end":{"line":130,"column":null}},"type":"binary-expr","locations":[{"start":{"line":130,"column":5},"end":{"line":130,"column":32}},{"start":{"line":130,"column":32},"end":{"line":130,"column":null}}]},"4":{"loc":{"start":{"line":141,"column":5},"end":{"line":141,"column":null}},"type":"binary-expr","locations":[{"start":{"line":141,"column":5},"end":{"line":141,"column":27}},{"start":{"line":141,"column":27},"end":{"line":141,"column":null}}]},"5":{"loc":{"start":{"line":148,"column":2},"end":{"line":148,"column":null}},"type":"cond-expr","locations":[{"start":{"line":148,"column":39},"end":{"line":148,"column":68}},{"start":{"line":148,"column":68},"end":{"line":148,"column":null}}]},"6":{"loc":{"start":{"line":148,"column":2},"end":{"line":148,"column":39}},"type":"binary-expr","locations":[{"start":{"line":148,"column":2},"end":{"line":148,"column":11}},{"start":{"line":148,"column":11},"end":{"line":148,"column":39}}]},"7":{"loc":{"start":{"line":152,"column":2},"end":{"line":152,"column":null}},"type":"cond-expr","locations":[{"start":{"line":152,"column":41},"end":{"line":152,"column":72}},{"start":{"line":152,"column":72},"end":{"line":152,"column":null}}]},"8":{"loc":{"start":{"line":152,"column":2},"end":{"line":152,"column":41}},"type":"binary-expr","locations":[{"start":{"line":152,"column":2},"end":{"line":152,"column":11}},{"start":{"line":152,"column":11},"end":{"line":152,"column":41}}]}},"s":{"0":103,"1":6564,"2":103,"3":24,"4":103,"5":673,"6":103,"7":0,"8":103,"9":103,"10":0,"11":103,"12":2657,"13":103,"14":824,"15":103,"16":0,"17":103,"18":0,"19":103,"20":0,"21":103,"22":0,"23":103,"24":0,"25":103,"26":0,"27":103,"28":38,"29":103,"30":0,"31":103,"32":189,"33":103,"34":189,"35":103,"36":189,"37":103,"38":132,"39":103,"40":66,"41":103,"42":38,"43":8,"44":103,"45":3,"46":103,"47":3,"48":103,"49":0,"50":103,"51":0,"52":103,"53":3,"54":103,"55":0,"56":103,"57":0,"58":103,"59":0,"60":103,"61":0,"62":103,"63":0,"64":103,"65":0,"66":103,"67":848,"68":103,"69":18,"70":103,"71":18,"72":103,"73":403,"74":103,"75":0,"76":0,"77":0,"78":103,"79":0,"80":103,"81":0},"f":{"0":6564,"1":24,"2":673,"3":0,"4":0,"5":2657,"6":824,"7":0,"8":0,"9":0,"10":0,"11":0,"12":0,"13":38,"14":0,"15":189,"16":189,"17":189,"18":132,"19":66,"20":38,"21":8,"22":3,"23":3,"24":0,"25":0,"26":3,"27":0,"28":0,"29":0,"30":0,"31":0,"32":0,"33":848,"34":18,"35":18,"36":403,"37":0,"38":0,"39":0},"b":{"0":[0],"1":[0],"2":[3,3],"3":[0,0],"4":[0,0],"5":[0,0],"6":[0,0],"7":[0,0],"8":[0,0]}}
}
