{"/Users/radu/Programming/eox/cypress-realworld-app/backend/app.ts": {"path":"/Users/radu/Programming/eox/cypress-realworld-app/backend/app.ts","statementMap":{"0":{"start":{"line":1,"column":0},"end":{"line":1,"column":30}},"1":{"start":{"line":2,"column":0},"end":{"line":2,"column":28}},"2":{"start":{"line":3,"column":0},"end":{"line":3,"column":28}},"3":{"start":{"line":4,"column":0},"end":{"line":4,"column":32}},"4":{"start":{"line":5,"column":0},"end":{"line":5,"column":38}},"5":{"start":{"line":6,"column":0},"end":{"line":6,"column":37}},"6":{"start":{"line":7,"column":0},"end":{"line":7,"column":24}},"7":{"start":{"line":8,"column":0},"end":{"line":8,"column":40}},"8":{"start":{"line":9,"column":0},"end":{"line":9,"column":79}},"9":{"start":{"line":10,"column":0},"end":{"line":10,"column":53}},"10":{"start":{"line":11,"column":0},"end":{"line":11,"column":71}},"11":{"start":{"line":12,"column":0},"end":{"line":12,"column":61}},"12":{"start":{"line":14,"column":0},"end":{"line":14,"column":26}},"13":{"start":{"line":15,"column":0},"end":{"line":15,"column":39}},"14":{"start":{"line":16,"column":0},"end":{"line":16,"column":45}},"15":{"start":{"line":17,"column":0},"end":{"line":17,"column":53}},"16":{"start":{"line":18,"column":0},"end":{"line":18,"column":58}},"17":{"start":{"line":19,"column":0},"end":{"line":19,"column":53}},"18":{"start":{"line":20,"column":0},"end":{"line":20,"column":39}},"19":{"start":{"line":21,"column":0},"end":{"line":21,"column":45}},"20":{"start":{"line":22,"column":0},"end":{"line":22,"column":55}},"21":{"start":{"line":23,"column":0},"end":{"line":23,"column":55}},"22":{"start":{"line":24,"column":0},"end":{"line":24,"column":47}},"23":{"start":{"line":25,"column":0},"end":{"line":25,"column":92}},"24":{"start":{"line":26,"column":0},"end":{"line":26,"column":44}},"25":{"start":{"line":27,"column":0},"end":{"line":27,"column":70}},"26":{"start":{"line":29,"column":0},"end":{"line":29,"column":27}},"27":{"start":{"line":31,"column":19},"end":{"line":34,"column":2}},"28":{"start":{"line":36,"column":15},"end":{"line":38,"column":2}},"29":{"start":{"line":40,"column":28},"end":{"line":43,"column":2}},"30":{"start":{"line":45,"column":12},"end":{"line":45,"column":21}},"31":{"start":{"line":53,"column":0},"end":{"line":53,"column":26}},"32":{"start":{"line":54,"column":0},"end":{"line":54,"column":23}},"33":{"start":{"line":55,"column":0},"end":{"line":55,"column":52}},"34":{"start":{"line":56,"column":0},"end":{"line":56,"column":27}},"35":{"start":{"line":58,"column":0},"end":{"line":65,"column":2}},"36":{"start":{"line":66,"column":0},"end":{"line":66,"column":31}},"37":{"start":{"line":67,"column":0},"end":{"line":67,"column":28}},"38":{"start":{"line":69,"column":0},"end":{"line":69,"column":65}},"39":{"start":{"line":76,"column":0},"end":{"line":76,"column":14}},"40":{"start":{"line":79,"column":0},"end":{"line":81,"column":null}},"41":{"start":{"line":84,"column":0},"end":{"line":86,"column":null}},"42":{"start":{"line":89,"column":0},"end":{"line":91,"column":null}},"43":{"start":{"line":94,"column":0},"end":{"line":96,"column":null}},"44":{"start":{"line":98,"column":0},"end":{"line":98,"column":41}},"45":{"start":{"line":99,"column":0},"end":{"line":107,"column":2}},"46":{"start":{"line":103,"column":30},"end":{"line":105,"column":null}},"47":{"start":{"line":104,"column":6},"end":{"line":104,"column":36}},"48":{"start":{"line":108,"column":0},"end":{"line":108,"column":30}},"49":{"start":{"line":109,"column":0},"end":{"line":109,"column":36}},"50":{"start":{"line":110,"column":0},"end":{"line":110,"column":44}},"51":{"start":{"line":111,"column":0},"end":{"line":111,"column":44}},"52":{"start":{"line":112,"column":0},"end":{"line":112,"column":30}},"53":{"start":{"line":113,"column":0},"end":{"line":113,"column":36}},"54":{"start":{"line":114,"column":0},"end":{"line":114,"column":46}},"55":{"start":{"line":115,"column":0},"end":{"line":115,"column":46}},"56":{"start":{"line":117,"column":0},"end":{"line":117,"column":54}},"57":{"start":{"line":119,"column":0},"end":{"line":121,"column":3}},"58":{"start":{"line":120,"column":2},"end":{"line":120,"column":19}}},"fnMap":{"0":{"name":"(anonymous_14)","decl":{"start":{"line":103,"column":13},"end":{"line":103,"column":20}},"loc":{"start":{"line":103,"column":30},"end":{"line":105,"column":null}}},"1":{"name":"(anonymous_15)","decl":{"start":{"line":103,"column":30},"end":{"line":103,"column":null}},"loc":{"start":{"line":103,"column":30},"end":{"line":105,"column":null}}},"2":{"name":"(anonymous_17)","decl":{"start":{"line":119,"column":22},"end":{"line":119,"column":23}},"loc":{"start":{"line":119,"column":27},"end":{"line":121,"column":1}}}},"branchMap":{"0":{"loc":{"start":{"line":79,"column":0},"end":{"line":81,"column":null}},"type":"if","locations":[{"start":{"line":79,"column":0},"end":{"line":81,"column":null}}]},"1":{"loc":{"start":{"line":84,"column":0},"end":{"line":86,"column":null}},"type":"if","locations":[{"start":{"line":84,"column":0},"end":{"line":86,"column":null}}]},"2":{"loc":{"start":{"line":89,"column":0},"end":{"line":91,"column":null}},"type":"if","locations":[{"start":{"line":89,"column":0},"end":{"line":91,"column":null}}]},"3":{"loc":{"start":{"line":94,"column":0},"end":{"line":96,"column":null}},"type":"if","locations":[{"start":{"line":94,"column":0},"end":{"line":96,"column":null}}]}},"s":{"0":4,"1":4,"2":4,"3":4,"4":4,"5":4,"6":4,"7":4,"8":4,"9":4,"10":4,"11":4,"12":4,"13":4,"14":4,"15":4,"16":4,"17":4,"18":4,"19":4,"20":4,"21":4,"22":4,"23":4,"24":4,"25":4,"26":4,"27":4,"28":4,"29":4,"30":4,"31":4,"32":4,"33":4,"34":4,"35":4,"36":4,"37":4,"38":4,"39":4,"40":4,"41":4,"42":4,"43":4,"44":4,"45":4,"46":60,"47":60,"48":4,"49":4,"50":4,"51":4,"52":4,"53":4,"54":4,"55":4,"56":4,"57":4,"58":4},"f":{"0":60,"1":60,"2":4},"b":{"0":[4],"1":[4],"2":[4],"3":[4]}}
,"/Users/radu/Programming/eox/cypress-realworld-app/backend/auth.ts": {"path":"/Users/radu/Programming/eox/cypress-realworld-app/backend/auth.ts","statementMap":{"0":{"start":{"line":1,"column":0},"end":{"line":1,"column":30}},"1":{"start":{"line":2,"column":0},"end":{"line":2,"column":32}},"2":{"start":{"line":3,"column":0},"end":{"line":3,"column":53}},"3":{"start":{"line":5,"column":0},"end":{"line":5,"column":52}},"4":{"start":{"line":7,"column":22},"end":{"line":7,"column":56}},"5":{"start":{"line":8,"column":15},"end":{"line":8,"column":31}},"6":{"start":{"line":11,"column":0},"end":{"line":27,"column":2}},"7":{"start":{"line":13,"column":17},"end":{"line":13,"column":48}},"8":{"start":{"line":15,"column":27},"end":{"line":15,"column":60}},"9":{"start":{"line":16,"column":4},"end":{"line":18,"column":null}},"10":{"start":{"line":17,"column":6},"end":{"line":17,"column":60}},"11":{"start":{"line":21,"column":4},"end":{"line":23,"column":null}},"12":{"start":{"line":22,"column":6},"end":{"line":22,"column":60}},"13":{"start":{"line":25,"column":4},"end":{"line":25,"column":28}},"14":{"start":{"line":29,"column":0},"end":{"line":31,"column":3}},"15":{"start":{"line":30,"column":2},"end":{"line":30,"column":22}},"16":{"start":{"line":33,"column":0},"end":{"line":36,"column":3}},"17":{"start":{"line":34,"column":15},"end":{"line":34,"column":30}},"18":{"start":{"line":35,"column":2},"end":{"line":35,"column":19}},"19":{"start":{"line":39,"column":0},"end":{"line":47,"column":3}},"20":{"start":{"line":40,"column":2},"end":{"line":44,"column":null}},"21":{"start":{"line":41,"column":4},"end":{"line":41,"column":58}},"22":{"start":{"line":43,"column":4},"end":{"line":43,"column":44}},"23":{"start":{"line":46,"column":2},"end":{"line":46,"column":31}},"24":{"start":{"line":49,"column":0},"end":{"line":55,"column":3}},"25":{"start":{"line":50,"column":2},"end":{"line":50,"column":33}},"26":{"start":{"line":51,"column":2},"end":{"line":51,"column":38}},"27":{"start":{"line":51,"column":19},"end":{"line":51,"column":37}},"28":{"start":{"line":52,"column":2},"end":{"line":54,"column":5}},"29":{"start":{"line":53,"column":4},"end":{"line":53,"column":22}},"30":{"start":{"line":57,"column":0},"end":{"line":64,"column":3}},"31":{"start":{"line":66,"column":0},"end":{"line":66,"column":22}}},"fnMap":{"0":{"name":"(anonymous_1)","decl":{"start":{"line":12,"column":20},"end":{"line":12,"column":30}},"loc":{"start":{"line":12,"column":80},"end":{"line":26,"column":3}}},"1":{"name":"(anonymous_2)","decl":{"start":{"line":29,"column":23},"end":{"line":29,"column":33}},"loc":{"start":{"line":29,"column":49},"end":{"line":31,"column":1}}},"2":{"name":"(anonymous_3)","decl":{"start":{"line":33,"column":25},"end":{"line":33,"column":35}},"loc":{"start":{"line":33,"column":51},"end":{"line":36,"column":1}}},"3":{"name":"(anonymous_4)","decl":{"start":{"line":39,"column":54},"end":{"line":39,"column":55}},"loc":{"start":{"line":39,"column":82},"end":{"line":47,"column":1}}},"4":{"name":"(anonymous_5)","decl":{"start":{"line":49,"column":23},"end":{"line":49,"column":24}},"loc":{"start":{"line":49,"column":51},"end":{"line":55,"column":1}}},"5":{"name":"(anonymous_6)","decl":{"start":{"line":51,"column":13},"end":{"line":51,"column":19}},"loc":{"start":{"line":51,"column":13},"end":{"line":51,"column":22}}},"6":{"name":"(anonymous_7)","decl":{"start":{"line":52,"column":23},"end":{"line":52,"column":33}},"loc":{"start":{"line":52,"column":36},"end":{"line":54,"column":3}}},"7":{"name":"(anonymous_8)","decl":{"start":{"line":57,"column":25},"end":{"line":57,"column":26}},"loc":{"start":{"line":57,"column":34},"end":{"line":64,"column":1}}}},"branchMap":{"0":{"loc":{"start":{"line":16,"column":4},"end":{"line":18,"column":null}},"type":"if","locations":[{"start":{"line":16,"column":4},"end":{"line":18,"column":null}},{"start":{"line":16,"column":4},"end":{"line":18,"column":null}}]},"1":{"loc":{"start":{"line":21,"column":4},"end":{"line":23,"column":null}},"type":"if","locations":[{"start":{"line":21,"column":4},"end":{"line":23,"column":null}},{"start":{"line":21,"column":4},"end":{"line":23,"column":null}}]},"2":{"loc":{"start":{"line":40,"column":2},"end":{"line":44,"column":null}},"type":"if","locations":[{"start":{"line":40,"column":2},"end":{"line":44,"column":null}},{"start":{"line":40,"column":2},"end":{"line":44,"column":null}}]}},"s":{"0":4,"1":4,"2":4,"3":4,"4":4,"5":4,"6":4,"7":44,"8":44,"9":44,"10":3,"11":41,"12":3,"13":38,"14":4,"15":38,"16":4,"17":188,"18":188,"19":4,"20":38,"21":14,"22":24,"23":38,"24":4,"25":9,"26":9,"27":0,"28":9,"29":9,"30":4,"31":4},"f":{"0":44,"1":38,"2":188,"3":38,"4":9,"5":0,"6":9,"7":4},"b":{"0":[3,41],"1":[3,38],"2":[14,24]}}
,"/Users/radu/Programming/eox/cypress-realworld-app/backend/bankaccount-routes.ts": {"path":"/Users/radu/Programming/eox/cypress-realworld-app/backend/bankaccount-routes.ts","statementMap":{"0":{"start":{"line":3,"column":0},"end":{"line":3,"column":30}},"1":{"start":{"line":5,"column":0},"end":{"line":5,"column":null}},"2":{"start":{"line":11,"column":0},"end":{"line":11,"column":68}},"3":{"start":{"line":12,"column":0},"end":{"line":12,"column":73}},"4":{"start":{"line":13,"column":15},"end":{"line":13,"column":31}},"5":{"start":{"line":18,"column":0},"end":{"line":24,"column":3}},"6":{"start":{"line":22,"column":2},"end":{"line":22,"column":18}},"7":{"start":{"line":23,"column":2},"end":{"line":23,"column":34}},"8":{"start":{"line":27,"column":0},"end":{"line":39,"column":2}},"9":{"start":{"line":32,"column":30},"end":{"line":32,"column":41}},"10":{"start":{"line":34,"column":20},"end":{"line":34,"column":53}},"11":{"start":{"line":36,"column":4},"end":{"line":36,"column":20}},"12":{"start":{"line":37,"column":4},"end":{"line":37,"column":26}},"13":{"start":{"line":42,"column":0},"end":{"line":48,"column":3}},"14":{"start":{"line":46,"column":2},"end":{"line":46,"column":18}},"15":{"start":{"line":47,"column":2},"end":{"line":47,"column":24}},"16":{"start":{"line":51,"column":0},"end":{"line":63,"column":2}},"17":{"start":{"line":56,"column":30},"end":{"line":56,"column":41}},"18":{"start":{"line":58,"column":20},"end":{"line":58,"column":56}},"19":{"start":{"line":60,"column":4},"end":{"line":60,"column":20}},"20":{"start":{"line":61,"column":4},"end":{"line":61,"column":26}},"21":{"start":{"line":65,"column":0},"end":{"line":65,"column":22}}},"fnMap":{"0":{"name":"(anonymous_1)","decl":{"start":{"line":18,"column":37},"end":{"line":18,"column":38}},"loc":{"start":{"line":18,"column":46},"end":{"line":24,"column":1}}},"1":{"name":"(anonymous_2)","decl":{"start":{"line":31,"column":2},"end":{"line":31,"column":3}},"loc":{"start":{"line":31,"column":11},"end":{"line":38,"column":3}}},"2":{"name":"(anonymous_3)","decl":{"start":{"line":42,"column":82},"end":{"line":42,"column":83}},"loc":{"start":{"line":42,"column":91},"end":{"line":48,"column":1}}},"3":{"name":"(anonymous_4)","decl":{"start":{"line":55,"column":2},"end":{"line":55,"column":3}},"loc":{"start":{"line":55,"column":11},"end":{"line":62,"column":3}}}},"branchMap":{},"s":{"0":4,"1":4,"2":4,"3":4,"4":4,"5":4,"6":0,"7":0,"8":4,"9":0,"10":0,"11":0,"12":0,"13":4,"14":0,"15":0,"16":4,"17":0,"18":0,"19":0,"20":0,"21":4},"f":{"0":0,"1":0,"2":0,"3":0},"b":{}}
,"/Users/radu/Programming/eox/cypress-realworld-app/backend/banktransfer-routes.ts": {"path":"/Users/radu/Programming/eox/cypress-realworld-app/backend/banktransfer-routes.ts","statementMap":{"0":{"start":{"line":3,"column":0},"end":{"line":3,"column":30}},"1":{"start":{"line":5,"column":0},"end":{"line":5,"column":54}},"2":{"start":{"line":6,"column":0},"end":{"line":6,"column":48}},"3":{"start":{"line":7,"column":15},"end":{"line":7,"column":31}},"4":{"start":{"line":12,"column":0},"end":{"line":18,"column":3}},"5":{"start":{"line":16,"column":2},"end":{"line":16,"column":18}},"6":{"start":{"line":17,"column":2},"end":{"line":17,"column":26}},"7":{"start":{"line":20,"column":0},"end":{"line":20,"column":22}}},"fnMap":{"0":{"name":"(anonymous_1)","decl":{"start":{"line":12,"column":37},"end":{"line":12,"column":38}},"loc":{"start":{"line":12,"column":46},"end":{"line":18,"column":1}}}},"branchMap":{},"s":{"0":4,"1":4,"2":4,"3":4,"4":4,"5":0,"6":0,"7":4},"f":{"0":0},"b":{}}
,"/Users/radu/Programming/eox/cypress-realworld-app/backend/comment-routes.ts": {"path":"/Users/radu/Programming/eox/cypress-realworld-app/backend/comment-routes.ts","statementMap":{"0":{"start":{"line":3,"column":0},"end":{"line":3,"column":30}},"1":{"start":{"line":4,"column":0},"end":{"line":4,"column":72}},"2":{"start":{"line":5,"column":0},"end":{"line":5,"column":68}},"3":{"start":{"line":6,"column":0},"end":{"line":6,"column":69}},"4":{"start":{"line":7,"column":15},"end":{"line":7,"column":31}},"5":{"start":{"line":12,"column":0},"end":{"line":23,"column":2}},"6":{"start":{"line":17,"column":30},"end":{"line":17,"column":41}},"7":{"start":{"line":18,"column":21},"end":{"line":18,"column":62}},"8":{"start":{"line":20,"column":4},"end":{"line":20,"column":20}},"9":{"start":{"line":21,"column":4},"end":{"line":21,"column":27}},"10":{"start":{"line":26,"column":0},"end":{"line":39,"column":2}},"11":{"start":{"line":31,"column":30},"end":{"line":31,"column":41}},"12":{"start":{"line":32,"column":24},"end":{"line":32,"column":33}},"13":{"start":{"line":37,"column":4},"end":{"line":37,"column":24}},"14":{"start":{"line":41,"column":0},"end":{"line":41,"column":22}}},"fnMap":{"0":{"name":"(anonymous_1)","decl":{"start":{"line":16,"column":2},"end":{"line":16,"column":3}},"loc":{"start":{"line":16,"column":11},"end":{"line":22,"column":3}}},"1":{"name":"(anonymous_2)","decl":{"start":{"line":30,"column":2},"end":{"line":30,"column":3}},"loc":{"start":{"line":30,"column":11},"end":{"line":38,"column":3}}}},"branchMap":{},"s":{"0":4,"1":4,"2":4,"3":4,"4":4,"5":4,"6":0,"7":0,"8":0,"9":0,"10":4,"11":0,"12":0,"13":0,"14":4},"f":{"0":0,"1":0},"b":{}}
,"/Users/radu/Programming/eox/cypress-realworld-app/backend/contact-routes.ts": {"path":"/Users/radu/Programming/eox/cypress-realworld-app/backend/contact-routes.ts","statementMap":{"0":{"start":{"line":3,"column":0},"end":{"line":3,"column":30}},"1":{"start":{"line":5,"column":0},"end":{"line":5,"column":92}},"2":{"start":{"line":6,"column":0},"end":{"line":6,"column":68}},"3":{"start":{"line":7,"column":0},"end":{"line":7,"column":49}},"4":{"start":{"line":8,"column":15},"end":{"line":8,"column":31}},"5":{"start":{"line":12,"column":0},"end":{"line":19,"column":3}},"6":{"start":{"line":13,"column":23},"end":{"line":13,"column":34}},"7":{"start":{"line":15,"column":19},"end":{"line":15,"column":50}},"8":{"start":{"line":17,"column":2},"end":{"line":17,"column":18}},"9":{"start":{"line":18,"column":2},"end":{"line":18,"column":25}},"10":{"start":{"line":22,"column":0},"end":{"line":34,"column":2}},"11":{"start":{"line":27,"column":30},"end":{"line":27,"column":39}},"12":{"start":{"line":31,"column":4},"end":{"line":31,"column":20}},"13":{"start":{"line":32,"column":4},"end":{"line":32,"column":26}},"14":{"start":{"line":36,"column":0},"end":{"line":48,"column":2}},"15":{"start":{"line":41,"column":26},"end":{"line":41,"column":37}},"16":{"start":{"line":43,"column":21},"end":{"line":43,"column":49}},"17":{"start":{"line":45,"column":4},"end":{"line":45,"column":20}},"18":{"start":{"line":46,"column":4},"end":{"line":46,"column":27}},"19":{"start":{"line":50,"column":0},"end":{"line":50,"column":22}}},"fnMap":{"0":{"name":"(anonymous_1)","decl":{"start":{"line":12,"column":25},"end":{"line":12,"column":26}},"loc":{"start":{"line":12,"column":34},"end":{"line":19,"column":1}}},"1":{"name":"(anonymous_2)","decl":{"start":{"line":26,"column":2},"end":{"line":26,"column":3}},"loc":{"start":{"line":26,"column":11},"end":{"line":33,"column":3}}},"2":{"name":"(anonymous_3)","decl":{"start":{"line":40,"column":2},"end":{"line":40,"column":3}},"loc":{"start":{"line":40,"column":11},"end":{"line":47,"column":3}}}},"branchMap":{},"s":{"0":4,"1":4,"2":4,"3":4,"4":4,"5":4,"6":0,"7":0,"8":0,"9":0,"10":4,"11":0,"12":0,"13":0,"14":4,"15":0,"16":0,"17":0,"18":0,"19":4},"f":{"0":0,"1":0,"2":0},"b":{}}
,"/Users/radu/Programming/eox/cypress-realworld-app/backend/database.ts": {"path":"/Users/radu/Programming/eox/cypress-realworld-app/backend/database.ts","statementMap":{"0":{"start":{"line":1,"column":0},"end":{"line":1,"column":24}},"1":{"start":{"line":2,"column":0},"end":{"line":2,"column":30}},"2":{"start":{"line":3,"column":0},"end":{"line":3,"column":20}},"3":{"start":{"line":4,"column":0},"end":{"line":4,"column":26}},"4":{"start":{"line":5,"column":0},"end":{"line":5,"column":null}},"5":{"start":{"line":21,"column":0},"end":{"line":21,"column":44}},"6":{"start":{"line":22,"column":0},"end":{"line":22,"column":24}},"7":{"start":{"line":23,"column":0},"end":{"line":23,"column":47}},"8":{"start":{"line":24,"column":0},"end":{"line":24,"column":30}},"9":{"start":{"line":25,"column":0},"end":{"line":25,"column":null}},"10":{"start":{"line":50,"column":0},"end":{"line":50,"column":27}},"11":{"start":{"line":51,"column":0},"end":{"line":51,"column":null}},"12":{"start":{"line":80,"column":19},"end":{"line":80,"column":26}},"13":{"start":{"line":81,"column":22},"end":{"line":81,"column":32}},"14":{"start":{"line":82,"column":27},"end":{"line":82,"column":41}},"15":{"start":{"line":83,"column":26},"end":{"line":83,"column":40}},"16":{"start":{"line":84,"column":19},"end":{"line":84,"column":26}},"17":{"start":{"line":85,"column":22},"end":{"line":85,"column":32}},"18":{"start":{"line":86,"column":27},"end":{"line":86,"column":42}},"19":{"start":{"line":87,"column":28},"end":{"line":87,"column":43}},"20":{"start":{"line":89,"column":21},"end":{"line":89,"column":66}},"21":{"start":{"line":90,"column":16},"end":{"line":90,"column":52}},"22":{"start":{"line":92,"column":11},"end":{"line":92,"column":23}},"23":{"start":{"line":94,"column":28},"end":{"line":102,"column":1}},"24":{"start":{"line":95,"column":19},"end":{"line":96,"column":null}},"25":{"start":{"line":100,"column":2},"end":{"line":100,"column":32}},"26":{"start":{"line":101,"column":2},"end":{"line":101,"column":9}},"27":{"start":{"line":94,"column":13},"end":{"line":94,"column":28}},"28":{"start":{"line":104,"column":27},"end":{"line":104,"column":35}},"29":{"start":{"line":104,"column":33},"end":{"line":104,"column":60}},"30":{"start":{"line":104,"column":13},"end":{"line":104,"column":27}},"31":{"start":{"line":106,"column":40},"end":{"line":107,"column":4}},"32":{"start":{"line":107,"column":2},"end":{"line":107,"column":89}},"33":{"start":{"line":106,"column":13},"end":{"line":106,"column":40}},"34":{"start":{"line":109,"column":31},"end":{"line":109,"column":61}},"35":{"start":{"line":109,"column":59},"end":{"line":109,"column":82}},"36":{"start":{"line":109,"column":13},"end":{"line":109,"column":31}},"37":{"start":{"line":111,"column":24},"end":{"line":119,"column":1}},"38":{"start":{"line":112,"column":17},"end":{"line":116,"column":12}},"39":{"start":{"line":118,"column":2},"end":{"line":118,"column":16}},"40":{"start":{"line":111,"column":13},"end":{"line":111,"column":24}},"41":{"start":{"line":121,"column":21},"end":{"line":129,"column":1}},"42":{"start":{"line":122,"column":17},"end":{"line":126,"column":12}},"43":{"start":{"line":128,"column":2},"end":{"line":128,"column":16}},"44":{"start":{"line":121,"column":13},"end":{"line":121,"column":21}},"45":{"start":{"line":131,"column":27},"end":{"line":139,"column":1}},"46":{"start":{"line":132,"column":17},"end":{"line":136,"column":12}},"47":{"start":{"line":138,"column":2},"end":{"line":138,"column":16}},"48":{"start":{"line":131,"column":13},"end":{"line":131,"column":27}},"49":{"start":{"line":142,"column":32},"end":{"line":142,"column":56}},"50":{"start":{"line":142,"column":51},"end":{"line":142,"column":86}},"51":{"start":{"line":142,"column":13},"end":{"line":142,"column":32}},"52":{"start":{"line":144,"column":13},"end":{"line":147,"column":3}},"53":{"start":{"line":145,"column":15},"end":{"line":145,"column":39}},"54":{"start":{"line":146,"column":2},"end":{"line":146,"column":28}},"55":{"start":{"line":149,"column":29},"end":{"line":150,"column":6}},"56":{"start":{"line":150,"column":2},"end":{"line":154,"column":11}},"57":{"start":{"line":153,"column":20},"end":{"line":153,"column":32}},"58":{"start":{"line":149,"column":13},"end":{"line":149,"column":29}},"59":{"start":{"line":156,"column":27},"end":{"line":165,"column":1}},"60":{"start":{"line":157,"column":16},"end":{"line":157,"column":29}},"61":{"start":{"line":158,"column":2},"end":{"line":164,"column":14}},"62":{"start":{"line":156,"column":13},"end":{"line":156,"column":27}},"63":{"start":{"line":167,"column":37},"end":{"line":168,"column":8}},"64":{"start":{"line":168,"column":2},"end":{"line":168,"column":34}},"65":{"start":{"line":167,"column":13},"end":{"line":167,"column":37}},"66":{"start":{"line":173,"column":25},"end":{"line":173,"column":59}},"67":{"start":{"line":173,"column":54},"end":{"line":173,"column":84}},"68":{"start":{"line":173,"column":13},"end":{"line":173,"column":25}},"69":{"start":{"line":174,"column":25},"end":{"line":174,"column":53}},"70":{"start":{"line":174,"column":49},"end":{"line":174,"column":57}},"71":{"start":{"line":174,"column":13},"end":{"line":174,"column":25}},"72":{"start":{"line":175,"column":27},"end":{"line":175,"column":52}},"73":{"start":{"line":175,"column":43},"end":{"line":175,"column":63}},"74":{"start":{"line":175,"column":13},"end":{"line":175,"column":27}},"75":{"start":{"line":176,"column":33},"end":{"line":176,"column":64}},"76":{"start":{"line":176,"column":55},"end":{"line":176,"column":87}},"77":{"start":{"line":176,"column":13},"end":{"line":176,"column":33}},"78":{"start":{"line":178,"column":26},"end":{"line":198,"column":1}},"79":{"start":{"line":179,"column":19},"end":{"line":179,"column":61}},"80":{"start":{"line":180,"column":21},"end":{"line":194,"column":4}},"81":{"start":{"line":196,"column":2},"end":{"line":196,"column":17}},"82":{"start":{"line":197,"column":2},"end":{"line":197,"column":14}},"83":{"start":{"line":178,"column":13},"end":{"line":178,"column":26}},"84":{"start":{"line":200,"column":17},"end":{"line":202,"column":1}},"85":{"start":{"line":201,"column":2},"end":{"line":201,"column":40}},"86":{"start":{"line":204,"column":30},"end":{"line":208,"column":1}},"87":{"start":{"line":205,"column":15},"end":{"line":205,"column":34}},"88":{"start":{"line":207,"column":2},"end":{"line":207,"column":54}},"89":{"start":{"line":204,"column":13},"end":{"line":204,"column":30}},"90":{"start":{"line":211,"column":28},"end":{"line":211,"column":62}},"91":{"start":{"line":211,"column":57},"end":{"line":211,"column":90}},"92":{"start":{"line":211,"column":13},"end":{"line":211,"column":28}},"93":{"start":{"line":213,"column":29},"end":{"line":213,"column":66}},"94":{"start":{"line":213,"column":58},"end":{"line":213,"column":94}},"95":{"start":{"line":213,"column":13},"end":{"line":213,"column":29}},"96":{"start":{"line":215,"column":37},"end":{"line":216,"column":6}},"97":{"start":{"line":216,"column":2},"end":{"line":216,"column":68}},"98":{"start":{"line":215,"column":13},"end":{"line":215,"column":37}},"99":{"start":{"line":218,"column":35},"end":{"line":218,"column":79}},"100":{"start":{"line":218,"column":66},"end":{"line":218,"column":98}},"101":{"start":{"line":218,"column":13},"end":{"line":218,"column":35}},"102":{"start":{"line":220,"column":29},"end":{"line":225,"column":1}},"103":{"start":{"line":221,"column":2},"end":{"line":221,"column":46}},"104":{"start":{"line":224,"column":2},"end":{"line":224,"column":40}},"105":{"start":{"line":220,"column":13},"end":{"line":220,"column":29}},"106":{"start":{"line":227,"column":33},"end":{"line":231,"column":1}},"107":{"start":{"line":228,"column":18},"end":{"line":228,"column":47}},"108":{"start":{"line":230,"column":2},"end":{"line":230,"column":48}},"109":{"start":{"line":227,"column":13},"end":{"line":227,"column":33}},"110":{"start":{"line":233,"column":36},"end":{"line":248,"column":1}},"111":{"start":{"line":234,"column":20},"end":{"line":234,"column":29}},"112":{"start":{"line":235,"column":27},"end":{"line":242,"column":4}},"113":{"start":{"line":245,"column":17},"end":{"line":245,"column":39}},"114":{"start":{"line":247,"column":2},"end":{"line":247,"column":16}},"115":{"start":{"line":233,"column":13},"end":{"line":233,"column":36}},"116":{"start":{"line":251,"column":32},"end":{"line":251,"column":66}},"117":{"start":{"line":251,"column":61},"end":{"line":251,"column":99}},"118":{"start":{"line":251,"column":13},"end":{"line":251,"column":32}},"119":{"start":{"line":253,"column":34},"end":{"line":253,"column":66}},"120":{"start":{"line":253,"column":50},"end":{"line":253,"column":77}},"121":{"start":{"line":253,"column":13},"end":{"line":253,"column":34}},"122":{"start":{"line":255,"column":33},"end":{"line":256,"column":10}},"123":{"start":{"line":256,"column":2},"end":{"line":256,"column":43}},"124":{"start":{"line":255,"column":13},"end":{"line":255,"column":33}},"125":{"start":{"line":258,"column":33},"end":{"line":263,"column":1}},"126":{"start":{"line":259,"column":2},"end":{"line":259,"column":55}},"127":{"start":{"line":262,"column":2},"end":{"line":262,"column":48}},"128":{"start":{"line":258,"column":13},"end":{"line":258,"column":33}},"129":{"start":{"line":265,"column":40},"end":{"line":283,"column":1}},"130":{"start":{"line":266,"column":20},"end":{"line":266,"column":29}},"131":{"start":{"line":267,"column":35},"end":{"line":277,"column":4}},"132":{"start":{"line":280,"column":17},"end":{"line":280,"column":47}},"133":{"start":{"line":282,"column":2},"end":{"line":282,"column":16}},"134":{"start":{"line":265,"column":13},"end":{"line":265,"column":40}},"135":{"start":{"line":285,"column":37},"end":{"line":290,"column":1}},"136":{"start":{"line":286,"column":2},"end":{"line":289,"column":13}},"137":{"start":{"line":285,"column":13},"end":{"line":285,"column":37}},"138":{"start":{"line":297,"column":13},"end":{"line":297,"column":33}},"139":{"start":{"line":300,"column":34},"end":{"line":301,"column":10}},"140":{"start":{"line":301,"column":2},"end":{"line":301,"column":44}},"141":{"start":{"line":300,"column":13},"end":{"line":300,"column":34}},"142":{"start":{"line":303,"column":40},"end":{"line":303,"column":78}},"143":{"start":{"line":303,"column":60},"end":{"line":303,"column":97}},"144":{"start":{"line":303,"column":13},"end":{"line":303,"column":40}},"145":{"start":{"line":306,"column":13},"end":{"line":306,"column":34}},"146":{"start":{"line":329,"column":32},"end":{"line":329,"column":66}},"147":{"start":{"line":329,"column":61},"end":{"line":329,"column":98}},"148":{"start":{"line":329,"column":13},"end":{"line":329,"column":32}},"149":{"start":{"line":331,"column":34},"end":{"line":331,"column":66}},"150":{"start":{"line":331,"column":50},"end":{"line":331,"column":77}},"151":{"start":{"line":331,"column":13},"end":{"line":331,"column":34}},"152":{"start":{"line":333,"column":36},"end":{"line":333,"column":66}},"153":{"start":{"line":333,"column":55},"end":{"line":333,"column":93}},"154":{"start":{"line":333,"column":13},"end":{"line":333,"column":36}},"155":{"start":{"line":335,"column":40},"end":{"line":336,"column":33}},"156":{"start":{"line":336,"column":2},"end":{"line":336,"column":62}},"157":{"start":{"line":335,"column":13},"end":{"line":335,"column":40}},"158":{"start":{"line":338,"column":44},"end":{"line":339,"column":6}},"159":{"start":{"line":339,"column":2},"end":{"line":339,"column":85}},"160":{"start":{"line":338,"column":13},"end":{"line":338,"column":44}},"161":{"start":{"line":341,"column":34},"end":{"line":341,"column":62}},"162":{"start":{"line":341,"column":58},"end":{"line":341,"column":100}},"163":{"start":{"line":341,"column":13},"end":{"line":341,"column":34}},"164":{"start":{"line":343,"column":47},"end":{"line":363,"column":1}},"165":{"start":{"line":346,"column":19},"end":{"line":346,"column":54}},"166":{"start":{"line":347,"column":17},"end":{"line":347,"column":50}},"167":{"start":{"line":349,"column":23},"end":{"line":349,"column":65}},"168":{"start":{"line":350,"column":21},"end":{"line":350,"column":61}},"169":{"start":{"line":351,"column":16},"end":{"line":351,"column":55}},"170":{"start":{"line":352,"column":19},"end":{"line":352,"column":61}},"171":{"start":{"line":354,"column":2},"end":{"line":361,"column":null}},"172":{"start":{"line":343,"column":13},"end":{"line":343,"column":47}},"173":{"start":{"line":365,"column":48},"end":{"line":368,"column":9}},"174":{"start":{"line":368,"column":2},"end":{"line":372,"column":4}},"175":{"start":{"line":369,"column":35},"end":{"line":369,"column":68}},"176":{"start":{"line":371,"column":38},"end":{"line":371,"column":83}},"177":{"start":{"line":365,"column":13},"end":{"line":365,"column":48}},"178":{"start":{"line":374,"column":13},"end":{"line":400,"column":3}},"179":{"start":{"line":375,"column":35},"end":{"line":375,"column":78}},"180":{"start":{"line":377,"column":22},"end":{"line":377,"column":55}},"181":{"start":{"line":379,"column":27},"end":{"line":388,"column":4}},"182":{"start":{"line":390,"column":2},"end":{"line":398,"column":null}},"183":{"start":{"line":391,"column":45},"end":{"line":391,"column":70}},"184":{"start":{"line":391,"column":26},"end":{"line":391,"column":28}},"185":{"start":{"line":391,"column":40},"end":{"line":391,"column":45}},"186":{"start":{"line":392,"column":37},"end":{"line":392,"column":64}},"187":{"start":{"line":392,"column":21},"end":{"line":392,"column":23}},"188":{"start":{"line":392,"column":32},"end":{"line":392,"column":37}},"189":{"start":{"line":394,"column":4},"end":{"line":397,"column":24}},"190":{"start":{"line":399,"column":2},"end":{"line":399,"column":26}},"191":{"start":{"line":402,"column":13},"end":{"line":413,"column":2}},"192":{"start":{"line":404,"column":4},"end":{"line":406,"column":null}},"193":{"start":{"line":405,"column":6},"end":{"line":405,"column":26}},"194":{"start":{"line":408,"column":4},"end":{"line":411,"column":6}},"195":{"start":{"line":409,"column":36},"end":{"line":409,"column":null}},"196":{"start":{"line":415,"column":13},"end":{"line":430,"column":2}},"197":{"start":{"line":417,"column":4},"end":{"line":419,"column":null}},"198":{"start":{"line":418,"column":6},"end":{"line":418,"column":26}},"199":{"start":{"line":421,"column":4},"end":{"line":428,"column":6}},"200":{"start":{"line":423,"column":8},"end":{"line":426,"column":null}},"201":{"start":{"line":432,"column":13},"end":{"line":434,"column":2}},"202":{"start":{"line":433,"column":2},"end":{"line":433,"column":null}},"203":{"start":{"line":436,"column":36},"end":{"line":437,"column":6}},"204":{"start":{"line":437,"column":2},"end":{"line":437,"column":58}},"205":{"start":{"line":436,"column":13},"end":{"line":436,"column":36}},"206":{"start":{"line":439,"column":46},"end":{"line":440,"column":8}},"207":{"start":{"line":440,"column":2},"end":{"line":446,"column":4}},"208":{"start":{"line":443,"column":21},"end":{"line":443,"column":null}},"209":{"start":{"line":439,"column":13},"end":{"line":439,"column":46}},"210":{"start":{"line":448,"column":33},"end":{"line":448,"column":69}},"211":{"start":{"line":448,"column":66},"end":{"line":448,"column":90}},"212":{"start":{"line":448,"column":13},"end":{"line":448,"column":33}},"213":{"start":{"line":450,"column":41},"end":{"line":451,"column":6}},"214":{"start":{"line":451,"column":2},"end":{"line":451,"column":66}},"215":{"start":{"line":450,"column":13},"end":{"line":450,"column":41}},"216":{"start":{"line":453,"column":44},"end":{"line":459,"column":1}},"217":{"start":{"line":454,"column":33},"end":{"line":454,"column":66}},"218":{"start":{"line":455,"column":2},"end":{"line":458,"column":6}},"219":{"start":{"line":457,"column":41},"end":{"line":457,"column":90}},"220":{"start":{"line":453,"column":13},"end":{"line":453,"column":44}},"221":{"start":{"line":461,"column":53},"end":{"line":462,"column":6}},"222":{"start":{"line":462,"column":2},"end":{"line":462,"column":79}},"223":{"start":{"line":461,"column":13},"end":{"line":461,"column":53}},"224":{"start":{"line":464,"column":48},"end":{"line":464,"column":69}},"225":{"start":{"line":464,"column":68},"end":{"line":467,"column":3}},"226":{"start":{"line":464,"column":13},"end":{"line":464,"column":48}},"227":{"start":{"line":469,"column":44},"end":{"line":487,"column":1}},"228":{"start":{"line":470,"column":2},"end":{"line":486,"column":null}},"229":{"start":{"line":471,"column":45},"end":{"line":471,"column":70}},"230":{"start":{"line":471,"column":26},"end":{"line":471,"column":28}},"231":{"start":{"line":471,"column":40},"end":{"line":471,"column":45}},"232":{"start":{"line":472,"column":37},"end":{"line":472,"column":64}},"233":{"start":{"line":472,"column":21},"end":{"line":472,"column":23}},"234":{"start":{"line":472,"column":32},"end":{"line":472,"column":37}},"235":{"start":{"line":474,"column":4},"end":{"line":480,"column":6}},"236":{"start":{"line":482,"column":4},"end":{"line":485,"column":6}},"237":{"start":{"line":469,"column":13},"end":{"line":469,"column":44}},"238":{"start":{"line":489,"column":13},"end":{"line":489,"column":46}},"239":{"start":{"line":491,"column":34},"end":{"line":503,"column":1}},"240":{"start":{"line":492,"column":2},"end":{"line":502,"column":null}},"241":{"start":{"line":493,"column":4},"end":{"line":493,"column":70}},"242":{"start":{"line":491,"column":13},"end":{"line":491,"column":34}},"243":{"start":{"line":505,"column":35},"end":{"line":506,"column":6}},"244":{"start":{"line":506,"column":2},"end":{"line":506,"column":76}},"245":{"start":{"line":505,"column":13},"end":{"line":505,"column":35}},"246":{"start":{"line":520,"column":13},"end":{"line":522,"column":2}},"247":{"start":{"line":521,"column":2},"end":{"line":521,"column":null}},"248":{"start":{"line":524,"column":33},"end":{"line":569,"column":1}},"249":{"start":{"line":529,"column":17},"end":{"line":529,"column":36}},"250":{"start":{"line":530,"column":19},"end":{"line":530,"column":61}},"251":{"start":{"line":531,"column":35},"end":{"line":544,"column":4}},"252":{"start":{"line":546,"column":27},"end":{"line":546,"column":55}},"253":{"start":{"line":549,"column":2},"end":{"line":566,"column":null}},"254":{"start":{"line":550,"column":4},"end":{"line":550,"column":44}},"255":{"start":{"line":551,"column":4},"end":{"line":551,"column":47}},"256":{"start":{"line":552,"column":4},"end":{"line":554,"column":7}},"257":{"start":{"line":555,"column":4},"end":{"line":559,"column":6}},"258":{"start":{"line":561,"column":4},"end":{"line":565,"column":6}},"259":{"start":{"line":568,"column":2},"end":{"line":568,"column":26}},"260":{"start":{"line":524,"column":13},"end":{"line":524,"column":33}},"261":{"start":{"line":571,"column":24},"end":{"line":576,"column":1}},"262":{"start":{"line":572,"column":2},"end":{"line":572,"column":54}},"263":{"start":{"line":575,"column":2},"end":{"line":575,"column":48}},"264":{"start":{"line":578,"column":37},"end":{"line":598,"column":1}},"265":{"start":{"line":579,"column":22},"end":{"line":579,"column":59}},"266":{"start":{"line":580,"column":35},"end":{"line":580,"column":47}},"267":{"start":{"line":581,"column":17},"end":{"line":581,"column":38}},"268":{"start":{"line":582,"column":19},"end":{"line":582,"column":42}},"269":{"start":{"line":585,"column":2},"end":{"line":595,"column":null}},"270":{"start":{"line":586,"column":4},"end":{"line":586,"column":46}},"271":{"start":{"line":587,"column":4},"end":{"line":587,"column":45}},"272":{"start":{"line":588,"column":4},"end":{"line":588,"column":46}},"273":{"start":{"line":590,"column":4},"end":{"line":594,"column":6}},"274":{"start":{"line":597,"column":2},"end":{"line":597,"column":68}},"275":{"start":{"line":578,"column":13},"end":{"line":578,"column":37}},"276":{"start":{"line":602,"column":25},"end":{"line":602,"column":65}},"277":{"start":{"line":602,"column":60},"end":{"line":602,"column":90}},"278":{"start":{"line":602,"column":13},"end":{"line":602,"column":25}},"279":{"start":{"line":603,"column":29},"end":{"line":603,"column":59}},"280":{"start":{"line":603,"column":48},"end":{"line":603,"column":79}},"281":{"start":{"line":603,"column":13},"end":{"line":603,"column":29}},"282":{"start":{"line":605,"column":27},"end":{"line":605,"column":58}},"283":{"start":{"line":605,"column":49},"end":{"line":605,"column":69}},"284":{"start":{"line":605,"column":13},"end":{"line":605,"column":27}},"285":{"start":{"line":606,"column":39},"end":{"line":606,"column":79}},"286":{"start":{"line":606,"column":66},"end":{"line":606,"column":99}},"287":{"start":{"line":606,"column":13},"end":{"line":606,"column":39}},"288":{"start":{"line":608,"column":26},"end":{"line":620,"column":1}},"289":{"start":{"line":609,"column":15},"end":{"line":616,"column":4}},"290":{"start":{"line":618,"column":20},"end":{"line":618,"column":34}},"291":{"start":{"line":619,"column":2},"end":{"line":619,"column":19}},"292":{"start":{"line":608,"column":13},"end":{"line":608,"column":26}},"293":{"start":{"line":622,"column":27},"end":{"line":636,"column":1}},"294":{"start":{"line":623,"column":35},"end":{"line":623,"column":68}},"295":{"start":{"line":623,"column":18},"end":{"line":623,"column":20}},"296":{"start":{"line":623,"column":30},"end":{"line":623,"column":35}},"297":{"start":{"line":625,"column":15},"end":{"line":625,"column":48}},"298":{"start":{"line":622,"column":13},"end":{"line":622,"column":27}},"299":{"start":{"line":638,"column":17},"end":{"line":643,"column":1}},"300":{"start":{"line":639,"column":2},"end":{"line":639,"column":40}},"301":{"start":{"line":642,"column":2},"end":{"line":642,"column":30}},"302":{"start":{"line":647,"column":28},"end":{"line":647,"column":71}},"303":{"start":{"line":647,"column":66},"end":{"line":647,"column":99}},"304":{"start":{"line":647,"column":13},"end":{"line":647,"column":28}},"305":{"start":{"line":648,"column":32},"end":{"line":648,"column":62}},"306":{"start":{"line":648,"column":51},"end":{"line":648,"column":85}},"307":{"start":{"line":648,"column":13},"end":{"line":648,"column":32}},"308":{"start":{"line":650,"column":30},"end":{"line":650,"column":67}},"309":{"start":{"line":650,"column":55},"end":{"line":650,"column":78}},"310":{"start":{"line":650,"column":13},"end":{"line":650,"column":30}},"311":{"start":{"line":651,"column":42},"end":{"line":652,"column":18}},"312":{"start":{"line":652,"column":2},"end":{"line":652,"column":38}},"313":{"start":{"line":651,"column":13},"end":{"line":651,"column":42}},"314":{"start":{"line":654,"column":29},"end":{"line":667,"column":1}},"315":{"start":{"line":655,"column":18},"end":{"line":663,"column":4}},"316":{"start":{"line":665,"column":23},"end":{"line":665,"column":43}},"317":{"start":{"line":666,"column":2},"end":{"line":666,"column":22}},"318":{"start":{"line":654,"column":13},"end":{"line":654,"column":29}},"319":{"start":{"line":669,"column":30},"end":{"line":683,"column":1}},"320":{"start":{"line":670,"column":35},"end":{"line":670,"column":68}},"321":{"start":{"line":670,"column":18},"end":{"line":670,"column":20}},"322":{"start":{"line":670,"column":30},"end":{"line":670,"column":35}},"323":{"start":{"line":672,"column":18},"end":{"line":672,"column":63}},"324":{"start":{"line":669,"column":13},"end":{"line":669,"column":30}},"325":{"start":{"line":685,"column":20},"end":{"line":690,"column":1}},"326":{"start":{"line":686,"column":2},"end":{"line":686,"column":46}},"327":{"start":{"line":689,"column":2},"end":{"line":689,"column":36}},"328":{"start":{"line":694,"column":33},"end":{"line":695,"column":7}},"329":{"start":{"line":695,"column":2},"end":{"line":695,"column":40}},"330":{"start":{"line":694,"column":13},"end":{"line":694,"column":33}},"331":{"start":{"line":697,"column":37},"end":{"line":698,"column":13}},"332":{"start":{"line":698,"column":2},"end":{"line":698,"column":41}},"333":{"start":{"line":697,"column":13},"end":{"line":697,"column":37}},"334":{"start":{"line":700,"column":46},"end":{"line":701,"column":6}},"335":{"start":{"line":701,"column":2},"end":{"line":701,"column":92}},"336":{"start":{"line":700,"column":13},"end":{"line":700,"column":46}},"337":{"start":{"line":703,"column":41},"end":{"line":721,"column":1}},"338":{"start":{"line":708,"column":44},"end":{"line":717,"column":4}},"339":{"start":{"line":719,"column":2},"end":{"line":719,"column":33}},"340":{"start":{"line":720,"column":2},"end":{"line":720,"column":22}},"341":{"start":{"line":703,"column":13},"end":{"line":703,"column":41}},"342":{"start":{"line":723,"column":38},"end":{"line":741,"column":1}},"343":{"start":{"line":728,"column":41},"end":{"line":737,"column":4}},"344":{"start":{"line":739,"column":2},"end":{"line":739,"column":33}},"345":{"start":{"line":740,"column":2},"end":{"line":740,"column":22}},"346":{"start":{"line":723,"column":13},"end":{"line":723,"column":38}},"347":{"start":{"line":743,"column":41},"end":{"line":761,"column":1}},"348":{"start":{"line":748,"column":44},"end":{"line":757,"column":4}},"349":{"start":{"line":759,"column":2},"end":{"line":759,"column":33}},"350":{"start":{"line":760,"column":2},"end":{"line":760,"column":22}},"351":{"start":{"line":743,"column":13},"end":{"line":743,"column":41}},"352":{"start":{"line":763,"column":25},"end":{"line":765,"column":1}},"353":{"start":{"line":764,"column":2},"end":{"line":764,"column":56}},"354":{"start":{"line":767,"column":35},"end":{"line":768,"column":15}},"355":{"start":{"line":768,"column":2},"end":{"line":779,"column":5}},"356":{"start":{"line":769,"column":4},"end":{"line":778,"column":null}},"357":{"start":{"line":770,"column":6},"end":{"line":770,"column":80}},"358":{"start":{"line":771,"column":11},"end":{"line":778,"column":null}},"359":{"start":{"line":772,"column":6},"end":{"line":772,"column":77}},"360":{"start":{"line":767,"column":13},"end":{"line":767,"column":35}},"361":{"start":{"line":781,"column":38},"end":{"line":789,"column":1}},"362":{"start":{"line":786,"column":23},"end":{"line":786,"column":62}},"363":{"start":{"line":788,"column":2},"end":{"line":788,"column":70}},"364":{"start":{"line":781,"column":13},"end":{"line":781,"column":38}},"365":{"start":{"line":791,"column":48},"end":{"line":815,"column":1}},"366":{"start":{"line":794,"column":21},"end":{"line":794,"column":60}},"367":{"start":{"line":795,"column":22},"end":{"line":795,"column":68}},"368":{"start":{"line":797,"column":2},"end":{"line":799,"column":null}},"369":{"start":{"line":798,"column":4},"end":{"line":798,"column":60}},"370":{"start":{"line":801,"column":2},"end":{"line":804,"column":null}},"371":{"start":{"line":802,"column":17},"end":{"line":802,"column":49}},"372":{"start":{"line":803,"column":4},"end":{"line":803,"column":51}},"373":{"start":{"line":806,"column":2},"end":{"line":809,"column":null}},"374":{"start":{"line":807,"column":20},"end":{"line":807,"column":58}},"375":{"start":{"line":808,"column":4},"end":{"line":808,"column":54}},"376":{"start":{"line":811,"column":2},"end":{"line":813,"column":null}},"377":{"start":{"line":791,"column":13},"end":{"line":791,"column":48}},"378":{"start":{"line":817,"column":49},"end":{"line":820,"column":9}},"379":{"start":{"line":820,"column":2},"end":{"line":824,"column":4}},"380":{"start":{"line":821,"column":49},"end":{"line":821,"column":83}},"381":{"start":{"line":823,"column":40},"end":{"line":823,"column":87}},"382":{"start":{"line":817,"column":13},"end":{"line":817,"column":49}},"383":{"start":{"line":828,"column":13},"end":{"line":828,"column":29}},"384":{"start":{"line":834,"column":13},"end":{"line":834,"column":30}},"385":{"start":{"line":837,"column":13},"end":{"line":837,"column":34}},"386":{"start":{"line":840,"column":39},"end":{"line":840,"column":76}},"387":{"start":{"line":840,"column":59},"end":{"line":840,"column":95}},"388":{"start":{"line":840,"column":13},"end":{"line":840,"column":39}},"389":{"start":{"line":843,"column":13},"end":{"line":843,"column":35}},"390":{"start":{"line":846,"column":13},"end":{"line":846,"column":40}},"391":{"start":{"line":849,"column":13},"end":{"line":849,"column":46}},"392":{"start":{"line":853,"column":13},"end":{"line":853,"column":33}},"393":{"start":{"line":857,"column":13},"end":{"line":857,"column":39}},"394":{"start":{"line":859,"column":0},"end":{"line":859,"column":18}}},"fnMap":{"0":{"name":"(anonymous_3)","decl":{"start":{"line":94,"column":28},"end":{"line":94,"column":null}},"loc":{"start":{"line":94,"column":28},"end":{"line":102,"column":1}}},"1":{"name":"(anonymous_4)","decl":{"start":{"line":104,"column":27},"end":{"line":104,"column":33}},"loc":{"start":{"line":104,"column":27},"end":{"line":104,"column":35}}},"2":{"name":"(anonymous_5)","decl":{"start":{"line":106,"column":40},"end":{"line":106,"column":null}},"loc":{"start":{"line":106,"column":40},"end":{"line":107,"column":4}}},"3":{"name":"(anonymous_6)","decl":{"start":{"line":109,"column":31},"end":{"line":109,"column":32}},"loc":{"start":{"line":109,"column":54},"end":{"line":109,"column":61}}},"4":{"name":"(anonymous_7)","decl":{"start":{"line":111,"column":24},"end":{"line":111,"column":25}},"loc":{"start":{"line":111,"column":72},"end":{"line":119,"column":1}}},"5":{"name":"(anonymous_8)","decl":{"start":{"line":121,"column":21},"end":{"line":121,"column":22}},"loc":{"start":{"line":121,"column":69},"end":{"line":129,"column":1}}},"6":{"name":"(anonymous_9)","decl":{"start":{"line":131,"column":27},"end":{"line":131,"column":28}},"loc":{"start":{"line":131,"column":65},"end":{"line":139,"column":1}}},"7":{"name":"(anonymous_10)","decl":{"start":{"line":142,"column":32},"end":{"line":142,"column":33}},"loc":{"start":{"line":142,"column":46},"end":{"line":142,"column":56}}},"8":{"name":"(anonymous_11)","decl":{"start":{"line":144,"column":33},"end":{"line":144,"column":34}},"loc":{"start":{"line":144,"column":77},"end":{"line":147,"column":1}}},"9":{"name":"(anonymous_12)","decl":{"start":{"line":149,"column":29},"end":{"line":149,"column":30}},"loc":{"start":{"line":149,"column":73},"end":{"line":150,"column":6}}},"10":{"name":"(anonymous_13)","decl":{"start":{"line":153,"column":8},"end":{"line":153,"column":9}},"loc":{"start":{"line":153,"column":15},"end":{"line":153,"column":26}}},"11":{"name":"(anonymous_14)","decl":{"start":{"line":156,"column":27},"end":{"line":156,"column":28}},"loc":{"start":{"line":156,"column":41},"end":{"line":165,"column":1}}},"12":{"name":"(anonymous_15)","decl":{"start":{"line":167,"column":37},"end":{"line":167,"column":38}},"loc":{"start":{"line":167,"column":73},"end":{"line":168,"column":8}}},"13":{"name":"(anonymous_16)","decl":{"start":{"line":173,"column":25},"end":{"line":173,"column":26}},"loc":{"start":{"line":173,"column":49},"end":{"line":173,"column":59}}},"14":{"name":"(anonymous_17)","decl":{"start":{"line":174,"column":25},"end":{"line":174,"column":26}},"loc":{"start":{"line":174,"column":36},"end":{"line":174,"column":53}}},"15":{"name":"(anonymous_18)","decl":{"start":{"line":175,"column":27},"end":{"line":175,"column":28}},"loc":{"start":{"line":175,"column":38},"end":{"line":175,"column":52}}},"16":{"name":"(anonymous_19)","decl":{"start":{"line":176,"column":33},"end":{"line":176,"column":34}},"loc":{"start":{"line":176,"column":50},"end":{"line":176,"column":64}}},"17":{"name":"(anonymous_20)","decl":{"start":{"line":178,"column":26},"end":{"line":178,"column":27}},"loc":{"start":{"line":178,"column":53},"end":{"line":198,"column":1}}},"18":{"name":"(anonymous_21)","decl":{"start":{"line":200,"column":17},"end":{"line":200,"column":18}},"loc":{"start":{"line":200,"column":28},"end":{"line":202,"column":1}}},"19":{"name":"(anonymous_22)","decl":{"start":{"line":204,"column":30},"end":{"line":204,"column":31}},"loc":{"start":{"line":204,"column":67},"end":{"line":208,"column":1}}},"20":{"name":"(anonymous_23)","decl":{"start":{"line":211,"column":28},"end":{"line":211,"column":29}},"loc":{"start":{"line":211,"column":52},"end":{"line":211,"column":62}}},"21":{"name":"(anonymous_24)","decl":{"start":{"line":213,"column":29},"end":{"line":213,"column":30}},"loc":{"start":{"line":213,"column":53},"end":{"line":213,"column":66}}},"22":{"name":"(anonymous_25)","decl":{"start":{"line":215,"column":37},"end":{"line":215,"column":38}},"loc":{"start":{"line":215,"column":54},"end":{"line":216,"column":6}}},"23":{"name":"(anonymous_26)","decl":{"start":{"line":218,"column":35},"end":{"line":218,"column":36}},"loc":{"start":{"line":218,"column":50},"end":{"line":218,"column":79}}},"24":{"name":"(anonymous_27)","decl":{"start":{"line":220,"column":29},"end":{"line":220,"column":30}},"loc":{"start":{"line":220,"column":46},"end":{"line":225,"column":1}}},"25":{"name":"(anonymous_28)","decl":{"start":{"line":227,"column":33},"end":{"line":227,"column":34}},"loc":{"start":{"line":227,"column":51},"end":{"line":231,"column":1}}},"26":{"name":"(anonymous_29)","decl":{"start":{"line":233,"column":36},"end":{"line":233,"column":37}},"loc":{"start":{"line":233,"column":74},"end":{"line":248,"column":1}}},"27":{"name":"(anonymous_30)","decl":{"start":{"line":251,"column":32},"end":{"line":251,"column":33}},"loc":{"start":{"line":251,"column":56},"end":{"line":251,"column":66}}},"28":{"name":"(anonymous_31)","decl":{"start":{"line":253,"column":34},"end":{"line":253,"column":35}},"loc":{"start":{"line":253,"column":45},"end":{"line":253,"column":66}}},"29":{"name":"(anonymous_32)","decl":{"start":{"line":255,"column":33},"end":{"line":255,"column":34}},"loc":{"start":{"line":255,"column":57},"end":{"line":256,"column":10}}},"30":{"name":"(anonymous_33)","decl":{"start":{"line":258,"column":33},"end":{"line":258,"column":34}},"loc":{"start":{"line":258,"column":58},"end":{"line":263,"column":1}}},"31":{"name":"(anonymous_34)","decl":{"start":{"line":265,"column":40},"end":{"line":265,"column":41}},"loc":{"start":{"line":265,"column":93},"end":{"line":283,"column":1}}},"32":{"name":"(anonymous_35)","decl":{"start":{"line":285,"column":37},"end":{"line":285,"column":38}},"loc":{"start":{"line":285,"column":59},"end":{"line":290,"column":1}}},"33":{"name":"(anonymous_36)","decl":{"start":{"line":300,"column":34},"end":{"line":300,"column":35}},"loc":{"start":{"line":300,"column":58},"end":{"line":301,"column":10}}},"34":{"name":"(anonymous_37)","decl":{"start":{"line":303,"column":40},"end":{"line":303,"column":41}},"loc":{"start":{"line":303,"column":55},"end":{"line":303,"column":78}}},"35":{"name":"(anonymous_38)","decl":{"start":{"line":329,"column":32},"end":{"line":329,"column":33}},"loc":{"start":{"line":329,"column":56},"end":{"line":329,"column":66}}},"36":{"name":"(anonymous_39)","decl":{"start":{"line":331,"column":34},"end":{"line":331,"column":35}},"loc":{"start":{"line":331,"column":45},"end":{"line":331,"column":66}}},"37":{"name":"(anonymous_40)","decl":{"start":{"line":333,"column":36},"end":{"line":333,"column":37}},"loc":{"start":{"line":333,"column":50},"end":{"line":333,"column":66}}},"38":{"name":"(anonymous_41)","decl":{"start":{"line":335,"column":40},"end":{"line":335,"column":41}},"loc":{"start":{"line":335,"column":51},"end":{"line":336,"column":33}}},"39":{"name":"(anonymous_42)","decl":{"start":{"line":338,"column":44},"end":{"line":338,"column":45}},"loc":{"start":{"line":338,"column":75},"end":{"line":339,"column":6}}},"40":{"name":"(anonymous_43)","decl":{"start":{"line":341,"column":34},"end":{"line":341,"column":35}},"loc":{"start":{"line":341,"column":53},"end":{"line":341,"column":62}}},"41":{"name":"(anonymous_44)","decl":{"start":{"line":343,"column":47},"end":{"line":343,"column":null}},"loc":{"start":{"line":344,"column":26},"end":{"line":363,"column":1}}},"42":{"name":"(anonymous_45)","decl":{"start":{"line":365,"column":48},"end":{"line":365,"column":null}},"loc":{"start":{"line":366,"column":29},"end":{"line":368,"column":9}}},"43":{"name":"(anonymous_46)","decl":{"start":{"line":369,"column":5},"end":{"line":369,"column":6}},"loc":{"start":{"line":369,"column":30},"end":{"line":369,"column":39}}},"44":{"name":"(anonymous_47)","decl":{"start":{"line":371,"column":21},"end":{"line":371,"column":22}},"loc":{"start":{"line":371,"column":33},"end":{"line":371,"column":69}}},"45":{"name":"(anonymous_48)","decl":{"start":{"line":374,"column":52},"end":{"line":374,"column":53}},"loc":{"start":{"line":374,"column":83},"end":{"line":400,"column":1}}},"46":{"name":"(anonymous_49)","decl":{"start":{"line":403,"column":2},"end":{"line":403,"column":3}},"loc":{"start":{"line":403,"column":68},"end":{"line":412,"column":3}}},"47":{"name":"(anonymous_50)","decl":{"start":{"line":409,"column":6},"end":{"line":409,"column":7}},"loc":{"start":{"line":409,"column":31},"end":{"line":409,"column":43}}},"48":{"name":"(anonymous_51)","decl":{"start":{"line":416,"column":2},"end":{"line":416,"column":3}},"loc":{"start":{"line":416,"column":76},"end":{"line":429,"column":3}}},"49":{"name":"(anonymous_52)","decl":{"start":{"line":422,"column":6},"end":{"line":422,"column":7}},"loc":{"start":{"line":422,"column":31},"end":{"line":423,"column":24}}},"50":{"name":"(anonymous_53)","decl":{"start":{"line":432,"column":49},"end":{"line":432,"column":50}},"loc":{"start":{"line":432,"column":79},"end":{"line":433,"column":6}}},"51":{"name":"(anonymous_54)","decl":{"start":{"line":436,"column":36},"end":{"line":436,"column":37}},"loc":{"start":{"line":436,"column":51},"end":{"line":437,"column":6}}},"52":{"name":"(anonymous_55)","decl":{"start":{"line":439,"column":46},"end":{"line":439,"column":47}},"loc":{"start":{"line":439,"column":77},"end":{"line":440,"column":8}}},"53":{"name":"(anonymous_56)","decl":{"start":{"line":443,"column":6},"end":{"line":443,"column":7}},"loc":{"start":{"line":443,"column":16},"end":{"line":443,"column":49}}},"54":{"name":"(anonymous_57)","decl":{"start":{"line":448,"column":33},"end":{"line":448,"column":34}},"loc":{"start":{"line":448,"column":61},"end":{"line":448,"column":69}}},"55":{"name":"(anonymous_58)","decl":{"start":{"line":450,"column":41},"end":{"line":450,"column":42}},"loc":{"start":{"line":450,"column":56},"end":{"line":451,"column":6}}},"56":{"name":"(anonymous_59)","decl":{"start":{"line":453,"column":44},"end":{"line":453,"column":45}},"loc":{"start":{"line":453,"column":59},"end":{"line":459,"column":1}}},"57":{"name":"(anonymous_60)","decl":{"start":{"line":457,"column":11},"end":{"line":457,"column":12}},"loc":{"start":{"line":457,"column":36},"end":{"line":457,"column":49}}},"58":{"name":"(anonymous_61)","decl":{"start":{"line":461,"column":53},"end":{"line":461,"column":54}},"loc":{"start":{"line":461,"column":68},"end":{"line":462,"column":6}}},"59":{"name":"(anonymous_62)","decl":{"start":{"line":464,"column":48},"end":{"line":464,"column":49}},"loc":{"start":{"line":464,"column":63},"end":{"line":464,"column":69}}},"60":{"name":"(anonymous_63)","decl":{"start":{"line":469,"column":44},"end":{"line":469,"column":45}},"loc":{"start":{"line":469,"column":91},"end":{"line":487,"column":1}}},"61":{"name":"(anonymous_64)","decl":{"start":{"line":491,"column":34},"end":{"line":491,"column":35}},"loc":{"start":{"line":491,"column":71},"end":{"line":503,"column":1}}},"62":{"name":"(anonymous_65)","decl":{"start":{"line":505,"column":35},"end":{"line":505,"column":36}},"loc":{"start":{"line":505,"column":72},"end":{"line":506,"column":6}}},"63":{"name":"(anonymous_66)","decl":{"start":{"line":520,"column":39},"end":{"line":520,"column":40}},"loc":{"start":{"line":520,"column":69},"end":{"line":521,"column":16}}},"64":{"name":"(anonymous_67)","decl":{"start":{"line":524,"column":33},"end":{"line":524,"column":null}},"loc":{"start":{"line":527,"column":40},"end":{"line":569,"column":1}}},"65":{"name":"(anonymous_68)","decl":{"start":{"line":571,"column":24},"end":{"line":571,"column":25}},"loc":{"start":{"line":571,"column":49},"end":{"line":576,"column":1}}},"66":{"name":"(anonymous_69)","decl":{"start":{"line":578,"column":37},"end":{"line":578,"column":38}},"loc":{"start":{"line":578,"column":88},"end":{"line":598,"column":1}}},"67":{"name":"(anonymous_70)","decl":{"start":{"line":602,"column":25},"end":{"line":602,"column":26}},"loc":{"start":{"line":602,"column":49},"end":{"line":602,"column":65}}},"68":{"name":"(anonymous_71)","decl":{"start":{"line":603,"column":29},"end":{"line":603,"column":30}},"loc":{"start":{"line":603,"column":43},"end":{"line":603,"column":59}}},"69":{"name":"(anonymous_72)","decl":{"start":{"line":605,"column":27},"end":{"line":605,"column":28}},"loc":{"start":{"line":605,"column":38},"end":{"line":605,"column":58}}},"70":{"name":"(anonymous_73)","decl":{"start":{"line":606,"column":39},"end":{"line":606,"column":40}},"loc":{"start":{"line":606,"column":61},"end":{"line":606,"column":79}}},"71":{"name":"(anonymous_74)","decl":{"start":{"line":608,"column":26},"end":{"line":608,"column":27}},"loc":{"start":{"line":608,"column":64},"end":{"line":620,"column":1}}},"72":{"name":"(anonymous_75)","decl":{"start":{"line":622,"column":27},"end":{"line":622,"column":28}},"loc":{"start":{"line":622,"column":65},"end":{"line":636,"column":1}}},"73":{"name":"(anonymous_76)","decl":{"start":{"line":638,"column":17},"end":{"line":638,"column":18}},"loc":{"start":{"line":638,"column":28},"end":{"line":643,"column":1}}},"74":{"name":"(anonymous_77)","decl":{"start":{"line":647,"column":28},"end":{"line":647,"column":29}},"loc":{"start":{"line":647,"column":52},"end":{"line":647,"column":71}}},"75":{"name":"(anonymous_78)","decl":{"start":{"line":648,"column":32},"end":{"line":648,"column":33}},"loc":{"start":{"line":648,"column":46},"end":{"line":648,"column":62}}},"76":{"name":"(anonymous_79)","decl":{"start":{"line":650,"column":30},"end":{"line":650,"column":31}},"loc":{"start":{"line":650,"column":41},"end":{"line":650,"column":67}}},"77":{"name":"(anonymous_80)","decl":{"start":{"line":651,"column":42},"end":{"line":651,"column":43}},"loc":{"start":{"line":651,"column":64},"end":{"line":652,"column":18}}},"78":{"name":"(anonymous_81)","decl":{"start":{"line":654,"column":29},"end":{"line":654,"column":30}},"loc":{"start":{"line":654,"column":84},"end":{"line":667,"column":1}}},"79":{"name":"(anonymous_82)","decl":{"start":{"line":669,"column":30},"end":{"line":669,"column":31}},"loc":{"start":{"line":669,"column":85},"end":{"line":683,"column":1}}},"80":{"name":"(anonymous_83)","decl":{"start":{"line":685,"column":20},"end":{"line":685,"column":21}},"loc":{"start":{"line":685,"column":37},"end":{"line":690,"column":1}}},"81":{"name":"(anonymous_84)","decl":{"start":{"line":694,"column":33},"end":{"line":694,"column":34}},"loc":{"start":{"line":694,"column":57},"end":{"line":695,"column":7}}},"82":{"name":"(anonymous_85)","decl":{"start":{"line":697,"column":37},"end":{"line":697,"column":38}},"loc":{"start":{"line":697,"column":51},"end":{"line":698,"column":13}}},"83":{"name":"(anonymous_86)","decl":{"start":{"line":700,"column":46},"end":{"line":700,"column":47}},"loc":{"start":{"line":700,"column":61},"end":{"line":701,"column":6}}},"84":{"name":"(anonymous_87)","decl":{"start":{"line":703,"column":41},"end":{"line":703,"column":null}},"loc":{"start":{"line":706,"column":35},"end":{"line":721,"column":1}}},"85":{"name":"(anonymous_88)","decl":{"start":{"line":723,"column":38},"end":{"line":723,"column":null}},"loc":{"start":{"line":726,"column":16},"end":{"line":741,"column":1}}},"86":{"name":"(anonymous_89)","decl":{"start":{"line":743,"column":41},"end":{"line":743,"column":null}},"loc":{"start":{"line":746,"column":19},"end":{"line":761,"column":1}}},"87":{"name":"(anonymous_90)","decl":{"start":{"line":763,"column":25},"end":{"line":763,"column":26}},"loc":{"start":{"line":763,"column":56},"end":{"line":765,"column":1}}},"88":{"name":"(anonymous_91)","decl":{"start":{"line":767,"column":35},"end":{"line":767,"column":36}},"loc":{"start":{"line":767,"column":92},"end":{"line":768,"column":15}}},"89":{"name":"(anonymous_92)","decl":{"start":{"line":768,"column":24},"end":{"line":768,"column":25}},"loc":{"start":{"line":768,"column":54},"end":{"line":779,"column":3}}},"90":{"name":"(anonymous_93)","decl":{"start":{"line":781,"column":38},"end":{"line":781,"column":null}},"loc":{"start":{"line":784,"column":34},"end":{"line":789,"column":1}}},"91":{"name":"(anonymous_94)","decl":{"start":{"line":791,"column":48},"end":{"line":791,"column":null}},"loc":{"start":{"line":792,"column":32},"end":{"line":815,"column":1}}},"92":{"name":"(anonymous_95)","decl":{"start":{"line":817,"column":49},"end":{"line":817,"column":null}},"loc":{"start":{"line":818,"column":43},"end":{"line":820,"column":9}}},"93":{"name":"(anonymous_96)","decl":{"start":{"line":821,"column":5},"end":{"line":821,"column":6}},"loc":{"start":{"line":821,"column":44},"end":{"line":821,"column":53}}},"94":{"name":"(anonymous_97)","decl":{"start":{"line":823,"column":22},"end":{"line":823,"column":23}},"loc":{"start":{"line":823,"column":35},"end":{"line":823,"column":72}}},"95":{"name":"(anonymous_98)","decl":{"start":{"line":840,"column":39},"end":{"line":840,"column":40}},"loc":{"start":{"line":840,"column":54},"end":{"line":840,"column":76}}}},"branchMap":{"0":{"loc":{"start":{"line":189,"column":13},"end":{"line":189,"column":46}},"type":"binary-expr","locations":[{"start":{"line":189,"column":13},"end":{"line":189,"column":41}},{"start":{"line":189,"column":45},"end":{"line":189,"column":46}}]},"1":{"loc":{"start":{"line":375,"column":35},"end":{"line":375,"column":78}},"type":"binary-expr","locations":[{"start":{"line":375,"column":35},"end":{"line":375,"column":40}},{"start":{"line":375,"column":44},"end":{"line":375,"column":78}}]},"2":{"loc":{"start":{"line":377,"column":22},"end":{"line":377,"column":55}},"type":"binary-expr","locations":[{"start":{"line":377,"column":22},"end":{"line":377,"column":46}},{"start":{"line":377,"column":50},"end":{"line":377,"column":55}}]},"3":{"loc":{"start":{"line":390,"column":2},"end":{"line":398,"column":null}},"type":"if","locations":[{"start":{"line":390,"column":2},"end":{"line":398,"column":null}},{"start":{"line":390,"column":2},"end":{"line":398,"column":null}}]},"4":{"loc":{"start":{"line":390,"column":6},"end":{"line":390,"column":73}},"type":"binary-expr","locations":[{"start":{"line":390,"column":6},"end":{"line":390,"column":11}},{"start":{"line":390,"column":16},"end":{"line":390,"column":41}},{"start":{"line":390,"column":45},"end":{"line":390,"column":72}}]},"5":{"loc":{"start":{"line":404,"column":4},"end":{"line":406,"column":null}},"type":"if","locations":[{"start":{"line":404,"column":4},"end":{"line":406,"column":null}},{"start":{"line":404,"column":4},"end":{"line":406,"column":null}}]},"6":{"loc":{"start":{"line":404,"column":8},"end":{"line":404,"column":32}},"type":"binary-expr","locations":[{"start":{"line":404,"column":8},"end":{"line":404,"column":18}},{"start":{"line":404,"column":22},"end":{"line":404,"column":32}}]},"7":{"loc":{"start":{"line":417,"column":4},"end":{"line":419,"column":null}},"type":"if","locations":[{"start":{"line":417,"column":4},"end":{"line":419,"column":null}},{"start":{"line":417,"column":4},"end":{"line":419,"column":null}}]},"8":{"loc":{"start":{"line":417,"column":8},"end":{"line":417,"column":40}},"type":"binary-expr","locations":[{"start":{"line":417,"column":8},"end":{"line":417,"column":23}},{"start":{"line":417,"column":27},"end":{"line":417,"column":40}}]},"9":{"loc":{"start":{"line":470,"column":2},"end":{"line":486,"column":null}},"type":"if","locations":[{"start":{"line":470,"column":2},"end":{"line":486,"column":null}},{"start":{"line":470,"column":2},"end":{"line":486,"column":null}}]},"10":{"loc":{"start":{"line":470,"column":6},"end":{"line":470,"column":73}},"type":"binary-expr","locations":[{"start":{"line":470,"column":6},"end":{"line":470,"column":11}},{"start":{"line":470,"column":16},"end":{"line":470,"column":41}},{"start":{"line":470,"column":45},"end":{"line":470,"column":72}}]},"11":{"loc":{"start":{"line":492,"column":2},"end":{"line":502,"column":null}},"type":"if","locations":[{"start":{"line":492,"column":2},"end":{"line":502,"column":null}},{"start":{"line":492,"column":2},"end":{"line":502,"column":null}}]},"12":{"loc":{"start":{"line":539,"column":18},"end":{"line":539,"column":79}},"type":"binary-expr","locations":[{"start":{"line":539,"column":18},"end":{"line":539,"column":49}},{"start":{"line":539,"column":53},"end":{"line":539,"column":79}}]},"13":{"loc":{"start":{"line":541,"column":19},"end":{"line":541,"column":95}},"type":"cond-expr","locations":[{"start":{"line":541,"column":51},"end":{"line":541,"column":83}},{"start":{"line":541,"column":86},"end":{"line":541,"column":95}}]},"14":{"loc":{"start":{"line":549,"column":2},"end":{"line":566,"column":null}},"type":"if","locations":[{"start":{"line":549,"column":2},"end":{"line":566,"column":null}},{"start":{"line":549,"column":2},"end":{"line":566,"column":null}}]},"15":{"loc":{"start":{"line":585,"column":2},"end":{"line":595,"column":null}},"type":"if","locations":[{"start":{"line":585,"column":2},"end":{"line":595,"column":null}},{"start":{"line":585,"column":2},"end":{"line":595,"column":null}}]},"16":{"loc":{"start":{"line":769,"column":4},"end":{"line":778,"column":null}},"type":"if","locations":[{"start":{"line":769,"column":4},"end":{"line":778,"column":null}},{"start":{"line":769,"column":4},"end":{"line":778,"column":null}}]},"17":{"loc":{"start":{"line":769,"column":8},"end":{"line":769,"column":67}},"type":"binary-expr","locations":[{"start":{"line":769,"column":8},"end":{"line":769,"column":24}},{"start":{"line":769,"column":28},"end":{"line":769,"column":67}}]},"18":{"loc":{"start":{"line":771,"column":11},"end":{"line":778,"column":null}},"type":"if","locations":[{"start":{"line":771,"column":11},"end":{"line":778,"column":null}},{"start":{"line":771,"column":11},"end":{"line":778,"column":null}}]},"19":{"loc":{"start":{"line":771,"column":15},"end":{"line":771,"column":71}},"type":"binary-expr","locations":[{"start":{"line":771,"column":15},"end":{"line":771,"column":31}},{"start":{"line":771,"column":35},"end":{"line":771,"column":71}}]},"20":{"loc":{"start":{"line":797,"column":2},"end":{"line":799,"column":null}},"type":"if","locations":[{"start":{"line":797,"column":2},"end":{"line":799,"column":null}},{"start":{"line":797,"column":2},"end":{"line":799,"column":null}}]},"21":{"loc":{"start":{"line":801,"column":2},"end":{"line":804,"column":null}},"type":"if","locations":[{"start":{"line":801,"column":2},"end":{"line":804,"column":null}},{"start":{"line":801,"column":2},"end":{"line":804,"column":null}}]},"22":{"loc":{"start":{"line":806,"column":2},"end":{"line":809,"column":null}},"type":"if","locations":[{"start":{"line":806,"column":2},"end":{"line":809,"column":null}},{"start":{"line":806,"column":2},"end":{"line":809,"column":null}}]}},"s":{"0":4,"1":4,"2":4,"3":4,"4":4,"5":4,"6":4,"7":4,"8":4,"9":4,"10":4,"11":4,"12":4,"13":4,"14":4,"15":4,"16":4,"17":4,"18":4,"19":4,"20":4,"21":4,"22":4,"23":4,"24":50,"25":50,"26":50,"27":4,"28":4,"29":21,"30":4,"31":4,"32":40,"33":4,"34":4,"35":36,"36":4,"37":4,"38":133,"39":133,"40":4,"41":4,"42":158336,"43":158336,"44":4,"45":4,"46":78994,"47":78994,"48":4,"49":4,"50":11,"51":4,"52":4,"53":11,"54":11,"55":4,"56":11,"57":9,"58":4,"59":4,"60":11,"61":11,"62":4,"63":4,"64":21,"65":4,"66":4,"67":157909,"68":4,"69":4,"70":0,"71":4,"72":4,"73":157865,"74":4,"75":4,"76":0,"77":4,"78":4,"79":3,"80":3,"81":3,"82":3,"83":4,"84":4,"85":3,"86":4,"87":6,"88":6,"89":4,"90":4,"91":0,"92":4,"93":4,"94":80,"95":4,"96":4,"97":0,"98":4,"99":4,"100":80,"101":4,"102":4,"103":0,"104":0,"105":4,"106":4,"107":0,"108":0,"109":4,"110":4,"111":0,"112":0,"113":0,"114":0,"115":4,"116":4,"117":5,"118":4,"119":4,"120":0,"121":4,"122":4,"123":53,"124":4,"125":4,"126":5,"127":5,"128":4,"129":4,"130":5,"131":5,"132":5,"133":5,"134":4,"135":4,"136":2,"137":4,"138":4,"139":4,"140":0,"141":4,"142":4,"143":0,"144":4,"145":4,"146":4,"147":340,"148":4,"149":4,"150":331,"151":4,"152":4,"153":450,"154":4,"155":4,"156":2,"157":4,"158":4,"159":225,"160":4,"161":4,"162":79157,"163":4,"164":4,"165":39250,"166":39250,"167":39250,"168":39250,"169":39250,"170":39250,"171":39250,"172":4,"173":4,"174":265,"175":39248,"176":39248,"177":4,"178":4,"179":225,"180":225,"181":225,"182":225,"183":0,"184":0,"185":0,"186":0,"187":0,"188":0,"189":0,"190":225,"191":4,"192":0,"193":0,"194":0,"195":0,"196":4,"197":0,"198":0,"199":0,"200":0,"201":4,"202":225,"203":4,"204":80,"205":4,"206":4,"207":80,"208":222,"209":4,"210":4,"211":40,"212":4,"213":4,"214":40,"215":4,"216":4,"217":40,"218":40,"219":7805,"220":4,"221":4,"222":40,"223":4,"224":4,"225":0,"226":4,"227":4,"228":40,"229":0,"230":0,"231":0,"232":0,"233":0,"234":0,"235":0,"236":40,"237":4,"238":4,"239":4,"240":3,"241":3,"242":4,"243":4,"244":3,"245":4,"246":4,"247":6,"248":4,"249":4,"250":4,"251":4,"252":4,"253":4,"254":2,"255":2,"256":2,"257":2,"258":2,"259":4,"260":4,"261":4,"262":4,"263":4,"264":4,"265":3,"266":6,"267":3,"268":3,"269":3,"270":1,"271":1,"272":1,"273":1,"274":3,"275":4,"276":4,"277":41,"278":4,"279":4,"280":39250,"281":4,"282":4,"283":41,"284":4,"285":4,"286":39250,"287":4,"288":4,"289":0,"290":0,"291":0,"292":4,"293":4,"294":0,"295":0,"296":0,"297":0,"298":4,"299":4,"300":0,"301":0,"302":4,"303":41,"304":4,"305":4,"306":39250,"307":4,"308":4,"309":41,"310":4,"311":4,"312":39250,"313":4,"314":4,"315":0,"316":0,"317":0,"318":4,"319":4,"320":0,"321":0,"322":0,"323":0,"324":4,"325":4,"326":0,"327":0,"328":4,"329":0,"330":4,"331":4,"332":44,"333":4,"334":4,"335":44,"336":4,"337":4,"338":5,"339":5,"340":5,"341":4,"342":4,"343":0,"344":0,"345":0,"346":4,"347":4,"348":0,"349":0,"350":0,"351":4,"352":4,"353":5,"354":4,"355":0,"356":0,"357":0,"358":0,"359":0,"360":4,"361":4,"362":0,"363":0,"364":4,"365":4,"366":331,"367":331,"368":331,"369":244,"370":331,"371":41,"372":41,"373":331,"374":41,"375":41,"376":331,"377":4,"378":4,"379":44,"380":331,"381":331,"382":4,"383":4,"384":4,"385":4,"386":4,"387":53,"388":4,"389":4,"390":4,"391":4,"392":4,"393":4,"394":4},"f":{"0":50,"1":21,"2":40,"3":36,"4":133,"5":158336,"6":78994,"7":11,"8":11,"9":11,"10":9,"11":11,"12":21,"13":157909,"14":0,"15":157865,"16":0,"17":3,"18":3,"19":6,"20":0,"21":80,"22":0,"23":80,"24":0,"25":0,"26":0,"27":5,"28":0,"29":53,"30":5,"31":5,"32":2,"33":0,"34":0,"35":340,"36":331,"37":450,"38":2,"39":225,"40":79157,"41":39250,"42":265,"43":39248,"44":39248,"45":225,"46":0,"47":0,"48":0,"49":0,"50":225,"51":80,"52":80,"53":222,"54":40,"55":40,"56":40,"57":7805,"58":40,"59":0,"60":40,"61":3,"62":3,"63":6,"64":4,"65":4,"66":3,"67":41,"68":39250,"69":41,"70":39250,"71":0,"72":0,"73":0,"74":41,"75":39250,"76":41,"77":39250,"78":0,"79":0,"80":0,"81":0,"82":44,"83":44,"84":5,"85":0,"86":0,"87":5,"88":0,"89":0,"90":0,"91":331,"92":44,"93":331,"94":331,"95":53},"b":{"0":[3,3],"1":[225,3],"2":[225,222],"3":[0,225],"4":[225,3,3],"5":[0,0],"6":[0,0],"7":[0,0],"8":[0,0],"9":[0,40],"10":[40,40,40],"11":[3,0],"12":[4,4],"13":[2,2],"14":[2,2],"15":[1,2],"16":[0,0],"17":[0,0],"18":[0,0],"19":[0,0],"20":[244,87],"21":[41,290],"22":[41,290]}}
,"/Users/radu/Programming/eox/cypress-realworld-app/backend/gql-playground-routes.ts": {"path":"/Users/radu/Programming/eox/cypress-realworld-app/backend/gql-playground-routes.ts","statementMap":{"0":{"start":{"line":1,"column":0},"end":{"line":1,"column":30}},"1":{"start":{"line":2,"column":0},"end":{"line":2,"column":70}},"2":{"start":{"line":4,"column":15},"end":{"line":4,"column":31}},"3":{"start":{"line":5,"column":0},"end":{"line":5,"column":61}},"4":{"start":{"line":6,"column":0},"end":{"line":6,"column":22}}},"fnMap":{},"branchMap":{},"s":{"0":4,"1":4,"2":4,"3":4,"4":4},"f":{},"b":{}}
,"/Users/radu/Programming/eox/cypress-realworld-app/backend/helpers.ts": {"path":"/Users/radu/Programming/eox/cypress-realworld-app/backend/helpers.ts","statementMap":{"0":{"start":{"line":1,"column":0},"end":{"line":1,"column":28}},"1":{"start":{"line":2,"column":0},"end":{"line":2,"column":29}},"2":{"start":{"line":4,"column":0},"end":{"line":4,"column":53}},"3":{"start":{"line":5,"column":0},"end":{"line":5,"column":30}},"4":{"start":{"line":6,"column":0},"end":{"line":6,"column":31}},"5":{"start":{"line":9,"column":0},"end":{"line":9,"column":49}},"6":{"start":{"line":11,"column":0},"end":{"line":11,"column":43}},"7":{"start":{"line":13,"column":0},"end":{"line":13,"column":16}},"8":{"start":{"line":15,"column":23},"end":{"line":27,"column":2}},"9":{"start":{"line":30,"column":24},"end":{"line":37,"column":2}},"10":{"start":{"line":38,"column":24},"end":{"line":50,"column":2}},"11":{"start":{"line":53,"column":13},"end":{"line":53,"column":31}},"12":{"start":{"line":83,"column":19},"end":{"line":83,"column":52}},"13":{"start":{"line":84,"column":15},"end":{"line":84,"column":39}},"14":{"start":{"line":85,"column":28},"end":{"line":92,"column":2}},"15":{"start":{"line":94,"column":13},"end":{"line":94,"column":83}},"16":{"start":{"line":95,"column":13},"end":{"line":95,"column":90}},"17":{"start":{"line":96,"column":13},"end":{"line":96,"column":85}},"18":{"start":{"line":98,"column":35},"end":{"line":113,"column":1}},"19":{"start":{"line":99,"column":2},"end":{"line":108,"column":null}},"20":{"start":{"line":102,"column":4},"end":{"line":106,"column":null}},"21":{"start":{"line":107,"column":4},"end":{"line":107,"column":18}},"22":{"start":{"line":98,"column":13},"end":{"line":98,"column":35}},"23":{"start":{"line":115,"column":34},"end":{"line":126,"column":1}},"24":{"start":{"line":116,"column":2},"end":{"line":125,"column":4}},"25":{"start":{"line":116,"column":63},"end":{"line":125,"column":4}},"26":{"start":{"line":117,"column":4},"end":{"line":117,"column":81}},"27":{"start":{"line":117,"column":59},"end":{"line":117,"column":79}},"28":{"start":{"line":119,"column":10},"end":{"line":119,"column":41}},"29":{"start":{"line":120,"column":4},"end":{"line":122,"column":null}},"30":{"start":{"line":121,"column":6},"end":{"line":121,"column":20}},"31":{"start":{"line":124,"column":4},"end":{"line":124,"column":53}},"32":{"start":{"line":115,"column":13},"end":{"line":115,"column":34}}},"fnMap":{"0":{"name":"(anonymous_14)","decl":{"start":{"line":98,"column":35},"end":{"line":98,"column":36}},"loc":{"start":{"line":98,"column":83},"end":{"line":113,"column":1}}},"1":{"name":"(anonymous_15)","decl":{"start":{"line":115,"column":34},"end":{"line":115,"column":35}},"loc":{"start":{"line":115,"column":53},"end":{"line":126,"column":1}}},"2":{"name":"(anonymous_16)","decl":{"start":{"line":116,"column":9},"end":{"line":116,"column":16}},"loc":{"start":{"line":116,"column":63},"end":{"line":125,"column":4}}},"3":{"name":"(anonymous_17)","decl":{"start":{"line":116,"column":63},"end":{"line":116,"column":null}},"loc":{"start":{"line":116,"column":63},"end":{"line":125,"column":4}}},"4":{"name":"(anonymous_19)","decl":{"start":{"line":117,"column":38},"end":{"line":117,"column":39}},"loc":{"start":{"line":117,"column":54},"end":{"line":117,"column":69}}}},"branchMap":{"0":{"loc":{"start":{"line":99,"column":2},"end":{"line":108,"column":null}},"type":"if","locations":[{"start":{"line":99,"column":2},"end":{"line":108,"column":null}},{"start":{"line":99,"column":2},"end":{"line":108,"column":null}}]},"1":{"loc":{"start":{"line":102,"column":4},"end":{"line":106,"column":null}},"type":"if","locations":[{"start":{"line":102,"column":4},"end":{"line":106,"column":null}},{"start":{"line":102,"column":4},"end":{"line":106,"column":null}}]},"2":{"loc":{"start":{"line":102,"column":8},"end":{"line":102,"column":21}},"type":"cond-expr","locations":[{"start":{"line":102,"column":16},"end":{"line":102,"column":18}},{"start":{"line":102,"column":16},"end":{"line":102,"column":21}}]},"3":{"loc":{"start":{"line":102,"column":8},"end":{"line":102,"column":18}},"type":"binary-expr","locations":[{"start":{"line":102,"column":8},"end":{"line":102,"column":18}},{"start":{"line":102,"column":16},"end":{"line":102,"column":18}}]},"4":{"loc":{"start":{"line":117,"column":4},"end":{"line":117,"column":81}},"type":"switch","locations":[{"start":{"line":117,"column":4},"end":{"line":117,"column":81}}]},"5":{"loc":{"start":{"line":120,"column":4},"end":{"line":122,"column":null}},"type":"if","locations":[{"start":{"line":120,"column":4},"end":{"line":122,"column":null}},{"start":{"line":120,"column":4},"end":{"line":122,"column":null}}]}},"s":{"0":4,"1":4,"2":4,"3":4,"4":4,"5":4,"6":4,"7":4,"8":4,"9":4,"10":4,"11":4,"12":4,"13":4,"14":4,"15":4,"16":4,"17":4,"18":4,"19":115,"20":115,"21":115,"22":4,"23":4,"24":88,"25":100,"26":200,"27":172,"28":100,"29":100,"30":100,"31":0,"32":4},"f":{"0":115,"1":88,"2":100,"3":100,"4":172},"b":{"0":[115,0],"1":[0,115],"2":[0,115],"3":[115,115],"4":[100],"5":[100,0]}}
[...]
start":{"line":90,"column":37},"end":{"line":92,"column":null}},"32":{"start":{"line":92,"column":42},"end":{"line":92,"column":null}},"33":{"start":{"line":94,"column":34},"end":{"line":96,"column":null}},"34":{"start":{"line":96,"column":39},"end":{"line":96,"column":null}},"35":{"start":{"line":98,"column":37},"end":{"line":99,"column":null}},"36":{"start":{"line":99,"column":2},"end":{"line":99,"column":null}},"37":{"start":{"line":102,"column":46},"end":{"line":103,"column":null}},"38":{"start":{"line":103,"column":2},"end":{"line":103,"column":null}},"39":{"start":{"line":106,"column":45},"end":{"line":107,"column":null}},"40":{"start":{"line":107,"column":2},"end":{"line":107,"column":null}},"41":{"start":{"line":110,"column":43},"end":{"line":117,"column":null}},"42":{"start":{"line":114,"column":2},"end":{"line":117,"column":null}},"43":{"start":{"line":115,"column":19},"end":{"line":115,"column":77}},"44":{"start":{"line":119,"column":34},"end":{"line":120,"column":null}},"45":{"start":{"line":120,"column":2},"end":{"line":120,"column":null}},"46":{"start":{"line":122,"column":34},"end":{"line":123,"column":null}},"47":{"start":{"line":123,"column":2},"end":{"line":123,"column":null}},"48":{"start":{"line":125,"column":35},"end":{"line":126,"column":null}},"49":{"start":{"line":126,"column":2},"end":{"line":126,"column":null}},"50":{"start":{"line":128,"column":36},"end":{"line":130,"column":null}},"51":{"start":{"line":130,"column":5},"end":{"line":130,"column":null}},"52":{"start":{"line":132,"column":36},"end":{"line":133,"column":null}},"53":{"start":{"line":133,"column":2},"end":{"line":133,"column":null}},"54":{"start":{"line":135,"column":37},"end":{"line":136,"column":null}},"55":{"start":{"line":136,"column":2},"end":{"line":136,"column":null}},"56":{"start":{"line":139,"column":40},"end":{"line":141,"column":null}},"57":{"start":{"line":141,"column":5},"end":{"line":141,"column":null}},"58":{"start":{"line":143,"column":41},"end":{"line":144,"column":null}},"59":{"start":{"line":144,"column":2},"end":{"line":144,"column":null}},"60":{"start":{"line":147,"column":41},"end":{"line":148,"column":null}},"61":{"start":{"line":148,"column":2},"end":{"line":148,"column":null}},"62":{"start":{"line":151,"column":43},"end":{"line":152,"column":null}},"63":{"start":{"line":152,"column":2},"end":{"line":152,"column":null}},"64":{"start":{"line":154,"column":43},"end":{"line":155,"column":null}},"65":{"start":{"line":155,"column":2},"end":{"line":155,"column":null}},"66":{"start":{"line":158,"column":34},"end":{"line":158,"column":null}},"67":{"start":{"line":158,"column":54},"end":{"line":158,"column":null}},"68":{"start":{"line":161,"column":36},"end":{"line":162,"column":null}},"69":{"start":{"line":162,"column":2},"end":{"line":162,"column":null}},"70":{"start":{"line":165,"column":41},"end":{"line":167,"column":null}},"71":{"start":{"line":167,"column":2},"end":{"line":167,"column":null}},"72":{"start":{"line":170,"column":39},"end":{"line":172,"column":null}},"73":{"start":{"line":172,"column":2},"end":{"line":172,"column":null}},"74":{"start":{"line":174,"column":33},"end":{"line":182,"column":null}},"75":{"start":{"line":175,"column":8},"end":{"line":175,"column":null}},"76":{"start":{"line":176,"column":21},"end":{"line":176,"column":null}},"77":{"start":{"line":178,"column":2},"end":{"line":181,"column":null}},"78":{"start":{"line":188,"column":29},"end":{"line":188,"column":null}},"79":{"start":{"line":188,"column":45},"end":{"line":188,"column":null}},"80":{"start":{"line":192,"column":27},"end":{"line":192,"column":null}},"81":{"start":{"line":192,"column":43},"end":{"line":192,"column":null}},"82":{"start":{"line":4,"column":2},"end":{"line":6,"column":null}},"83":{"start":{"line":6,"column":2},"end":{"line":6,"column":null}},"84":{"start":{"line":14,"column":0},"end":{"line":14,"column":null}},"85":{"start":{"line":15,"column":0},"end":{"line":15,"column":null}},"86":{"start":{"line":16,"column":0},"end":{"line":16,"column":null}},"87":{"start":{"line":17,"column":2},"end":{"line":17,"column":null}},"88":{"start":{"line":18,"column":2},"end":{"line":18,"column":null}},"89":{"start":{"line":19,"column":2},"end":{"line":19,"column":null}},"90":{"start":{"line":20,"column":2},"end":{"line":21,"column":null}},"91":{"start":{"line":21,"column":2},"end":{"line":21,"column":null}},"92":{"start":{"line":22,"column":2},"end":{"line":23,"column":null}},"93":{"start":{"line":27,"column":2},"end":{"line":28,"column":null}},"94":{"start":{"line":37,"column":7},"end":{"line":38,"column":11}},"95":{"start":{"line":55,"column":7},"end":{"line":55,"column":76}},"96":{"start":{"line":58,"column":7},"end":{"line":58,"column":82}},"97":{"start":{"line":66,"column":30},"end":{"line":67,"column":19}},"98":{"start":{"line":73,"column":7},"end":{"line":73,"column":39}},"99":{"start":{"line":77,"column":7},"end":{"line":77,"column":56}},"100":{"start":{"line":80,"column":7},"end":{"line":87,"column":13}},"101":{"start":{"line":84,"column":7},"end":{"line":85,"column":null}},"102":{"start":{"line":90,"column":7},"end":{"line":98,"column":13}},"103":{"start":{"line":94,"column":7},"end":{"line":96,"column":null}},"104":{"start":{"line":102,"column":13},"end":{"line":110,"column":13}},"105":{"start":{"line":106,"column":7},"end":{"line":107,"column":30}},"106":{"start":{"line":114,"column":2},"end":{"line":115,"column":47}},"107":{"start":{"line":115,"column":77},"end":{"line":119,"column":13}},"108":{"start":{"line":117,"column":4},"end":{"line":117,"column":null}},"109":{"start":{"line":122,"column":13},"end":{"line":128,"column":13}},"110":{"start":{"line":125,"column":7},"end":{"line":126,"column":40}},"111":{"start":{"line":132,"column":7},"end":{"line":133,"column":21}},"112":{"start":{"line":135,"column":13},"end":{"line":143,"column":13}},"113":{"start":{"line":139,"column":7},"end":{"line":141,"column":31}},"114":{"start":{"line":147,"column":7},"end":{"line":147,"column":null}},"115":{"start":{"line":165,"column":7},"end":{"line":165,"column":null}},"116":{"start":{"line":165,"column":42},"end":{"line":167,"column":null}},"117":{"start":{"line":170,"column":7},"end":{"line":170,"column":40}},"118":{"start":{"line":170,"column":40},"end":{"line":170,"column":null}},"119":{"start":{"line":170,"column":40},"end":{"line":172,"column":54}},"120":{"start":{"line":172,"column":87},"end":{"line":172,"column":null}},"121":{"start":{"line":174,"column":7},"end":{"line":174,"column":78}},"122":{"start":{"line":175,"column":25},"end":{"line":178,"column":9}},"123":{"start":{"line":176,"column":2},"end":{"line":176,"column":50}},"124":{"start":{"line":178,"column":9},"end":{"line":179,"column":null}},"125":{"start":{"line":192,"column":7},"end":{"line":192,"column":79}}},"fnMap":{"0":{"name":"(anonymous_0)","decl":{"start":{"line":33,"column":36},"end":{"line":33,"column":37}},"loc":{"start":{"line":34,"column":2},"end":{"line":34,"column":null}}},"1":{"name":"(anonymous_1)","decl":{"start":{"line":37,"column":43},"end":{"line":37,"column":44}},"loc":{"start":{"line":38,"column":2},"end":{"line":38,"column":null}}},"2":{"name":"(anonymous_2)","decl":{"start":{"line":41,"column":44},"end":{"line":41,"column":45}},"loc":{"start":{"line":42,"column":2},"end":{"line":42,"column":null}}},"3":{"name":"(anonymous_3)","decl":{"start":{"line":45,"column":44},"end":{"line":45,"column":45}},"loc":{"start":{"line":46,"column":2},"end":{"line":46,"column":null}}},"4":{"name":"(anonymous_4)","decl":{"start":{"line":51,"column":29},"end":{"line":51,"column":30}},"loc":{"start":{"line":52,"column":2},"end":{"line":52,"column":null}}},"5":{"name":"(anonymous_5)","decl":{"start":{"line":55,"column":28},"end":{"line":55,"column":29}},"loc":{"start":{"line":55,"column":48},"end":{"line":55,"column":null}}},"6":{"name":"(anonymous_6)","decl":{"start":{"line":58,"column":34},"end":{"line":58,"column":35}},"loc":{"start":{"line":58,"column":54},"end":{"line":58,"column":null}}},"7":{"name":"(anonymous_7)","decl":{"start":{"line":60,"column":38},"end":{"line":60,"column":39}},"loc":{"start":{"line":61,"column":2},"end":{"line":63,"column":null}}},"8":{"name":"(anonymous_8)","decl":{"start":{"line":66,"column":36},"end":{"line":66,"column":37}},"loc":{"start":{"line":67,"column":2},"end":{"line":67,"column":null}}},"9":{"name":"(anonymous_9)","decl":{"start":{"line":70,"column":31},"end":{"line":70,"column":32}},"loc":{"start":{"line":71,"column":2},"end":{"line":71,"column":null}}},"10":{"name":"(anonymous_10)","decl":{"start":{"line":73,"column":39},"end":{"line":73,"column":40}},"loc":{"start":{"line":74,"column":2},"end":{"line":74,"column":null}}},"11":{"name":"(anonymous_11)","decl":{"start":{"line":77,"column":39},"end":{"line":77,"column":40}},"loc":{"start":{"line":78,"column":2},"end":{"line":78,"column":null}}},"12":{"name":"(anonymous_12)","decl":{"start":{"line":80,"column":34},"end":{"line":80,"column":35}},"loc":{"start":{"line":81,"column":2},"end":{"line":81,"column":null}}},"13":{"name":"(anonymous_13)","decl":{"start":{"line":84,"column":37},"end":{"line":84,"column":38}},"loc":{"start":{"line":85,"column":2},"end":{"line":85,"column":null}}},"14":{"name":"(anonymous_14)","decl":{"start":{"line":87,"column":30},"end":{"line":87,"column":31}},"loc":{"start":{"line":88,"column":2},"end":{"line":88,"column":null}}},"15":{"name":"(anonymous_15)","decl":{"start":{"line":90,"column":37},"end":{"line":90,"column":null}},"loc":{"start":{"line":92,"column":42},"end":{"line":92,"column":null}}},"16":{"name":"(anonymous_16)","decl":{"start":{"line":94,"column":34},"end":{"line":94,"column":null}},"loc":{"start":{"line":96,"column":39},"end":{"line":96,"column":null}}},"17":{"name":"(anonymous_17)","decl":{"start":{"line":98,"column":37},"end":{"line":98,"column":38}},"loc":{"start":{"line":99,"column":2},"end":{"line":99,"column":null}}},"18":{"name":"(anonymous_18)","decl":{"start":{"line":102,"column":46},"end":{"line":102,"column":47}},"loc":{"start":{"line":103,"column":2},"end":{"line":103,"column":null}}},"19":{"name":"(anonymous_19)","decl":{"start":{"line":106,"column":45},"end":{"line":106,"column":46}},"loc":{"start":{"line":107,"column":2},"end":{"line":107,"column":null}}},"20":{"name":"(anonymous_20)","decl":{"start":{"line":110,"column":43},"end":{"line":110,"column":null}},"loc":{"start":{"line":114,"column":2},"end":{"line":117,"column":null}}},"21":{"name":"(anonymous_21)","decl":{"start":{"line":115,"column":9},"end":{"line":115,"column":10}},"loc":{"start":{"line":115,"column":19},"end":{"line":115,"column":77}}},"22":{"name":"(anonymous_22)","decl":{"start":{"line":119,"column":34},"end":{"line":119,"column":35}},"loc":{"start":{"line":120,"column":2},"end":{"line":120,"column":null}}},"23":{"name":"(anonymous_23)","decl":{"start":{"line":122,"column":34},"end":{"line":122,"column":35}},"loc":{"start":{"line":123,"column":2},"end":{"line":123,"column":null}}},"24":{"name":"(anonymous_24)","decl":{"start":{"line":125,"column":35},"end":{"line":125,"column":36}},"loc":{"start":{"line":126,"column":2},"end":{"line":126,"column":null}}},"25":{"name":"(anonymous_25)","decl":{"start":{"line":128,"column":36},"end":{"line":128,"column":null}},"loc":{"start":{"line":130,"column":5},"end":{"line":130,"column":null}}},"26":{"name":"(anonymous_26)","decl":{"start":{"line":132,"column":36},"end":{"line":132,"column":37}},"loc":{"start":{"line":133,"column":2},"end":{"line":133,"column":null}}},"27":{"name":"(anonymous_27)","decl":{"start":{"line":135,"column":37},"end":{"line":135,"column":38}},"loc":{"start":{"line":136,"column":2},"end":{"line":136,"column":null}}},"28":{"name":"(anonymous_28)","decl":{"start":{"line":139,"column":40},"end":{"line":139,"column":null}},"loc":{"start":{"line":141,"column":5},"end":{"line":141,"column":null}}},"29":{"name":"(anonymous_29)","decl":{"start":{"line":143,"column":41},"end":{"line":143,"column":42}},"loc":{"start":{"line":144,"column":2},"end":{"line":144,"column":null}}},"30":{"name":"(anonymous_30)","decl":{"start":{"line":147,"column":41},"end":{"line":147,"column":42}},"loc":{"start":{"line":148,"column":2},"end":{"line":148,"column":null}}},"31":{"name":"(anonymous_31)","decl":{"start":{"line":151,"column":43},"end":{"line":151,"column":44}},"loc":{"start":{"line":152,"column":2},"end":{"line":152,"column":null}}},"32":{"name":"(anonymous_32)","decl":{"start":{"line":154,"column":43},"end":{"line":154,"column":44}},"loc":{"start":{"line":155,"column":2},"end":{"line":155,"column":null}}},"33":{"name":"(anonymous_33)","decl":{"start":{"line":158,"column":34},"end":{"line":158,"column":35}},"loc":{"start":{"line":158,"column":54},"end":{"line":158,"column":null}}},"34":{"name":"(anonymous_34)","decl":{"start":{"line":161,"column":36},"end":{"line":161,"column":37}},"loc":{"start":{"line":162,"column":2},"end":{"line":162,"column":null}}},"35":{"name":"(anonymous_35)","decl":{"start":{"line":165,"column":41},"end":{"line":165,"column":42}},"loc":{"start":{"line":167,"column":2},"end":{"line":167,"column":null}}},"36":{"name":"(anonymous_36)","decl":{"start":{"line":170,"column":39},"end":{"line":170,"column":40}},"loc":{"start":{"line":172,"column":2},"end":{"line":172,"column":null}}},"37":{"name":"(anonymous_37)","decl":{"start":{"line":174,"column":33},"end":{"line":174,"column":34}},"loc":{"start":{"line":174,"column":78},"end":{"line":182,"column":null}}},"38":{"name":"(anonymous_38)","decl":{"start":{"line":188,"column":29},"end":{"line":188,"column":30}},"loc":{"start":{"line":188,"column":45},"end":{"line":188,"column":null}}},"39":{"name":"(anonymous_39)","decl":{"start":{"line":192,"column":27},"end":{"line":192,"column":28}},"loc":{"start":{"line":192,"column":43},"end":{"line":192,"column":null}}},"40":{"name":"(anonymous_0)","decl":{"start":{"line":4,"column":2},"end":{"line":4,"column":null}},"loc":{"start":{"line":4,"column":2},"end":{"line":6,"column":null}}},"41":{"name":"(anonymous_1)","decl":{"start":{"line":20,"column":2},"end":{"line":20,"column":null}},"loc":{"start":{"line":20,"column":2},"end":{"line":21,"column":null}}},"42":{"name":"(anonymous_2)","decl":{"start":{"line":80,"column":49},"end":{"line":80,"column":null}},"loc":{"start":{"line":81,"column":2},"end":{"line":87,"column":13}}},"43":{"name":"(anonymous_3)","decl":{"start":{"line":91,"column":2},"end":{"line":91,"column":null}},"loc":{"start":{"line":92,"column":59},"end":{"line":98,"column":13}}},"44":{"name":"(anonymous_4)","decl":{"start":{"line":102,"column":13},"end":{"line":102,"column":46}},"loc":{"start":{"line":102,"column":47},"end":{"line":110,"column":13}}},"45":{"name":"(anonymous_5)","decl":{"start":{"line":116,"column":18},"end":{"line":116,"column":null}},"loc":{"start":{"line":116,"column":18},"end":{"line":119,"column":13}}},"46":{"name":"(anonymous_6)","decl":{"start":{"line":122,"column":13},"end":{"line":122,"column":34}},"loc":{"start":{"line":123,"column":8},"end":{"line":128,"column":13}}},"47":{"name":"(anonymous_7)","decl":{"start":{"line":135,"column":13},"end":{"line":135,"column":37}},"loc":{"start":{"line":136,"column":8},"end":{"line":143,"column":13}}},"48":{"name":"(anonymous_8)","decl":{"start":{"line":165,"column":42},"end":{"line":165,"column":null}},"loc":{"start":{"line":165,"column":42},"end":{"line":167,"column":null}}},"49":{"name":"(anonymous_9)","decl":{"start":{"line":170,"column":40},"end":{"line":170,"column":null}},"loc":{"start":{"line":170,"column":40},"end":{"line":170,"column":null}}},"50":{"name":"(anonymous_10)","decl":{"start":{"line":172,"column":87},"end":{"line":172,"column":null}},"loc":{"start":{"line":172,"column":87},"end":{"line":172,"column":null}}},"51":{"name":"(anonymous_11)","decl":{"start":{"line":175,"column":25},"end":{"line":175,"column":30}},"loc":{"start":{"line":175,"column":30},"end":{"line":178,"column":9}}}},"branchMap":{"0":{"loc":{"start":{"line":51,"column":30},"end":{"line":51,"column":50}},"type":"default-arg","locations":[{"start":{"line":51,"column":44},"end":{"line":51,"column":50}}]},"1":{"loc":{"start":{"line":51,"column":50},"end":{"line":51,"column":null}},"type":"default-arg","locations":[{"start":{"line":51,"column":64},"end":{"line":51,"column":null}}]},"2":{"loc":{"start":{"line":120,"column":2},"end":{"line":120,"column":null}},"type":"binary-expr","locations":[{"start":{"line":120,"column":2},"end":{"line":120,"column":34}},{"start":{"line":120,"column":34},"end":{"line":120,"column":null}}]},"3":{"loc":{"start":{"line":130,"column":5},"end":{"line":130,"column":null}},"type":"binary-expr","locations":[{"start":{"line":130,"column":5},"end":{"line":130,"column":32}},{"start":{"line":130,"column":32},"end":{"line":130,"column":null}}]},"4":{"loc":{"start":{"line":141,"column":5},"end":{"line":141,"column":null}},"type":"binary-expr","locations":[{"start":{"line":141,"column":5},"end":{"line":141,"column":27}},{"start":{"line":141,"column":27},"end":{"line":141,"column":null}}]},"5":{"loc":{"start":{"line":148,"column":2},"end":{"line":148,"column":null}},"type":"cond-expr","locations":[{"start":{"line":148,"column":39},"end":{"line":148,"column":68}},{"start":{"line":148,"column":68},"end":{"line":148,"column":null}}]},"6":{"loc":{"start":{"line":148,"column":2},"end":{"line":148,"column":39}},"type":"binary-expr","locations":[{"start":{"line":148,"column":2},"end":{"line":148,"column":11}},{"start":{"line":148,"column":11},"end":{"line":148,"column":39}}]},"7":{"loc":{"start":{"line":152,"column":2},"end":{"line":152,"column":null}},"type":"cond-expr","locations":[{"start":{"line":152,"column":41},"end":{"line":152,"column":72}},{"start":{"line":152,"column":72},"end":{"line":152,"column":null}}]},"8":{"loc":{"start":{"line":152,"column":2},"end":{"line":152,"column":41}},"type":"binary-expr","locations":[{"start":{"line":152,"column":2},"end":{"line":152,"column":11}},{"start":{"line":152,"column":11},"end":{"line":152,"column":41}}]},"9":{"loc":{"start":{"line":4,"column":2},"end":{"line":6,"column":null}},"type":"binary-expr","locations":[{"start":{"line":4,"column":2},"end":{"line":4,"column":null}},{"start":{"line":4,"column":2},"end":{"line":4,"column":null}},{"start":{"line":4,"column":2},"end":{"line":6,"column":null}}]},"10":{"loc":{"start":{"line":6,"column":2},"end":{"line":6,"column":null}},"type":"cond-expr","locations":[{"start":{"line":6,"column":2},"end":{"line":6,"column":null}},{"start":{"line":6,"column":2},"end":{"line":6,"column":null}}]}},"s":{"0":30,"1":996,"2":30,"3":2,"4":30,"5":100,"6":30,"7":0,"8":30,"9":30,"10":0,"11":30,"12":462,"13":30,"14":194,"15":30,"16":0,"17":30,"18":0,"19":30,"20":0,"21":30,"22":0,"23":30,"24":0,"25":34,"26":4,"27":36,"28":8,"29":30,"30":0,"31":34,"32":4,"33":33,"34":3,"35":30,"36":0,"37":34,"38":4,"39":34,"40":4,"41":30,"42":2,"43":0,"44":30,"45":0,"46":34,"47":4,"48":34,"49":4,"50":30,"51":0,"52":30,"53":0,"54":34,"55":4,"56":34,"57":4,"58":30,"59":0,"60":30,"61":0,"62":30,"63":0,"64":30,"65":0,"66":30,"67":194,"68":30,"69":0,"70":30,"71":79191,"72":30,"73":97,"74":30,"75":0,"76":4,"77":0,"78":30,"79":0,"80":30,"81":0,"82":4,"83":4,"84":4,"85":4,"86":4,"87":4,"88":4,"89":4,"90":4,"91":338,"92":4,"93":4,"94":4,"95":4,"96":4,"97":34,"98":4,"99":4,"100":4,"101":6,"102":4,"103":3,"104":4,"105":3,"106":34,"107":4,"108":0,"109":4,"110":3,"111":4,"112":4,"113":3,"114":4,"115":4,"116":34,"117":4,"118":395,"119":34,"120":335,"121":4,"122":34,"123":30,"124":4,"125":4},"f":{"0":996,"1":2,"2":100,"3":0,"4":0,"5":462,"6":194,"7":0,"8":0,"9":0,"10":0,"11":0,"12":0,"13":8,"14":0,"15":0,"16":3,"17":0,"18":3,"19":3,"20":2,"21":0,"22":0,"23":0,"24":3,"25":0,"26":0,"27":0,"28":3,"29":0,"30":0,"31":0,"32":0,"33":194,"34":0,"35":79157,"36":97,"37":0,"38":0,"39":0,"40":4,"41":338,"42":6,"43":3,"44":3,"45":0,"46":3,"47":3,"48":79157,"49":331,"50":331,"51":0},"b":{"0":[0],"1":[0],"2":[0,0],"3":[0,0],"4":[0,0],"5":[0,0],"6":[0,0],"7":[0,0],"8":[0,0],"9":[4,4,4],"10":[4,8]}}
}
