TN:
SF:src/index.tsx
FNF:0
FNH:0
DA:9,103
DA:49,103
DA:51,103
LF:3
LH:3
BRF:0
BRH:0
end_of_record
TN:
SF:src/components/AlertBar.tsx
FN:1,(anonymous_0)
FN:24,(anonymous_1)
FN:24,(anonymous_2)
FNF:3
FNH:3
FNDA:103,(anonymous_0)
FNDA:649,(anonymous_1)
FNDA:103,(anonymous_2)
DA:1,927
DA:24,649
DA:25,649
DA:27,649
DA:43,103
DA:45,103
LF:6
LH:6
BRDA:1,0,0,206
BRDA:1,0,1,103
BRDA:1,1,0,103
BRF:3
BRH:3
end_of_record
TN:
SF:src/components/BankAccountForm.tsx
FN:1,(anonymous_0)
FN:28,(anonymous_1)
FN:52,(anonymous_2)
FN:70,(anonymous_3)
FN:80,(anonymous_4)
FN:83,(anonymous_5)
FN:100,(anonymous_6)
FN:117,(anonymous_7)
FN:52,(anonymous_8)
FNF:9
FNH:9
FNDA:206,(anonymous_0)
FNDA:5,(anonymous_1)
FNDA:5,(anonymous_2)
FNDA:2,(anonymous_3)
FNDA:295,(anonymous_4)
FNDA:295,(anonymous_5)
FNDA:295,(anonymous_6)
FNDA:295,(anonymous_7)
FNDA:3,(anonymous_8)
DA:1,1030
DA:9,103
DA:20,103
DA:22,103
DA:28,103
DA:44,103
DA:52,103
DA:56,5
DA:57,103
DA:59,5
DA:66,5
DA:71,2
DA:73,2
DA:75,2
DA:76,1
DA:81,295
DA:84,295
DA:101,295
DA:118,295
DA:158,103
DA:160,206
LF:21
LH:21
BRDA:1,0,0,206
BRDA:1,0,1,103
BRDA:1,1,0,103
BRDA:75,2,0,1
BRDA:93,3,0,295
BRDA:93,3,1,64
BRDA:93,3,2,289
BRDA:94,4,0,289
BRDA:94,4,1,6
BRDA:94,5,0,295
BRDA:94,5,1,64
BRDA:110,6,0,295
BRDA:110,6,1,132
BRDA:110,6,2,199
BRDA:111,7,0,199
BRDA:111,7,1,96
BRDA:111,8,0,295
BRDA:111,8,1,132
BRDA:127,9,0,295
BRDA:127,9,1,172
BRDA:127,9,2,159
BRDA:128,10,0,159
BRDA:128,10,1,136
BRDA:128,11,0,295
BRDA:128,11,1,172
BRDA:148,12,0,295
BRDA:148,12,1,12
BRF:27
BRH:27
end_of_record
TN:
SF:src/components/BankAccountItem.tsx
FN:1,(anonymous_0)
FN:11,(anonymous_1)
FN:30,(anonymous_2)
FNF:3
FNH:3
FNDA:103,(anonymous_0)
FNDA:11,(anonymous_1)
FNDA:1,(anonymous_2)
DA:1,824
DA:11,103
DA:15,11
DA:31,1
DA:41,103
DA:43,103
LF:6
LH:6
BRDA:1,0,0,206
BRDA:1,0,1,103
BRDA:1,1,0,103
BRDA:20,2,0,1
BRDA:20,2,1,10
BRDA:23,3,0,11
BRDA:23,3,1,10
BRF:7
BRH:7
end_of_record
TN:
SF:src/components/BankAccountList.tsx
FN:1,(anonymous_0)
FN:13,(anonymous_1)
FN:18,(anonymous_2)
FNF:3
FNH:3
FNDA:103,(anonymous_0)
FNDA:20,(anonymous_1)
FNDA:11,(anonymous_2)
DA:1,824
DA:13,103
DA:14,20
DA:19,11
DA:31,103
DA:33,103
LF:6
LH:6
BRDA:1,0,0,206
BRDA:1,0,1,103
BRDA:1,1,0,103
BRDA:16,2,0,10
BRDA:16,2,1,10
BRF:5
BRH:5
end_of_record
TN:
SF:src/components/CommentForm.tsx
FN:1,(anonymous_0)
FN:18,(anonymous_1)
FN:37,(anonymous_2)
FN:45,(anonymous_3)
FN:50,(anonymous_4)
FN:53,(anonymous_5)
FNF:6
FNH:6
FNDA:206,(anonymous_0)
FNDA:38,(anonymous_1)
FNDA:38,(anonymous_2)
FNDA:4,(anonymous_3)
FNDA:126,(anonymous_4)
FNDA:126,(anonymous_5)
DA:1,927
DA:7,103
DA:11,103
DA:13,103
DA:18,103
DA:30,103
DA:37,103
DA:38,38
DA:40,38
DA:46,4
DA:47,4
DA:51,126
DA:54,126
DA:73,103
DA:75,206
LF:15
LH:15
BRDA:1,0,0,206
BRDA:1,0,1,103
BRDA:1,1,0,103
BRDA:62,2,0,126
BRDA:62,2,1,4
BRDA:63,3,0,4
BRDA:63,3,1,122
BRF:7
BRH:7
end_of_record
TN:
SF:src/components/CommentList.tsx
FN:1,(anonymous_0)
FN:11,(anonymous_1)
FN:15,(anonymous_2)
FNF:3
FNH:3
FNDA:103,(anonymous_0)
FNDA:4,(anonymous_1)
FNDA:5,(anonymous_2)
DA:1,824
DA:11,103
DA:12,4
DA:15,5
DA:18,103
DA:20,103
LF:6
LH:6
BRDA:1,0,0,206
BRDA:1,0,1,103
BRDA:1,1,0,103
BRDA:14,2,0,4
BRDA:14,2,1,4
BRF:5
BRH:5
end_of_record
TN:
SF:src/components/CommentListItem.tsx
FN:1,(anonymous_0)
FN:10,(anonymous_1)
FNF:2
FNH:2
FNDA:103,(anonymous_0)
FNDA:5,(anonymous_1)
DA:1,824
DA:10,103
DA:11,5
DA:16,103
DA:18,103
LF:5
LH:5
BRDA:1,0,0,206
BRDA:1,0,1,103
BRDA:1,1,0,103
BRF:3
BRH:3
end_of_record
TN:
SF:src/components/EmptyList.tsx
FN:1,(anonymous_0)
FN:6,(anonymous_1)
FNF:2
FNH:2
FNDA:103,(anonymous_0)
FNDA:140,(anonymous_1)
DA:1,824
DA:4,103
DA:6,103
DA:10,140
DA:47,103
DA:49,103
LF:6
LH:6
BRDA:1,0,0,206
BRDA:1,0,1,103
BRDA:1,1,0,103
BRF:3
BRH:3
end_of_record
TN:
SF:src/components/Footer.tsx
FN:1,(anonymous_0)
FN:6,Footer
FNF:2
FNH:2
FNDA:103,(anonymous_0)
FNDA:572,Footer
DA:1,824
DA:6,103
DA:7,572
DA:30,103
LF:4
LH:4
BRDA:1,0,0,206
BRDA:1,0,1,103
BRDA:1,1,0,103
BRF:3
BRH:3
end_of_record
TN:
SF:src/components/MainLayout.tsx
FN:1,(anonymous_0)
FN:29,(anonymous_1)
FN:72,(anonymous_2)
FN:81,(anonymous_3)
FN:84,(anonymous_4)
FN:88,(anonymous_5)
FN:89,(anonymous_6)
FN:91,(anonymous_7)
FN:72,(anonymous_8)
FNF:9
FNH:7
FNDA:206,(anonymous_0)
FNDA:435,(anonymous_1)
FNDA:435,(anonymous_2)
FNDA:1,(anonymous_3)
FNDA:0,(anonymous_4)
FNDA:1,(anonymous_5)
FNDA:0,(anonymous_6)
FNDA:99,(anonymous_7)
FNDA:98,(anonymous_8)
DA:1,1030
DA:20,103
DA:22,103
DA:29,435
DA:58,103
DA:72,435
DA:73,435
DA:74,435
DA:76,435
DA:77,435
DA:79,435
DA:80,435
DA:81,435
DA:82,1
DA:84,435
DA:85,0
DA:88,435
DA:89,435
DA:91,435
DA:92,99
DA:93,1
DA:98,435
DA:126,103
DA:128,206
LF:24
LH:23
BRDA:1,0,0,206
BRDA:1,0,1,103
BRDA:1,1,0,103
BRDA:92,2,0,1
BRDA:92,3,0,99
BRDA:92,3,1,1
BRDA:101,4,0,0
BRDA:101,4,1,435
BRDA:102,5,0,0
BRDA:102,5,1,435
BRDA:106,6,0,0
BRDA:106,6,1,435
BRDA:107,7,0,0
BRDA:107,7,1,435
BRF:14
BRH:10
end_of_record
TN:
SF:src/components/NavBar.tsx
FN:1,(anonymous_0)
FN:50,(anonymous_1)
FN:117,(anonymous_2)
FN:137,(anonymous_3)
FN:117,(anonymous_4)
FNF:5
FNH:5
FNDA:206,(anonymous_0)
FNDA:596,(anonymous_1)
FNDA:596,(anonymous_2)
FNDA:1,(anonymous_3)
FNDA:98,(anonymous_4)
DA:1,1030
DA:35,103
DA:37,103
DA:39,103
DA:50,596
DA:103,103
DA:117,596
DA:118,596
DA:120,596
DA:121,596
DA:123,596
DA:124,596
DA:126,596
DA:137,1
DA:194,103
DA:196,206
LF:16
LH:16
BRDA:1,0,0,206
BRDA:1,0,1,103
BRDA:1,1,0,103
BRDA:129,2,0,596
BRDA:129,2,1,595
BRDA:156,3,0,0
BRDA:156,3,1,596
BRDA:181,4,0,592
BRDA:181,4,1,4
BRDA:188,5,0,596
BRDA:188,5,1,325
BRDA:188,5,2,305
BRF:12
BRH:11
end_of_record
TN:
SF:src/components/NavDrawer.tsx
FN:1,(anonymous_0)
FN:48,(anonymous_1)
FN:115,(anonymous_2)
FN:123,(anonymous_3)
FN:136,(anonymous_4)
FN:149,(anonymous_5)
FN:162,(anonymous_6)
FN:175,(anonymous_7)
FN:177,(anonymous_8)
FN:193,(anonymous_9)
FN:204,(anonymous_10)
FN:215,(anonymous_11)
FN:193,(anonymous_12)
FNF:13
FNH:11
FNDA:206,(anonymous_0)
FNDA:435,(anonymous_1)
FNDA:435,(anonymous_2)
FNDA:0,(anonymous_3)
FNDA:3,(anonymous_4)
FNDA:1,(anonymous_5)
FNDA:1,(anonymous_6)
FNDA:435,(anonymous_7)
FNDA:2,(anonymous_8)
FNDA:435,(anonymous_9)
FNDA:2,(anonymous_10)
FNDA:0,(anonymous_11)
FNDA:98,(anonymous_12)
DA:1,1030
DA:32,103
DA:34,103
DA:48,435
DA:111,103
DA:113,103
DA:115,103
DA:119,435
DA:123,0
DA:136,3
DA:149,1
DA:162,1
DA:175,103
DA:176,435
DA:177,2
DA:193,103
DA:198,435
DA:199,435
DA:200,435
DA:201,435
DA:203,435
DA:204,435
DA:206,435
DA:215,0
DA:297,103
DA:299,206
LF:26
LH:24
BRDA:1,0,0,206
BRDA:1,0,1,103
BRDA:1,1,0,103
BRDA:123,2,0,0
BRDA:123,2,1,0
BRDA:136,3,0,3
BRDA:136,3,1,0
BRDA:149,4,0,1
BRDA:149,4,1,0
BRDA:162,5,0,1
BRDA:162,5,1,0
BRDA:209,6,0,0
BRDA:209,6,1,435
BRDA:211,7,0,435
BRDA:211,7,1,1
BRDA:224,8,0,434
BRDA:224,8,1,1
BRDA:227,9,0,435
BRDA:227,9,1,435
BRDA:236,10,0,435
BRDA:236,10,1,435
BRDA:263,11,0,434
BRDA:263,11,1,1
BRDA:266,12,0,435
BRDA:266,12,1,435
BRDA:274,13,0,428
BRDA:274,13,1,7
BRF:27
BRH:21
end_of_record
TN:
SF:src/components/NotificationList.tsx
FN:1,(anonymous_0)
FN:14,(anonymous_1)
FN:22,(anonymous_2)
FNF:3
FNH:3
FNDA:103,(anonymous_0)
FNDA:24,(anonymous_1)
FNDA:189,(anonymous_2)
DA:1,824
DA:14,103
DA:18,24
DA:23,189
DA:37,103
DA:39,103
LF:6
LH:6
BRDA:1,0,0,206
BRDA:1,0,1,103
BRDA:1,1,0,103
BRDA:20,2,0,21
BRDA:20,2,1,3
BRF:5
BRH:5
end_of_record
TN:
SF:src/components/NotificationListItem.tsx
FN:1,(anonymous_0)
FN:63,(anonymous_1)
FN:100,(anonymous_2)
FN:111,(anonymous_3)
FN:63,(anonymous_4)
FNF:5
FNH:3
FNDA:206,(anonymous_0)
FNDA:189,(anonymous_1)
FNDA:0,(anonymous_2)
FNDA:0,(anonymous_3)
FNDA:7,(anonymous_4)
DA:1,1030
DA:35,103
DA:37,103
DA:45,103
DA:61,103
DA:63,103
DA:66,189
DA:67,189
DA:68,189
DA:69,189
DA:70,189
DA:72,189
DA:73,30
DA:74,30
DA:77,189
DA:78,27
DA:79,27
DA:82,189
DA:83,132
DA:84,66
DA:85,66
DA:86,66
DA:87,66
DA:88,66
DA:92,189
DA:100,0
DA:111,0
DA:119,103
DA:121,206
LF:29
LH:27
BRDA:1,0,0,206
BRDA:1,0,1,103
BRDA:1,1,0,103
BRDA:72,2,0,30
BRDA:77,3,0,27
BRDA:82,4,0,132
BRDA:83,5,0,66
BRDA:83,5,1,66
BRDA:86,6,0,66
BRDA:96,7,0,189
BRDA:96,7,1,0
BRDA:107,8,0,189
BRDA:107,8,1,189
BRF:13
BRH:12
end_of_record
TN:
SF:src/components/PrivateRoute.tsx
FN:1,(anonymous_0)
FN:8,PrivateRoute
FN:12,(anonymous_2)
FNF:3
FNH:3
FNDA:103,(anonymous_0)
FNDA:425,PrivateRoute
FNDA:425,(anonymous_2)
DA:1,824
DA:9,425
DA:13,425
DA:27,103
DA:29,103
LF:5
LH:5
BRDA:1,0,0,206
BRDA:1,0,1,103
BRDA:1,1,0,103
BRDA:13,2,0,425
BRF:4
BRH:4
end_of_record
TN:
SF:src/components/SignInForm.tsx
FN:1,(anonymous_0)
FN:43,(anonymous_1)
FN:73,(anonymous_2)
FN:81,(anonymous_3)
FN:101,(anonymous_4)
FN:107,(anonymous_5)
FN:110,(anonymous_6)
FN:127,(anonymous_7)
FN:145,(anonymous_8)
FN:73,(anonymous_9)
FNF:10
FNH:10
FNDA:103,(anonymous_0)
FNDA:30,(anonymous_1)
FNDA:30,(anonymous_2)
FNDA:7,(anonymous_3)
FNDA:7,(anonymous_4)
FNDA:307,(anonymous_5)
FNDA:307,(anonymous_6)
FNDA:307,(anonymous_7)
FNDA:307,(anonymous_8)
FNDA:19,(anonymous_9)
DA:1,927
DA:26,103
DA:33,103
DA:35,103
DA:43,103
DA:73,103
DA:74,103
DA:75,30
DA:81,30
DA:83,30
DA:102,7
DA:104,7
DA:108,307
DA:111,307
DA:128,307
DA:146,307
DA:182,103
DA:184,103
LF:18
LH:18
BRDA:1,0,0,206
BRDA:1,0,1,103
BRDA:1,1,0,103
BRDA:87,2,0,30
BRDA:87,2,1,14
BRDA:120,3,0,307
BRDA:120,3,1,164
BRDA:120,3,2,275
BRDA:121,4,0,275
BRDA:121,4,1,32
BRDA:121,5,0,307
BRDA:121,5,1,164
BRDA:136,6,0,307
BRDA:136,6,1,17
BRDA:136,6,2,17
BRDA:137,7,0,17
BRDA:137,7,1,290
BRDA:137,8,0,307
BRDA:137,8,1,17
BRDA:137,8,2,17
BRDA:159,9,0,307
BRDA:159,9,1,108
BRF:22
BRH:22
end_of_record
TN:
SF:src/components/SignUpForm.tsx
FN:1,(anonymous_0)
FN:24,(anonymous_1)
FN:62,(anonymous_2)
FN:72,(anonymous_3)
FN:87,(anonymous_4)
FN:93,(anonymous_5)
FN:96,(anonymous_6)
FN:114,(anonymous_7)
FN:131,(anonymous_8)
FN:148,(anonymous_9)
FN:165,(anonymous_10)
FN:62,(anonymous_11)
FNF:12
FNH:12
FNDA:103,(anonymous_0)
FNDA:4,(anonymous_1)
FNDA:4,(anonymous_2)
FNDA:1,(anonymous_3)
FNDA:1,(anonymous_4)
FNDA:171,(anonymous_5)
FNDA:171,(anonymous_6)
FNDA:171,(anonymous_7)
FNDA:171,(anonymous_8)
FNDA:171,(anonymous_9)
FNDA:171,(anonymous_10)
FNDA:2,(anonymous_11)
DA:1,927
DA:15,103
DA:17,103
DA:24,103
DA:46,103
DA:62,103
DA:63,103
DA:64,4
DA:72,4
DA:74,4
DA:88,1
DA:90,1
DA:94,171
DA:97,171
DA:115,171
DA:132,171
DA:149,171
DA:166,171
DA:206,103
DA:208,103
LF:20
LH:20
BRDA:1,0,0,206
BRDA:1,0,1,103
BRDA:1,1,0,103
BRDA:107,2,0,171
BRDA:107,2,1,22
BRDA:107,2,2,165
BRDA:108,3,0,165
BRDA:108,3,1,6
BRDA:108,4,0,171
BRDA:108,4,1,22
BRDA:124,5,0,171
BRDA:124,5,1,44
BRDA:124,5,2,143
BRDA:125,6,0,143
BRDA:125,6,1,28
BRDA:125,7,0,171
BRDA:125,7,1,44
BRDA:141,8,0,171
BRDA:141,8,1,82
BRDA:141,8,2,121
BRDA:142,9,0,121
BRDA:142,9,1,50
BRDA:142,10,0,171
BRDA:142,10,1,82
BRDA:158,11,0,171
BRDA:158,11,1,116
BRDA:158,11,2,83
BRDA:159,12,0,83
BRDA:159,12,1,88
BRDA:159,13,0,171
BRDA:159,13,1,116
BRDA:175,14,0,171
BRDA:175,14,1,168
BRDA:175,14,2,51
BRDA:176,15,0,51
BRDA:176,15,1,120
BRDA:176,16,0,171
BRDA:176,16,1,168
BRDA:188,17,0,171
BRDA:188,17,1,8
BRF:40
BRH:40
end_of_record
TN:
SF:src/components/SkeletonList.tsx
FN:1,(anonymous_0)
FN:10,(anonymous_1)
FN:19,(anonymous_2)
FNF:3
FNH:3
FNDA:206,(anonymous_0)
FNDA:209,(anonymous_1)
FNDA:209,(anonymous_2)
DA:1,927
DA:4,103
DA:6,103
DA:10,209
DA:17,103
DA:19,103
DA:20,209
DA:68,103
DA:70,206
LF:9
LH:9
BRDA:1,0,0,206
BRDA:1,0,1,103
BRDA:1,1,0,103
BRF:3
BRH:3
end_of_record
TN:
SF:src/components/SvgCypressLogo.tsx
FN:1,(anonymous_0)
FN:3,SvgCypressLogo
FNF:2
FNH:2
FNDA:103,(anonymous_0)
FNDA:572,SvgCypressLogo
DA:1,824
DA:4,572
DA:80,103
DA:82,103
LF:4
LH:4
BRDA:1,0,0,206
BRDA:1,0,1,103
BRDA:1,1,0,103
BRF:3
BRH:3
end_of_record
TN:
SF:src/components/SvgRwaIconLogo.tsx
FN:1,(anonymous_0)
FN:3,SvgRwaIconLogo
FNF:2
FNH:1
FNDA:103,(anonymous_0)
FNDA:0,SvgRwaIconLogo
DA:1,824
DA:4,0
DA:19,103
DA:21,103
LF:4
LH:3
BRDA:1,0,0,206
BRDA:1,0,1,103
BRDA:1,1,0,103
BRF:3
BRH:3
end_of_record
TN:
SF:src/components/SvgRwaLogo.tsx
FN:1,(anonymous_0)
FN:3,SvgRwaLogo
FNF:2
FNH:2
FNDA:103,(anonymous_0)
FNDA:630,SvgRwaLogo
DA:1,824
DA:4,630
DA:21,103
DA:23,103
LF:4
LH:4
BRDA:1,0,0,206
BRDA:1,0,1,103
BRDA:1,1,0,103
BRF:3
BRH:3
end_of_record
TN:
SF:src/components/SvgUndrawNavigatorA479.tsx
FN:1,(anonymous_0)
FN:3,SvgUndrawNavigatorA479
FNF:2
FNH:2
FNDA:103,(anonymous_0)
FNDA:3,SvgUndrawNavigatorA479
DA:1,824
DA:4,3
DA:112,103
DA:114,103
LF:4
LH:4
BRDA:1,0,0,206
BRDA:1,0,1,103
BRDA:1,1,0,103
BRF:3
BRH:3
end_of_record
TN:
SF:src/components/SvgUndrawPersonalFinanceTqcd.tsx
FN:1,(anonymous_0)
FN:3,SvgUndrawPersonalFinanceTqcd
FNF:2
FNH:2
FNDA:103,(anonymous_0)
FNDA:3,SvgUndrawPersonalFinanceTqcd
DA:1,824
DA:4,3
DA:82,103
DA:84,103
LF:4
LH:4
BRDA:1,0,0,206
BRDA:1,0,1,103
BRDA:1,1,0,103
BRF:3
BRH:3
end_of_record
TN:
SF:src/components/SvgUndrawPersonalSettingsKihd.tsx
FN:1,(anonymous_0)
FN:3,SvgUndrawPersonalSettingsKihd
FNF:2
FNH:2
FNDA:103,(anonymous_0)
FNDA:8,SvgUndrawPersonalSettingsKihd
DA:1,824
DA:4,8
DA:233,103
DA:235,103
LF:4
LH:4
BRDA:1,0,0,206
BRDA:1,0,1,103
BRDA:1,1,0,103
BRF:3
BRH:3
end_of_record
TN:
SF:src/components/SvgUndrawReminders697P.tsx
FN:1,(anonymous_0)
FN:3,SvgUndrawReminders697P
FNF:2
FNH:2
FNDA:103,(anonymous_0)
FNDA:3,SvgUndrawReminders697P
DA:1,824
DA:4,3
DA:126,103
DA:128,103
LF:4
LH:4
BRDA:1,0,0,206
BRDA:1,0,1,103
BRDA:1,1,0,103
BRF:3
BRH:3
end_of_record
TN:
SF:src/components/SvgUndrawTransferMoneyRywa.tsx
FN:1,(anonymous_0)
FN:3,SvgUndrawTransferMoneyRywa
FNF:2
FNH:2
FNDA:103,(anonymous_0)
FNDA:127,SvgUndrawTransferMoneyRywa
DA:1,824
DA:4,127
DA:279,103
DA:281,103
LF:4
LH:4
BRDA:1,0,0,206
BRDA:1,0,1,103
BRDA:1,1,0,103
BRF:3
BRH:3
end_of_record
TN:
SF:src/components/TransactionAmount.tsx
FN:1,(anonymous_0)
FN:14,(anonymous_1)
FN:34,(anonymous_2)
FNF:3
FNH:3
FNDA:103,(anonymous_0)
FNDA:2188,(anonymous_1)
FNDA:2188,(anonymous_2)
DA:1,824
DA:7,103
DA:9,103
DA:14,2188
DA:34,103
DA:35,2188
DA:49,103
DA:51,103
LF:8
LH:8
BRDA:1,0,0,206
BRDA:1,0,1,103
BRDA:1,1,0,103
BRDA:39,2,0,673
BRDA:39,2,1,1515
BRDA:45,3,0,673
BRDA:45,3,1,1515
BRDA:46,4,0,2188
BRDA:46,4,1,2188
BRF:9
BRH:9
end_of_record
TN:
SF:src/components/TransactionContactsList.tsx
FN:1,(anonymous_0)
FN:18,(anonymous_1)
FN:32,(anonymous_2)
FN:36,(anonymous_3)
FN:18,(anonymous_4)
FNF:5
FNH:5
FNDA:103,(anonymous_0)
FNDA:46,(anonymous_1)
FNDA:14,(anonymous_2)
FNDA:1,(anonymous_3)
FNDA:12,(anonymous_4)
DA:1,824
DA:18,103
DA:22,46
DA:23,103
DA:24,46
DA:27,46
DA:29,46
DA:32,46
DA:33,14
DA:36,46
DA:37,1
DA:39,46
DA:52,103
DA:54,103
LF:14
LH:14
BRDA:1,0,0,103
BRDA:1,0,1,0
BRDA:1,1,0,103
BRDA:1,2,0,103
BRDA:1,2,1,103
BRDA:27,3,0,46
BRF:6
BRH:5
end_of_record
TN:
SF:src/components/TransactionCreateStepOne.tsx
FN:1,(anonymous_0)
FN:14,(anonymous_1)
FN:30,(anonymous_2)
FNF:3
FNH:3
FNDA:206,(anonymous_0)
FNDA:59,(anonymous_1)
FNDA:59,(anonymous_2)
DA:1,927
DA:8,103
DA:10,103
DA:14,103
DA:22,103
DA:30,103
DA:35,59
DA:41,103
DA:43,206
LF:9
LH:9
BRDA:1,0,0,206
BRDA:1,0,1,103
BRDA:1,1,0,103
BRF:3
BRH:3
end_of_record
TN:
SF:src/components/TransactionCreateStepThree.tsx
FN:1,(anonymous_0)
FN:26,(anonymous_1)
FN:49,(anonymous_2)
FN:132,(anonymous_3)
FN:49,(anonymous_4)
FNF:5
FNH:5
FNDA:206,(anonymous_0)
FNDA:16,(anonymous_1)
FNDA:16,(anonymous_2)
FNDA:1,(anonymous_3)
FNDA:6,(anonymous_4)
DA:1,1030
DA:20,103
DA:22,103
DA:26,103
DA:32,103
DA:49,103
DA:51,16
DA:52,16
DA:54,103
DA:56,16
DA:57,16
DA:59,16
DA:133,1
DA:134,1
DA:145,103
DA:147,206
LF:16
LH:16
BRDA:1,0,0,206
BRDA:1,0,1,103
BRDA:1,1,0,103
BRDA:100,2,0,8
BRDA:100,2,1,8
BRDA:101,3,0,16
BRDA:101,3,1,16
BRF:7
BRH:7
end_of_record
TN:
SF:src/components/TransactionCreateStepTwo.tsx
FN:1,(anonymous_0)
FN:17,(anonymous_1)
FN:46,NumberFormatCustom
FN:53,(anonymous_3)
FN:82,(anonymous_4)
FN:116,(anonymous_5)
FN:129,(anonymous_6)
FN:132,(anonymous_7)
FN:154,(anonymous_8)
FN:186,(anonymous_9)
FN:200,(anonymous_10)
FNF:11
FNH:11
FNDA:309,(anonymous_0)
FNDA:5,(anonymous_1)
FNDA:102,NumberFormatCustom
FNDA:7,(anonymous_3)
FNDA:5,(anonymous_4)
FNDA:2,(anonymous_5)
FNDA:92,(anonymous_6)
FNDA:92,(anonymous_7)
FNDA:92,(anonymous_8)
FNDA:1,(anonymous_9)
FNDA:1,(anonymous_10)
DA:1,1133
DA:9,103
DA:11,103
DA:17,103
DA:32,103
DA:34,103
DA:47,102
DA:49,99
DA:54,7
DA:66,103
DA:82,103
DA:87,5
DA:88,5
DA:89,5
DA:96,5
DA:117,2
DA:120,2
DA:122,2
DA:123,2
DA:130,92
DA:133,92
DA:155,92
DA:186,1
DA:200,1
DA:212,103
DA:214,309
LF:26
LH:26
BRDA:1,0,0,206
BRDA:1,0,1,103
BRDA:1,1,0,103
BRDA:143,2,0,92
BRDA:143,2,1,20
BRDA:143,2,2,84
BRDA:144,3,0,84
BRDA:144,3,1,8
BRDA:144,4,0,92
BRDA:144,4,1,20
BRDA:164,5,0,92
BRDA:164,5,1,88
BRDA:164,5,2,64
BRDA:165,6,0,64
BRDA:165,6,1,28
BRDA:165,7,0,92
BRDA:165,7,1,88
BRDA:185,8,0,92
BRDA:185,8,1,57
BRDA:199,9,0,92
BRDA:199,9,1,57
BRF:21
BRH:21
end_of_record
TN:
SF:src/components/TransactionDateRangeFilter.tsx
FN:1,(anonymous_0)
FN:18,(anonymous_1)
FN:38,(anonymous_2)
FN:49,(anonymous_3)
FN:59,(anonymous_4)
FN:63,(anonymous_5)
FN:70,(anonymous_6)
FN:74,(anonymous_7)
FN:100,(anonymous_8)
FN:154,(anonymous_9)
FN:38,(anonymous_10)
FNF:11
FNH:8
FNDA:309,(anonymous_0)
FNDA:391,(anonymous_1)
FNDA:391,(anonymous_2)
FNDA:9,(anonymous_3)
FNDA:3,(anonymous_4)
FNDA:0,(anonymous_5)
FNDA:6,(anonymous_6)
FNDA:3,(anonymous_7)
FNDA:0,(anonymous_8)
FNDA:0,(anonymous_9)
FNDA:86,(anonymous_10)
DA:1,1133
DA:12,103
DA:14,103
DA:18,391
DA:27,103
DA:29,103
DA:30,103
DA:38,103
DA:42,391
DA:43,391
DA:44,391
DA:45,391
DA:47,391
DA:49,391
DA:50,9
DA:51,3
DA:55,3
DA:59,391
DA:60,3
DA:63,391
DA:64,0
DA:67,391
DA:68,391
DA:70,391
DA:71,6
DA:74,391
DA:75,3
DA:76,3
DA:79,391
DA:101,0
DA:154,0
DA:184,103
DA:186,309
LF:33
LH:30
BRDA:1,0,0,206
BRDA:1,0,1,103
BRDA:1,1,0,103
BRDA:45,2,0,391
BRDA:45,2,1,3
BRDA:50,3,0,3
BRDA:68,4,0,3
BRDA:68,4,1,388
BRDA:81,5,0,391
BRDA:81,5,1,388
BRDA:92,6,0,391
BRDA:92,6,1,3
BRDA:105,7,0,391
BRDA:105,7,1,391
BRDA:123,8,0,0
BRDA:123,8,1,391
BRDA:124,9,0,0
BRDA:124,9,1,391
BRDA:146,10,0,391
BRDA:146,10,1,0
BRF:20
BRH:17
end_of_record
TN:
SF:src/components/TransactionDetail.tsx
FN:1,(anonymous_0)
FN:30,(anonymous_1)
FN:102,(anonymous_2)
FN:181,(anonymous_3)
FN:196,(anonymous_4)
FN:210,(anonymous_5)
FN:227,(anonymous_6)
FNF:7
FNH:7
FNDA:206,(anonymous_0)
FNDA:38,(anonymous_1)
FNDA:38,(anonymous_2)
FNDA:2,(anonymous_3)
FNDA:2,(anonymous_4)
FNDA:1,(anonymous_5)
FNDA:4,(anonymous_6)
DA:1,927
DA:17,103
DA:19,103
DA:30,103
DA:92,103
DA:102,103
DA:109,38
DA:181,2
DA:197,2
DA:211,1
DA:227,4
DA:242,103
DA:244,206
LF:13
LH:13
BRDA:1,0,0,206
BRDA:1,0,1,103
BRDA:1,1,0,103
BRDA:175,2,0,38
BRDA:175,2,1,0
BRDA:189,3,0,38
BRDA:189,3,1,24
BRDA:189,3,2,6
BRDA:232,4,0,38
BRDA:232,4,1,4
BRF:10
BRH:9
end_of_record
TN:
SF:src/components/TransactionInfiniteList.tsx
FN:1,(anonymous_0)
FN:17,(anonymous_1)
FN:33,(anonymous_2)
FN:44,(anonymous_3)
FN:45,(anonymous_4)
FN:50,(anonymous_5)
FN:54,rowRenderer
FN:67,(anonymous_7)
FN:76,(anonymous_8)
FN:33,(anonymous_9)
FNF:10
FNH:10
FNDA:206,(anonymous_0)
FNDA:227,(anonymous_1)
FNDA:227,(anonymous_2)
FNDA:3,(anonymous_3)
FNDA:3,(anonymous_4)
FNDA:969,(anonymous_5)
FNDA:2364,rowRenderer
FNDA:681,(anonymous_7)
FNDA:227,(anonymous_8)
FNDA:83,(anonymous_9)
DA:1,1030
DA:11,103
DA:13,103
DA:17,227
DA:25,103
DA:33,103
DA:37,227
DA:38,227
DA:39,227
DA:40,227
DA:42,227
DA:44,227
DA:45,3
DA:46,3
DA:50,227
DA:51,969
DA:55,2364
DA:57,2364
DA:58,2150
DA:67,681
DA:69,227
DA:77,227
DA:91,103
DA:93,206
LF:24
LH:24
BRDA:1,0,0,206
BRDA:1,0,1,103
BRDA:1,1,0,103
BRDA:42,2,0,208
BRDA:42,2,1,19
BRDA:46,3,0,3
BRDA:46,3,1,3
BRDA:51,4,0,969
BRDA:51,4,1,921
BRDA:57,5,0,2150
BRDA:61,6,0,0
BRDA:61,6,1,2150
BRDA:82,7,0,0
BRDA:82,7,1,227
BRDA:83,8,0,0
BRDA:83,8,1,227
BRDA:84,9,0,0
BRDA:84,9,1,227
BRF:18
BRH:14
end_of_record
TN:
SF:src/components/TransactionItem.tsx
FN:1,(anonymous_0)
FN:30,(anonymous_1)
FN:67,(anonymous_2)
FN:75,(anonymous_3)
FN:78,(anonymous_4)
FN:86,(anonymous_5)
FN:75,(anonymous_6)
FNF:7
FNH:7
FNDA:309,(anonymous_0)
FNDA:2150,(anonymous_1)
FNDA:2150,(anonymous_2)
FNDA:2150,(anonymous_3)
FNDA:4,(anonymous_4)
FNDA:4,(anonymous_5)
FNDA:83,(anonymous_6)
DA:1,1133
DA:19,103
DA:21,103
DA:30,2150
DA:61,103
DA:67,103
DA:68,2150
DA:73,103
DA:75,2150
DA:76,2150
DA:78,2150
DA:79,4
DA:82,2150
DA:86,4
DA:153,103
DA:155,309
LF:16
LH:16
BRDA:1,0,0,206
BRDA:1,0,1,103
BRDA:1,1,0,103
BRF:3
BRH:3
end_of_record
TN:
SF:src/components/TransactionList.tsx
FN:1,(anonymous_0)
FN:19,(anonymous_1)
FN:35,(anonymous_2)
FNF:3
FNH:3
FNDA:206,(anonymous_0)
FNDA:563,(anonymous_1)
FNDA:563,(anonymous_2)
DA:1,927
DA:13,103
DA:15,103
DA:19,563
DA:23,103
DA:35,103
DA:44,563
DA:45,563
DA:47,563
DA:90,103
DA:92,206
LF:11
LH:11
BRDA:1,0,0,206
BRDA:1,0,1,103
BRDA:1,1,0,103
BRDA:44,2,0,563
BRDA:44,2,1,342
BRDA:45,3,0,563
BRDA:45,3,1,221
BRDA:51,4,0,563
BRDA:51,4,1,209
BRDA:52,5,0,563
BRDA:52,5,1,227
BRDA:59,6,0,563
BRDA:59,6,1,127
BRDA:73,7,0,127
BRDA:73,7,1,127
BRF:15
BRH:15
end_of_record
TN:
SF:src/components/TransactionListAmountRangeFilter.tsx
FN:1,(anonymous_0)
FN:30,(anonymous_1)
FN:43,(anonymous_2)
FN:47,(anonymous_3)
FN:51,(anonymous_4)
FN:62,(anonymous_5)
FN:88,(anonymous_6)
FN:154,(anonymous_7)
FN:30,(anonymous_8)
FNF:9
FNH:6
FNDA:103,(anonymous_0)
FNDA:394,(anonymous_1)
FNDA:3,(anonymous_2)
FNDA:0,(anonymous_3)
FNDA:3,(anonymous_4)
FNDA:9,(anonymous_5)
FNDA:0,(anonymous_6)
FNDA:0,(anonymous_7)
FNDA:86,(anonymous_8)
DA:1,927
DA:30,103
DA:34,394
DA:35,394
DA:36,394
DA:38,394
DA:39,394
DA:41,394
DA:43,394
DA:44,3
DA:47,394
DA:48,0
DA:51,394
DA:52,3
DA:56,3
DA:59,394
DA:60,394
DA:62,394
DA:63,9
DA:89,0
DA:90,0
DA:115,394
DA:154,0
DA:163,103
DA:165,103
LF:25
LH:21
BRDA:1,0,0,206
BRDA:1,0,1,103
BRDA:1,1,0,103
BRDA:60,2,0,9
BRDA:60,2,1,385
BRDA:126,3,0,394
BRDA:126,3,1,394
BRDA:144,4,0,394
BRDA:144,4,1,0
BRF:9
BRH:8
end_of_record
TN:
SF:src/components/TransactionListFilters.tsx
FN:1,(anonymous_0)
FN:15,(anonymous_1)
FN:30,(anonymous_2)
FN:35,(anonymous_3)
FN:37,(anonymous_4)
FN:39,(anonymous_5)
FN:42,(anonymous_6)
FNF:7
FNH:5
FNDA:206,(anonymous_0)
FNDA:388,(anonymous_1)
FNDA:388,(anonymous_2)
FNDA:3,(anonymous_3)
FNDA:0,(anonymous_4)
FNDA:3,(anonymous_5)
FNDA:0,(anonymous_6)
DA:1,927
DA:9,103
DA:11,103
DA:15,388
DA:22,103
DA:30,103
DA:35,388
DA:36,3
DA:37,388
DA:39,388
DA:40,3
DA:42,388
DA:44,388
DA:70,103
DA:72,206
LF:15
LH:15
BRDA:1,0,0,206
BRDA:1,0,1,103
BRDA:1,1,0,103
BRF:3
BRH:3
end_of_record
TN:
SF:src/components/TransactionNavTabs.tsx
FN:1,(anonymous_0)
FN:5,TransactionNavTabs
FN:19,(anonymous_2)
FN:5,(anonymous_3)
FNF:4
FNH:4
FNDA:103,(anonymous_0)
FNDA:305,TransactionNavTabs
FNDA:33,(anonymous_2)
FNDA:86,(anonymous_3)
DA:1,927
DA:5,305
DA:6,305
DA:9,305
DA:17,305
DA:19,305
DA:20,33
DA:23,305
DA:37,103
LF:9
LH:9
BRDA:1,0,0,206
BRDA:1,0,1,103
BRDA:1,1,0,103
BRF:3
BRH:3
end_of_record
TN:
SF:src/components/TransactionPersonalList.tsx
FN:1,(anonymous_0)
FN:18,(anonymous_1)
FN:32,(anonymous_2)
FN:36,(anonymous_3)
FN:18,(anonymous_4)
FNF:5
FNH:5
FNDA:103,(anonymous_0)
FNDA:74,(anonymous_1)
FNDA:23,(anonymous_2)
FNDA:1,(anonymous_3)
FNDA:21,(anonymous_4)
DA:1,824
DA:18,103
DA:22,74
DA:23,103
DA:24,74
DA:27,74
DA:29,74
DA:32,74
DA:33,23
DA:36,74
DA:37,1
DA:39,74
DA:52,103
DA:54,103
LF:14
LH:14
BRDA:1,0,0,103
BRDA:1,0,1,0
BRDA:1,1,0,103
BRDA:1,2,0,103
BRDA:1,2,1,103
BRDA:27,3,0,74
BRF:6
BRH:5
end_of_record
TN:
SF:src/components/TransactionPublicList.tsx
FN:1,(anonymous_0)
FN:18,(anonymous_1)
FN:32,(anonymous_2)
FN:36,(anonymous_3)
FN:18,(anonymous_4)
FNF:5
FNH:5
FNDA:103,(anonymous_0)
FNDA:443,(anonymous_1)
FNDA:90,(anonymous_2)
FNDA:1,(anonymous_3)
FNDA:86,(anonymous_4)
DA:1,824
DA:18,103
DA:22,443
DA:23,443
DA:24,443
DA:27,443
DA:29,443
DA:32,443
DA:33,90
DA:36,443
DA:37,1
DA:39,443
DA:52,103
DA:54,103
LF:14
LH:14
BRDA:1,0,0,103
BRDA:1,0,1,0
BRDA:1,1,0,103
BRDA:1,2,0,103
BRDA:1,2,1,103
BRDA:27,3,0,443
BRF:6
BRH:5
end_of_record
TN:
SF:src/components/TransactionTitle.tsx
FN:1,(anonymous_0)
FN:15,(anonymous_1)
FN:41,(anonymous_2)
FNF:3
FNH:3
FNDA:206,(anonymous_0)
FNDA:2188,(anonymous_1)
FNDA:2188,(anonymous_2)
DA:1,927
DA:7,103
DA:9,103
DA:15,2188
DA:37,103
DA:41,103
DA:42,2188
DA:74,103
DA:76,206
LF:9
LH:9
BRDA:1,0,0,206
BRDA:1,0,1,103
BRDA:1,1,0,103
BRDA:58,2,0,673
BRDA:58,2,1,1515
BRDA:59,3,0,167
BRDA:59,3,1,506
BRF:7
BRH:7
end_of_record
TN:
SF:src/components/UserListItem.tsx
FN:1,(anonymous_0)
FN:12,(anonymous_1)
FN:14,(anonymous_2)
FNF:3
FNH:3
FNDA:103,(anonymous_0)
FNDA:88,(anonymous_1)
FNDA:3,(anonymous_2)
DA:1,824
DA:12,103
DA:13,88
DA:14,3
DA:54,103
DA:56,103
LF:6
LH:6
BRDA:1,0,0,206
BRDA:1,0,1,103
BRDA:1,1,0,103
BRF:3
BRH:3
end_of_record
TN:
SF:src/components/UserListSearchForm.tsx
FN:1,(anonymous_0)
FN:12,(anonymous_1)
FN:30,(anonymous_2)
FN:46,(anonymous_3)
FN:52,(anonymous_4)
FNF:5
FNH:5
FNDA:206,(anonymous_0)
FNDA:59,(anonymous_1)
FNDA:59,(anonymous_2)
FNDA:6,(anonymous_3)
FNDA:65,(anonymous_4)
DA:1,1030
DA:5,103
DA:7,103
DA:12,103
DA:24,103
DA:30,103
DA:31,59
DA:33,59
DA:47,6
DA:48,6
DA:49,6
DA:53,65
DA:59,103
DA:61,206
LF:14
LH:14
BRDA:1,0,0,206
BRDA:1,0,1,103
BRDA:1,1,0,103
BRDA:47,2,0,6
BRF:4
BRH:4
end_of_record
TN:
SF:src/components/UserSettingsForm.tsx
FN:1,(anonymous_0)
FN:15,(anonymous_1)
FN:24,(anonymous_2)
FN:49,(anonymous_3)
FN:62,(anonymous_4)
FN:68,(anonymous_5)
FN:72,(anonymous_6)
FN:89,(anonymous_7)
FN:106,(anonymous_8)
FN:123,(anonymous_9)
FNF:10
FNH:10
FNDA:412,(anonymous_0)
FNDA:8,(anonymous_1)
FNDA:206,(anonymous_2)
FNDA:8,(anonymous_3)
FNDA:1,(anonymous_4)
FNDA:206,(anonymous_5)
FNDA:206,(anonymous_6)
FNDA:206,(anonymous_7)
FNDA:206,(anonymous_8)
FNDA:206,(anonymous_9)
DA:1,1133
DA:8,103
DA:10,103
DA:15,103
DA:22,103
DA:24,206
DA:27,103
DA:30,103
DA:32,103
DA:34,103
DA:49,103
DA:50,8
DA:58,8
DA:63,1
DA:64,1
DA:65,1
DA:69,206
DA:73,206
DA:90,206
DA:107,206
DA:124,206
DA:165,103
DA:167,412
LF:23
LH:23
BRDA:1,0,0,206
BRDA:1,0,1,103
BRDA:1,1,0,103
BRDA:82,2,0,206
BRDA:82,2,1,43
BRDA:82,2,2,201
BRDA:83,3,0,201
BRDA:83,3,1,5
BRDA:83,4,0,206
BRDA:83,4,1,43
BRDA:99,5,0,206
BRDA:99,5,1,83
BRDA:99,5,2,159
BRDA:100,6,0,159
BRDA:100,6,1,47
BRDA:100,7,0,206
BRDA:100,7,1,83
BRDA:116,8,0,206
BRDA:116,8,1,127
BRDA:116,8,2,119
BRDA:117,9,0,119
BRDA:117,9,1,87
BRDA:117,10,0,206
BRDA:117,10,1,127
BRDA:133,11,0,206
BRDA:133,11,1,179
BRDA:133,11,2,57
BRDA:134,12,0,57
BRDA:134,12,1,149
BRDA:134,13,0,206
BRDA:134,13,1,179
BRDA:154,14,0,206
BRDA:154,14,1,95
BRF:33
BRH:33
end_of_record
TN:
SF:src/components/UsersList.tsx
FN:1,(anonymous_0)
FN:12,(anonymous_1)
FN:16,(anonymous_2)
FNF:3
FNH:3
FNDA:103,(anonymous_0)
FNDA:59,(anonymous_1)
FNDA:88,(anonymous_2)
DA:1,824
DA:12,103
DA:13,59
DA:17,88
DA:21,103
DA:23,103
LF:6
LH:6
BRDA:1,0,0,206
BRDA:1,0,1,103
BRDA:1,1,0,103
BRDA:15,2,0,59
BRDA:15,2,1,59
BRF:5
BRH:5
end_of_record
TN:
SF:src/containers/App.tsx
FN:1,(anonymous_0)
FN:22,(anonymous_1)
FN:35,(anonymous_2)
FN:35,(anonymous_3)
FNF:4
FNH:4
FNDA:206,(anonymous_0)
FNDA:649,(anonymous_1)
FNDA:752,(anonymous_2)
FNDA:103,(anonymous_3)
DA:1,1030
DA:16,103
DA:18,103
DA:22,649
DA:28,103
DA:29,103
DA:32,103
DA:35,752
DA:36,752
DA:37,649
DA:39,649
DA:41,649
DA:44,649
DA:48,649
DA:81,103
DA:83,206
LF:16
LH:16
BRDA:1,0,0,206
BRDA:1,0,1,103
BRDA:1,1,0,103
BRDA:29,2,0,103
BRDA:44,3,0,649
BRDA:44,3,1,223
BRDA:44,3,2,216
BRDA:52,4,0,649
BRDA:52,4,1,434
BRDA:61,5,0,649
BRDA:61,5,1,35
BRF:11
BRH:11
end_of_record
TN:
SF:src/containers/BankAccountsContainer.tsx
FN:1,(anonymous_0)
FN:35,(anonymous_1)
FN:44,(anonymous_2)
FN:52,(anonymous_3)
FN:56,(anonymous_4)
FN:60,(anonymous_5)
FN:44,(anonymous_6)
FNF:7
FNH:7
FNDA:206,(anonymous_0)
FNDA:24,(anonymous_1)
FNDA:24,(anonymous_2)
FNDA:1,(anonymous_3)
FNDA:1,(anonymous_4)
FNDA:4,(anonymous_5)
FNDA:4,(anonymous_6)
DA:1,1030
DA:29,103
DA:31,103
DA:35,103
DA:42,103
DA:44,103
DA:45,24
DA:47,24
DA:48,103
DA:50,24
DA:52,24
DA:53,1
DA:56,24
DA:57,1
DA:60,24
DA:61,4
DA:64,24
DA:65,4
DA:75,20
DA:102,103
DA:103,206
LF:21
LH:21
BRDA:1,0,0,206
BRDA:1,0,1,103
BRDA:1,1,0,103
BRDA:64,2,0,4
BRDA:64,3,0,24
BRDA:64,3,1,4
BRF:6
BRH:6
end_of_record
TN:
SF:src/containers/NotificationsContainer.tsx
FN:1,(anonymous_0)
FN:23,(anonymous_1)
FN:44,(anonymous_2)
FN:48,(anonymous_3)
FN:52,(anonymous_4)
FN:44,(anonymous_5)
FNF:6
FNH:5
FNDA:206,(anonymous_0)
FNDA:24,(anonymous_1)
FNDA:24,(anonymous_2)
FNDA:8,(anonymous_3)
FNDA:0,(anonymous_4)
FNDA:8,(anonymous_5)
DA:1,1030
DA:17,103
DA:19,103
DA:23,103
DA:31,103
DA:44,103
DA:45,24
DA:46,103
DA:48,24
DA:49,8
DA:52,24
DA:53,0
DA:55,24
DA:66,103
DA:68,206
LF:15
LH:14
BRDA:1,0,0,206
BRDA:1,0,1,103
BRDA:1,1,0,103
BRF:3
BRH:3
end_of_record
TN:
SF:src/containers/PrivateRoutesContainer.tsx
FN:1,(anonymous_0)
FN:50,(anonymous_1)
FN:59,(anonymous_2)
FN:50,(anonymous_3)
FNF:4
FNH:4
FNDA:103,(anonymous_0)
FNDA:434,(anonymous_1)
FNDA:98,(anonymous_2)
FNDA:98,(anonymous_3)
DA:1,927
DA:50,103
DA:56,434
DA:57,434
DA:59,434
DA:60,98
DA:63,434
DA:97,103
DA:99,103
LF:9
LH:9
BRDA:1,0,0,206
BRDA:1,0,1,103
BRDA:1,1,0,103
BRF:3
BRH:3
end_of_record
TN:
SF:src/containers/TransactionCreateContainer.tsx
FN:1,(anonymous_0)
FN:32,(anonymous_1)
FN:45,(anonymous_2)
FN:50,(anonymous_3)
FN:54,(anonymous_4)
FN:57,(anonymous_5)
FN:59,(anonymous_6)
FN:32,(anonymous_7)
FNF:8
FNH:8
FNDA:103,(anonymous_0)
FNDA:78,(anonymous_1)
FNDA:12,(anonymous_2)
FNDA:3,(anonymous_3)
FNDA:2,(anonymous_4)
FNDA:11,(anonymous_5)
FNDA:2,(anonymous_6)
FNDA:12,(anonymous_7)
DA:1,927
DA:32,103
DA:33,78
DA:34,78
DA:37,78
DA:41,78
DA:43,103
DA:45,78
DA:46,12
DA:49,78
DA:50,78
DA:52,3
DA:54,78
DA:55,2
DA:57,78
DA:59,78
DA:62,78
DA:63,3
DA:64,75
DA:65,16
DA:67,59
DA:70,78
DA:103,103
DA:105,103
LF:24
LH:24
BRDA:1,0,0,206
BRDA:1,0,1,103
BRDA:1,1,0,103
BRDA:62,2,0,3
BRDA:62,2,1,75
BRDA:64,3,0,16
BRDA:64,3,1,59
BRDA:83,4,0,78
BRDA:83,4,1,59
BRDA:90,5,0,78
BRDA:90,5,1,78
BRDA:90,5,2,3
BRDA:98,6,0,78
BRDA:98,6,1,16
BRF:14
BRH:14
end_of_record
TN:
SF:src/containers/TransactionDetailContainer.tsx
FN:1,(anonymous_0)
FN:18,(anonymous_1)
FN:22,(anonymous_2)
FN:26,(anonymous_3)
FN:29,(anonymous_4)
FN:32,(anonymous_5)
FN:18,(anonymous_6)
FNF:7
FNH:7
FNDA:103,(anonymous_0)
FNDA:84,(anonymous_1)
FNDA:13,(anonymous_2)
FNDA:2,(anonymous_3)
FNDA:4,(anonymous_4)
FNDA:3,(anonymous_5)
FNDA:13,(anonymous_6)
DA:1,927
DA:18,103
DA:19,84
DA:20,84
DA:21,103
DA:22,84
DA:23,13
DA:26,84
DA:27,2
DA:29,84
DA:30,4
DA:32,84
DA:34,84
DA:35,84
DA:37,84
DA:56,103
DA:58,103
LF:17
LH:17
BRDA:1,0,0,206
BRDA:1,0,1,103
BRDA:1,1,0,103
BRDA:39,2,0,84
BRDA:39,2,1,13
BRDA:45,3,0,84
BRDA:45,3,1,84
BRDA:45,3,2,38
BRF:8
BRH:8
end_of_record
TN:
SF:src/containers/TransactionsContainer.tsx
FN:1,(anonymous_0)
FN:12,(anonymous_1)
FN:12,(anonymous_2)
FNF:3
FNH:3
FNDA:103,(anonymous_0)
FNDA:355,(anonymous_1)
FNDA:86,(anonymous_2)
DA:1,927
DA:12,355
DA:13,355
DA:15,355
DA:16,355
DA:20,355
DA:21,355
DA:24,355
DA:31,355
DA:56,103
DA:58,103
LF:11
LH:11
BRDA:1,0,0,206
BRDA:1,0,1,103
BRDA:1,1,0,103
BRDA:20,2,0,355
BRDA:20,2,1,3
BRDA:21,3,0,355
BRDA:21,3,1,3
BRF:7
BRH:7
end_of_record
TN:
SF:src/containers/UserOnboardingContainer.tsx
FN:1,(anonymous_0)
FN:42,(anonymous_1)
FN:51,(anonymous_2)
FN:65,(anonymous_3)
FN:67,(anonymous_4)
FN:128,(anonymous_5)
FN:42,(anonymous_6)
FNF:7
FNH:7
FNDA:103,(anonymous_0)
FNDA:436,(anonymous_1)
FNDA:98,(anonymous_2)
FNDA:3,(anonymous_3)
FNDA:1,(anonymous_4)
FNDA:2,(anonymous_5)
FNDA:98,(anonymous_6)
DA:1,927
DA:42,436
DA:43,436
DA:44,436
DA:45,436
DA:46,436
DA:47,436
DA:49,436
DA:51,436
DA:52,98
DA:56,436
DA:60,436
DA:65,436
DA:67,436
DA:68,1
DA:69,1
DA:72,436
DA:128,2
DA:137,103
DA:139,103
LF:20
LH:20
BRDA:1,0,0,206
BRDA:1,0,1,103
BRDA:1,1,0,103
BRDA:56,2,0,436
BRDA:56,2,1,4
BRDA:60,3,0,436
BRDA:60,3,1,1
BRDA:60,3,2,436
BRDA:60,3,3,3
BRDA:60,3,4,433
BRDA:60,3,5,432
BRDA:60,3,6,429
BRDA:75,4,0,436
BRDA:75,4,1,431
BRDA:76,5,0,436
BRDA:76,5,1,1
BRDA:77,6,0,436
BRDA:77,6,1,3
BRDA:81,7,0,436
BRDA:81,7,1,431
BRDA:93,8,0,436
BRDA:93,8,1,1
BRDA:100,9,0,436
BRDA:100,9,1,3
BRDA:127,10,0,436
BRDA:127,10,1,435
BRDA:129,11,0,3
BRDA:129,11,1,432
BRF:28
BRH:28
end_of_record
TN:
SF:src/containers/UserSettingsContainer.tsx
FN:1,(anonymous_0)
FN:16,(anonymous_1)
FN:29,(anonymous_2)
FN:33,(anonymous_3)
FN:29,(anonymous_4)
FNF:5
FNH:5
FNDA:206,(anonymous_0)
FNDA:8,(anonymous_1)
FNDA:8,(anonymous_2)
FNDA:1,(anonymous_3)
FNDA:3,(anonymous_4)
DA:1,1030
DA:10,103
DA:12,103
DA:16,103
DA:23,103
DA:29,103
DA:30,103
DA:32,8
DA:33,8
DA:35,8
DA:56,103
DA:57,206
LF:12
LH:12
BRDA:1,0,0,206
BRDA:1,0,1,103
BRDA:1,1,0,103
BRDA:51,2,0,8
BRDA:51,2,1,8
BRF:5
BRH:5
end_of_record
TN:
SF:src/machines/authMachine.ts
FN:150,(anonymous_0)
FN:156,(anonymous_1)
FN:159,(anonymous_2)
FN:163,(anonymous_3)
FN:182,(anonymous_4)
FN:215,(anonymous_5)
FN:223,(anonymous_6)
FN:241,(anonymous_7)
FN:247,(anonymous_8)
FN:250,(anonymous_9)
FN:253,(anonymous_10)
FN:257,(anonymous_11)
FN:276,(anonymous_12)
FNF:13
FNH:13
FNDA:1,(anonymous_0)
FNDA:87,(anonymous_1)
FNDA:85,(anonymous_2)
FNDA:2,(anonymous_3)
FNDA:7,(anonymous_4)
FNDA:1,(anonymous_5)
FNDA:12,(anonymous_6)
FNDA:103,(anonymous_7)
FNDA:95,(anonymous_8)
FNDA:5,(anonymous_9)
FNDA:86,(anonymous_10)
FNDA:14,(anonymous_11)
FNDA:316,(anonymous_12)
DA:40,103
DA:151,1
DA:152,1
DA:153,1
DA:154,1
DA:157,87
DA:160,85
DA:161,85
DA:164,2
DA:183,7
DA:184,7
DA:216,1
DA:217,1
DA:221,1
DA:224,12
DA:225,12
DA:242,103
DA:244,0
DA:247,95
DA:250,5
DA:253,86
DA:257,14
DA:265,103
DA:268,103
DA:269,23
DA:272,23
DA:275,103
DA:277,316
DA:278,293
LF:29
LH:28
BRDA:242,0,0,0
BRDA:268,1,0,23
BRDA:277,2,0,293
BRF:3
BRH:2
end_of_record
TN:
SF:src/machines/bankAccountsMachine.ts
FN:50,(anonymous_0)
FN:58,(anonymous_1)
FN:67,(anonymous_2)
FNF:3
FNH:3
FNDA:102,(anonymous_0)
FNDA:1,(anonymous_1)
FNDA:2,(anonymous_2)
DA:7,103
DA:23,103
DA:29,103
DA:48,103
DA:51,102
DA:56,101
DA:59,1
DA:60,1
DA:65,1
DA:68,2
DA:69,2
DA:74,2
LF:12
LH:12
BRF:0
BRH:0
end_of_record
TN:
SF:src/machines/contactsTransactionsMachine.ts
FN:8,(anonymous_0)
FNF:1
FNH:1
FNDA:16,(anonymous_0)
DA:6,103
DA:9,16
DA:10,16
DA:13,16
LF:4
LH:4
BRDA:11,0,0,4
BRDA:11,0,1,12
BRF:2
BRH:2
end_of_record
TN:
SF:src/machines/createTransactionMachine.ts
FN:19,(anonymous_0)
FN:75,(anonymous_1)
FN:79,(anonymous_2)
FN:82,(anonymous_3)
FNF:4
FNH:4
FNDA:6,(anonymous_0)
FNDA:7,(anonymous_1)
FNDA:6,(anonymous_2)
FNDA:49,(anonymous_3)
DA:17,103
DA:20,6
DA:21,6
DA:22,6
DA:23,6
DA:39,103
DA:75,7
DA:79,6
DA:82,49
LF:9
LH:9
BRF:0
BRH:0
end_of_record
TN:
SF:src/machines/dataMachine.ts
FN:38,(anonymous_0)
FN:114,(anonymous_1)
FN:120,(anonymous_2)
FN:124,(anonymous_3)
FN:129,(anonymous_4)
FNF:5
FNH:4
FNDA:824,(anonymous_0)
FNDA:382,(anonymous_1)
FNDA:382,(anonymous_2)
FNDA:0,(anonymous_3)
FNDA:382,(anonymous_4)
DA:38,103
DA:39,824
DA:114,382
DA:120,382
DA:124,0
DA:129,382
LF:6
LH:5
BRDA:116,0,0,6
BRDA:116,0,1,376
BRDA:116,1,0,382
BRDA:116,1,1,382
BRDA:116,1,2,231
BRDA:129,2,0,382
BRDA:129,2,1,380
BRF:7
BRH:7
end_of_record
TN:
SF:src/machines/drawerMachine.ts
FN:40,(anonymous_0)
FNF:1
FNH:1
FNDA:1,(anonymous_0)
DA:3,103
DA:41,1
LF:2
LH:2
BRF:0
BRH:0
end_of_record
TN:
SF:src/machines/notificationsMachine.ts
FN:8,(anonymous_0)
FN:15,(anonymous_1)
FNF:2
FNH:1
FNDA:106,(anonymous_0)
FNDA:0,(anonymous_1)
DA:6,103
DA:9,106
DA:10,106
DA:13,106
DA:16,0
DA:17,0
DA:21,0
LF:7
LH:4
BRDA:11,0,0,0
BRDA:11,0,1,106
BRDA:11,1,0,106
BRDA:11,1,1,0
BRF:4
BRH:2
end_of_record
TN:
SF:src/machines/personalTransactionsMachine.ts
FN:8,(anonymous_0)
FNF:1
FNH:1
FNDA:25,(anonymous_0)
DA:6,103
DA:9,25
DA:10,25
DA:13,25
LF:4
LH:4
BRDA:11,0,0,4
BRDA:11,0,1,21
BRF:2
BRH:2
end_of_record
TN:
SF:src/machines/publicTransactionsMachine.ts
FN:8,(anonymous_0)
FNF:1
FNH:1
FNDA:92,(anonymous_0)
DA:6,103
DA:9,92
DA:10,92
DA:13,91
LF:4
LH:4
BRDA:11,0,0,4
BRDA:11,0,1,88
BRF:2
BRH:2
end_of_record
TN:
SF:src/machines/snackbarMachine.ts
FN:11,(anonymous_0)
FN:47,(anonymous_1)
FN:51,(anonymous_2)
FNF:3
FNH:3
FNDA:103,(anonymous_0)
FNDA:2,(anonymous_1)
FNDA:722,(anonymous_2)
DA:11,103
DA:12,103
DA:13,103
DA:14,103
DA:15,103
DA:22,103
DA:47,2
DA:51,722
LF:8
LH:8
BRDA:11,0,0,103
BRDA:11,0,1,103
BRF:2
BRH:2
end_of_record
TN:
SF:src/machines/transactionDetailMachine.ts
FN:8,(anonymous_0)
FN:18,(anonymous_1)
FN:27,(anonymous_2)
FNF:3
FNH:3
FNDA:22,(anonymous_0)
FNDA:6,(anonymous_1)
FNDA:3,(anonymous_2)
DA:6,103
DA:9,22
DA:10,22
DA:11,22
DA:12,22
DA:16,22
DA:19,6
DA:20,6
DA:21,6
DA:25,6
DA:28,3
DA:29,3
DA:30,3
DA:31,3
DA:35,3
LF:15
LH:15
BRDA:10,0,0,22
BRDA:10,0,1,9
BRDA:11,1,0,22
BRDA:11,1,1,13
BRDA:19,2,0,2
BRDA:19,2,1,4
BRDA:29,3,0,3
BRDA:29,3,1,3
BRDA:30,4,0,3
BRDA:30,4,1,0
BRF:10
BRH:9
end_of_record
TN:
SF:src/machines/transactionFiltersMachine.ts
FN:86,(anonymous_0)
FN:90,(anonymous_1)
FN:94,(anonymous_2)
FN:98,(anonymous_3)
FNF:4
FNH:4
FNDA:3,(anonymous_0)
FNDA:352,(anonymous_1)
FNDA:3,(anonymous_2)
FNDA:352,(anonymous_3)
DA:41,103
DA:86,3
DA:90,352
DA:94,3
DA:98,352
LF:5
LH:5
BRF:0
BRH:0
end_of_record
TN:
SF:src/machines/userOnboardingMachine.ts
FNF:0
FNH:0
DA:17,103
LF:1
LH:1
BRF:0
BRH:0
end_of_record
TN:
SF:src/machines/usersMachine.ts
FN:8,(anonymous_0)
FNF:1
FNH:1
FNDA:23,(anonymous_0)
DA:6,103
DA:9,23
DA:10,23
DA:11,23
DA:14,23
LF:5
LH:5
BRDA:10,0,0,12
BRDA:10,0,1,11
BRDA:12,1,0,11
BRDA:12,1,1,12
BRF:4
BRH:4
end_of_record
TN:
SF:src/models/banktransfer.ts
FN:1,(anonymous_0)
FNF:1
FNH:1
FNDA:103,(anonymous_0)
DA:1,103
DA:2,103
DA:3,103
LF:3
LH:3
BRDA:1,0,0,103
BRDA:1,0,1,103
BRF:2
BRH:2
end_of_record
TN:
SF:src/models/notification.ts
FN:1,(anonymous_0)
FN:7,(anonymous_1)
FNF:2
FNH:2
FNDA:103,(anonymous_0)
FNDA:103,(anonymous_1)
DA:1,103
DA:2,103
DA:3,103
DA:4,103
DA:7,103
DA:8,103
DA:9,103
DA:10,103
LF:8
LH:8
BRDA:1,0,0,103
BRDA:1,0,1,103
BRDA:7,1,0,103
BRDA:7,1,1,103
BRF:4
BRH:4
end_of_record
TN:
SF:src/models/transaction.ts
FN:4,(anonymous_0)
FN:10,(anonymous_1)
FNF:2
FNH:2
FNDA:103,(anonymous_0)
FNDA:103,(anonymous_1)
DA:4,103
DA:5,103
DA:6,103
DA:7,103
DA:10,103
DA:11,103
DA:12,103
DA:13,103
LF:8
LH:8
BRDA:4,0,0,103
BRDA:4,0,1,103
BRDA:10,1,0,103
BRDA:10,1,1,103
BRF:4
BRH:4
end_of_record
TN:
SF:src/models/user.ts
FN:1,(anonymous_0)
FNF:1
FNH:1
FNDA:103,(anonymous_0)
DA:1,103
DA:2,103
DA:3,103
DA:4,103
LF:4
LH:4
BRDA:1,0,0,103
BRDA:1,0,1,103
BRF:2
BRH:2
end_of_record
TN:
SF:src/utils/asyncUtils.ts
FN:7,(anonymous_0)
FNF:1
FNH:1
FNDA:512,(anonymous_0)
DA:3,103
DA:7,103
DA:9,512
DA:15,0
DA:17,0
DA:19,512
LF:6
LH:4
BRDA:9,0,0,0
BRDA:10,1,0,512
BRDA:10,1,1,512
BRDA:10,1,2,512
BRDA:10,1,3,512
BRF:5
BRH:4
end_of_record
TN:
SF:src/utils/historyUtils.ts
FNF:0
FNH:0
DA:3,103
LF:1
LH:1
BRF:0
BRH:0
end_of_record
TN:
SF:src/utils/portUtils.ts
FN:7,(anonymous_0)
FN:9,(anonymous_1)
FN:22,(anonymous_2)
FNF:3
FNH:0
FNDA:0,(anonymous_0)
FNDA:0,(anonymous_1)
FNDA:0,(anonymous_2)
DA:4,103
DA:5,103
DA:7,103
DA:8,0
DA:10,0
DA:11,0
DA:12,0
DA:15,0
DA:20,0
DA:23,0
LF:10
LH:3
BRDA:10,0,0,0
BRF:1
BRH:0
end_of_record
TN:
SF:src/utils/transactionUtils.ts
FN:33,(anonymous_0)
FN:37,(anonymous_1)
FN:41,(anonymous_2)
FN:45,(anonymous_3)
FN:51,(anonymous_4)
FN:55,(anonymous_5)
FN:58,(anonymous_6)
FN:60,(anonymous_7)
FN:66,(anonymous_8)
FN:70,(anonymous_9)
FN:73,(anonymous_10)
FN:77,(anonymous_11)
FN:80,(anonymous_12)
FN:84,(anonymous_13)
FN:87,(anonymous_14)
FN:90,(anonymous_15)
FN:94,(anonymous_16)
FN:98,(anonymous_17)
FN:102,(anonymous_18)
FN:106,(anonymous_19)
FN:110,(anonymous_20)
FN:115,(anonymous_21)
FN:119,(anonymous_22)
FN:122,(anonymous_23)
FN:125,(anonymous_24)
FN:128,(anonymous_25)
FN:132,(anonymous_26)
FN:135,(anonymous_27)
FN:139,(anonymous_28)
FN:143,(anonymous_29)
FN:147,(anonymous_30)
FN:151,(anonymous_31)
FN:154,(anonymous_32)
FN:158,(anonymous_33)
FN:161,(anonymous_34)
FN:165,(anonymous_35)
FN:170,(anonymous_36)
FN:174,(anonymous_37)
FN:188,(anonymous_38)
FN:192,(anonymous_39)
FNF:40
FNH:20
FNDA:6564,(anonymous_0)
FNDA:24,(anonymous_1)
FNDA:673,(anonymous_2)
FNDA:0,(anonymous_3)
FNDA:0,(anonymous_4)
FNDA:2657,(anonymous_5)
FNDA:824,(anonymous_6)
FNDA:0,(anonymous_7)
FNDA:0,(anonymous_8)
FNDA:0,(anonymous_9)
FNDA:0,(anonymous_10)
FNDA:0,(anonymous_11)
FNDA:0,(anonymous_12)
FNDA:38,(anonymous_13)
FNDA:0,(anonymous_14)
FNDA:189,(anonymous_15)
FNDA:189,(anonymous_16)
FNDA:189,(anonymous_17)
FNDA:132,(anonymous_18)
FNDA:66,(anonymous_19)
FNDA:38,(anonymous_20)
FNDA:8,(anonymous_21)
FNDA:3,(anonymous_22)
FNDA:3,(anonymous_23)
FNDA:0,(anonymous_24)
FNDA:0,(anonymous_25)
FNDA:3,(anonymous_26)
FNDA:0,(anonymous_27)
FNDA:0,(anonymous_28)
FNDA:0,(anonymous_29)
FNDA:0,(anonymous_30)
FNDA:0,(anonymous_31)
FNDA:0,(anonymous_32)
FNDA:848,(anonymous_33)
FNDA:18,(anonymous_34)
FNDA:18,(anonymous_35)
FNDA:403,(anonymous_36)
FNDA:0,(anonymous_37)
FNDA:0,(anonymous_38)
FNDA:0,(anonymous_39)
DA:33,103
DA:34,6564
DA:37,103
DA:38,24
DA:41,103
DA:42,673
DA:45,103
DA:46,0
DA:48,103
DA:51,103
DA:52,0
DA:55,2657
DA:58,824
DA:60,103
DA:61,0
DA:66,103
DA:67,0
DA:70,103
DA:71,0
DA:73,103
DA:74,0
DA:77,103
DA:78,0
DA:80,103
DA:81,0
DA:84,103
DA:85,38
DA:87,103
DA:88,0
DA:90,103
DA:92,189
DA:94,103
DA:96,189
DA:98,103
DA:99,189
DA:102,103
DA:103,132
DA:106,103
DA:107,66
DA:110,103
DA:114,38
DA:115,8
DA:119,103
DA:120,3
DA:122,103
DA:123,3
DA:125,103
DA:126,0
DA:128,103
DA:130,0
DA:132,103
DA:133,3
DA:135,103
DA:136,0
DA:139,103
DA:141,0
DA:143,103
DA:144,0
DA:147,103
DA:148,0
DA:151,103
DA:152,0
DA:154,103
DA:155,0
DA:158,848
DA:161,103
DA:162,18
DA:165,103
DA:167,18
DA:170,103
DA:172,403
DA:174,103
DA:175,0
DA:176,0
DA:178,0
DA:188,103
DA:192,103
LF:77
LH:57
BRDA:51,0,0,0
BRDA:51,1,0,0
BRDA:120,2,0,3
BRDA:120,2,1,3
BRDA:130,3,0,0
BRDA:130,3,1,0
BRDA:141,4,0,0
BRDA:141,4,1,0
BRDA:148,5,0,0
BRDA:148,5,1,0
BRDA:148,6,0,0
BRDA:148,6,1,0
BRDA:152,7,0,0
BRDA:152,7,1,0
BRDA:152,8,0,0
BRDA:152,8,1,0
BRF:16
BRH:2
end_of_record
